This is pdfTeX, Version 3.14159265-2.6-1.40.17 (TeX Live 2016/W32TeX) (preloaded format=pdflatex 2016.6.23)  9 DEC 2016 18:21
entering extended mode
 restricted \write18 enabled.
 %&-line parsing enabled.
**./main_fabio.tex
(./main_fabio.tex
LaTeX2e <2016/03/31>
Babel <3.9r> and hyphenation patterns for 83 language(s) loaded.
(./Thesis.cls
Document Class: Thesis 2007/22/02 v1.0 LaTeX document class
(c:/texlive/2016/texmf-dist/tex/latex/base/book.cls
Document Class: book 2014/09/29 v1.4h Standard LaTeX document class
(c:/texlive/2016/texmf-dist/tex/latex/base/bk11.clo
File: bk11.clo 2014/09/29 v1.4h Standard LaTeX file (size option)
)
\c@part=\count79
\c@chapter=\count80
\c@section=\count81
\c@subsection=\count82
\c@subsubsection=\count83
\c@paragraph=\count84
\c@subparagraph=\count85
\c@figure=\count86
\c@table=\count87
\abovecaptionskip=\skip41
\belowcaptionskip=\skip42
\bibindent=\dimen102
) (./setspace.sty
Package: setspace 2000/12/01 6.7 Contributed and Supported LaTeX2e package

Package: `setspace' 6.7 <2000/12/01>
) (./vmargin.sty
Package: vmargin 1999/06/01

Package `vmargin', V2.2, <1999/06/01>
\PaperWidth=\dimen103
\PaperHeight=\dimen104
) (./fancyhdr.sty
\fancy@headwidth=\skip43
\f@ncyO@elh=\skip44
\f@ncyO@erh=\skip45
\f@ncyO@olh=\skip46
\f@ncyO@orh=\skip47
\f@ncyO@elf=\skip48
\f@ncyO@erf=\skip49
\f@ncyO@olf=\skip50
\f@ncyO@orf=\skip51
) (c:/texlive/2016/texmf-dist/tex/latex/amsmath/amsmath.sty
Package: amsmath 2016/03/10 v2.15b AMS math features
\@mathmargin=\skip52

For additional information on amsmath, use the `?' option.
(c:/texlive/2016/texmf-dist/tex/latex/amsmath/amstext.sty
Package: amstext 2000/06/29 v2.01 AMS text

(c:/texlive/2016/texmf-dist/tex/latex/amsmath/amsgen.sty
File: amsgen.sty 1999/11/30 v2.0 generic functions
\@emptytoks=\toks14
\ex@=\dimen105
))
(c:/texlive/2016/texmf-dist/tex/latex/amsmath/amsbsy.sty
Package: amsbsy 1999/11/29 v1.2d Bold Symbols
\pmbraise@=\dimen106
)
(c:/texlive/2016/texmf-dist/tex/latex/amsmath/amsopn.sty
Package: amsopn 2016/03/08 v2.02 operator names
)
\inf@bad=\count88
LaTeX Info: Redefining \frac on input line 199.
\uproot@=\count89
\leftroot@=\count90
LaTeX Info: Redefining \overline on input line 297.
\classnum@=\count91
\DOTSCASE@=\count92
LaTeX Info: Redefining \ldots on input line 394.
LaTeX Info: Redefining \dots on input line 397.
LaTeX Info: Redefining \cdots on input line 518.
\Mathstrutbox@=\box26
\strutbox@=\box27
\big@size=\dimen107
LaTeX Font Info:    Redeclaring font encoding OML on input line 634.
LaTeX Font Info:    Redeclaring font encoding OMS on input line 635.
\macc@depth=\count93
\c@MaxMatrixCols=\count94
\dotsspace@=\muskip10
\c@parentequation=\count95
\dspbrk@lvl=\count96
\tag@help=\toks15
\row@=\count97
\column@=\count98
\maxfields@=\count99
\andhelp@=\toks16
\eqnshift@=\dimen108
\alignsep@=\dimen109
\tagshift@=\dimen110
\tagwidth@=\dimen111
\totwidth@=\dimen112
\lineht@=\dimen113
\@envbody=\toks17
\multlinegap=\skip53
\multlinetaggap=\skip54
\mathdisplay@stack=\toks18
LaTeX Info: Redefining \[ on input line 2739.
LaTeX Info: Redefining \] on input line 2740.
)
(c:/texlive/2016/texmf-dist/tex/latex/amsfonts/amsfonts.sty
Package: amsfonts 2013/01/14 v3.01 Basic AMSFonts support
\symAMSa=\mathgroup4
\symAMSb=\mathgroup5
LaTeX Font Info:    Overwriting math alphabet `\mathfrak' in version `bold'
(Font)                  U/euf/m/n --> U/euf/b/n on input line 106.
)
(c:/texlive/2016/texmf-dist/tex/latex/amsfonts/amssymb.sty
Package: amssymb 2013/01/14 v3.01 AMS font symbols
)
(c:/texlive/2016/texmf-dist/tex/latex/amsmath/amscd.sty
Package: amscd 1999/11/29 v2.0 AMS Commutatitive Diagrams
\athelp@=\toks19
\minaw@=\dimen114
\bigaw@=\dimen115
\minCDarrowwidth=\dimen116
)
(c:/texlive/2016/texmf-dist/tex/latex/amscls/amsthm.sty
Package: amsthm 2015/03/04 v2.20.2
\thm@style=\toks20
\thm@bodyfont=\toks21
\thm@headfont=\toks22
\thm@notefont=\toks23
\thm@headpunct=\toks24
\thm@preskip=\skip55
\thm@postskip=\skip56
\thm@headsep=\skip57
\dth@everypar=\toks25
)
(c:/texlive/2016/texmf-dist/tex/latex/tools/xspace.sty
Package: xspace 2014/10/28 v1.13 Space after command names (DPC,MH)
)
\c@example=\count100
\c@theorem=\count101
 (./caption.sty
Package: caption 2016/02/21 v3.3-144 Customizing captions (AR)

(c:/texlive/2016/texmf-dist/tex/latex/caption/caption3.sty
Package: caption3 2016/02/04 v1.7-139 caption3 kernel (AR)
Package caption3 Info: TeX engine: e-TeX on input line 67.

(c:/texlive/2016/texmf-dist/tex/latex/graphics/keyval.sty
Package: keyval 2014/10/28 v1.15 key=value parser (DPC)
\KV@toks@=\toks26
)
\captionmargin=\dimen117
\captionmargin@=\dimen118
\captionwidth=\dimen119
\caption@tempdima=\dimen120
\caption@indent=\dimen121
\caption@parindent=\dimen122
\caption@hangindent=\dimen123
)
\c@ContinuedFloat=\count102
)
(c:/texlive/2016/texmf-dist/tex/latex/graphics/graphicx.sty
Package: graphicx 2014/10/28 v1.0g Enhanced LaTeX Graphics (DPC,SPQR)

(c:/texlive/2016/texmf-dist/tex/latex/graphics/graphics.sty
Package: graphics 2016/05/09 v1.0r Standard LaTeX Graphics (DPC,SPQR)

(c:/texlive/2016/texmf-dist/tex/latex/graphics/trig.sty
Package: trig 2016/01/03 v1.10 sin cos tan (DPC)
)
(c:/texlive/2016/texmf-dist/tex/latex/graphics-cfg/graphics.cfg
File: graphics.cfg 2016/01/02 v1.10 sample graphics configuration
)
Package graphics Info: Driver file: pdftex.def on input line 96.

(c:/texlive/2016/texmf-dist/tex/latex/pdftex-def/pdftex.def
File: pdftex.def 2011/05/27 v0.06d Graphics/color for pdfTeX

(c:/texlive/2016/texmf-dist/tex/generic/oberdiek/infwarerr.sty
Package: infwarerr 2016/05/16 v1.4 Providing info/warning/error messages (HO)
)
(c:/texlive/2016/texmf-dist/tex/generic/oberdiek/ltxcmds.sty
Package: ltxcmds 2016/05/16 v1.23 LaTeX kernel commands for general use (HO)
)
\Gread@gobject=\count103
))
\Gin@req@height=\dimen124
\Gin@req@width=\dimen125
)
(c:/texlive/2016/texmf-dist/tex/latex/oberdiek/epstopdf.sty
Package: epstopdf 2016/05/15 v2.6 Conversion with epstopdf on the fly (HO)

(c:/texlive/2016/texmf-dist/tex/latex/oberdiek/epstopdf-base.sty
Package: epstopdf-base 2016/05/15 v2.6 Base part for package epstopdf

(c:/texlive/2016/texmf-dist/tex/latex/oberdiek/grfext.sty
Package: grfext 2016/05/16 v1.2 Manage graphics extensions (HO)

(c:/texlive/2016/texmf-dist/tex/generic/oberdiek/kvdefinekeys.sty
Package: kvdefinekeys 2016/05/16 v1.4 Define keys (HO)
))
(c:/texlive/2016/texmf-dist/tex/latex/oberdiek/kvoptions.sty
Package: kvoptions 2016/05/16 v3.12 Key value format for package options (HO)

(c:/texlive/2016/texmf-dist/tex/generic/oberdiek/kvsetkeys.sty
Package: kvsetkeys 2016/05/16 v1.17 Key value parser (HO)

(c:/texlive/2016/texmf-dist/tex/generic/oberdiek/etexcmds.sty
Package: etexcmds 2016/05/16 v1.6 Avoid name clashes with e-TeX commands (HO)

(c:/texlive/2016/texmf-dist/tex/generic/oberdiek/ifluatex.sty
Package: ifluatex 2016/05/16 v1.4 Provides the ifluatex switch (HO)
Package ifluatex Info: LuaTeX not detected.
)
Package etexcmds Info: Could not find \expanded.
(etexcmds)             That can mean that you are not using pdfTeX 1.50 or
(etexcmds)             that some package has redefined \expanded.
(etexcmds)             In the latter case, load this package earlier.
)))
(c:/texlive/2016/texmf-dist/tex/generic/oberdiek/pdftexcmds.sty
Package: pdftexcmds 2016/05/10 v0.21 Utility functions of pdfTeX for LuaTeX (HO
)

(c:/texlive/2016/texmf-dist/tex/generic/oberdiek/ifpdf.sty
Package: ifpdf 2016/05/14 v3.1 Provides the ifpdf switch
)
Package pdftexcmds Info: LuaTeX not detected.
Package pdftexcmds Info: \pdf@primitive is available.
Package pdftexcmds Info: \pdf@ifprimitive is available.
Package pdftexcmds Info: \pdfdraftmode found.
)
Package grfext Info: Graphics extension search list:
(grfext)             [.png,.pdf,.jpg,.mps,.jpeg,.jbig2,.jb2,.PNG,.PDF,.JPG,.JPE
G,.JBIG2,.JB2,.eps]
(grfext)             \AppendGraphicsExtensions on input line 456.

(c:/texlive/2016/texmf-dist/tex/latex/latexconfig/epstopdf-sys.cfg
File: epstopdf-sys.cfg 2010/07/13 v1.3 Configuration of (r)epstopdf for TeX Liv
e
)))
(./booktabs.sty
Package: booktabs 2005/04/14 v1.61803 publication quality tables
\heavyrulewidth=\dimen126
\lightrulewidth=\dimen127
\cmidrulewidth=\dimen128
\belowrulesep=\dimen129
\belowbottomsep=\dimen130
\aboverulesep=\dimen131
\abovetopsep=\dimen132
\cmidrulesep=\dimen133
\cmidrulekern=\dimen134
\defaultaddspace=\dimen135
\@cmidla=\count104
\@cmidlb=\count105
\@aboverulesep=\dimen136
\@belowrulesep=\dimen137
\@thisruleclass=\count106
\@lastruleclass=\count107
\@thisrulewidth=\dimen138
) (./rotating.sty
Package: rotating 1995/08/22 2.10 Rotation package

(c:/texlive/2016/texmf-dist/tex/latex/base/ifthen.sty
Package: ifthen 2014/09/29 v1.1c Standard LaTeX ifthen package (DPC)
)
\r@tfl@t=\count108
\rot@float@box=\box28
) (./listings.sty
\lst@mode=\count109
\lst@gtempboxa=\box29
\lst@token=\toks27
\lst@length=\count110
\lst@currlwidth=\dimen139
\lst@column=\count111
\lst@pos=\count112
\lst@lostspace=\dimen140
\lst@width=\dimen141
\lst@newlines=\count113
\lst@lineno=\count114
\lst@maxwidth=\dimen142

(./lstpatch.sty

***
*** This is a patch for listings 1.3, but you're using
*** version 1.6.
***
*** Patch file not loaded.
***

) (c:/texlive/2016/texmf-dist/tex/latex/listings/lstmisc.sty
File: lstmisc.sty 2015/06/04 1.6 (Carsten Heinz)
\c@lstnumber=\count115
\lst@skipnumbers=\count116
\lst@framebox=\box30
)
(c:/texlive/2016/texmf-dist/tex/latex/listings/listings.cfg
File: listings.cfg 2015/06/04 1.6 listings configuration
))
Package: listings 2015/06/04 1.6 (Carsten Heinz)
 (./lstpatch.sty

***
*** This is a patch for listings 1.3, but you're using
*** version 1.6.
***
 *** Patch file not loaded.
***

) (c:/texlive/2016/texmf-dist/tex/latex/hyperref/hyperref.sty
Package: hyperref 2016/05/05 v6.83n Hypertext links for LaTeX

(c:/texlive/2016/texmf-dist/tex/generic/oberdiek/hobsub-hyperref.sty
Package: hobsub-hyperref 2016/05/16 v1.14 Bundle oberdiek, subset hyperref (HO)


(c:/texlive/2016/texmf-dist/tex/generic/oberdiek/hobsub-generic.sty
Package: hobsub-generic 2016/05/16 v1.14 Bundle oberdiek, subset generic (HO)
Package: hobsub 2016/05/16 v1.14 Construct package bundles (HO)
Package hobsub Info: Skipping package `infwarerr' (already loaded).
Package hobsub Info: Skipping package `ltxcmds' (already loaded).
Package hobsub Info: Skipping package `ifluatex' (already loaded).
Package: ifvtex 2016/05/16 v1.6 Detect VTeX and its facilities (HO)
Package ifvtex Info: VTeX not detected.
Package: intcalc 2016/05/16 v1.2 Expandable calculations with integers (HO)
Package hobsub Info: Skipping package `ifpdf' (already loaded).
Package hobsub Info: Skipping package `etexcmds' (already loaded).
Package hobsub Info: Skipping package `kvsetkeys' (already loaded).
Package hobsub Info: Skipping package `kvdefinekeys' (already loaded).
Package hobsub Info: Skipping package `pdftexcmds' (already loaded).
Package: pdfescape 2016/05/16 v1.14 Implements pdfTeX's escape features (HO)
Package: bigintcalc 2016/05/16 v1.4 Expandable calculations on big integers (HO
)
Package: bitset 2016/05/16 v1.2 Handle bit-vector datatype (HO)
Package: uniquecounter 2016/05/16 v1.3 Provide unlimited unique counter (HO)
)
Package hobsub Info: Skipping package `hobsub' (already loaded).
Package: letltxmacro 2016/05/16 v1.5 Let assignment for LaTeX macros (HO)
Package: hopatch 2016/05/16 v1.3 Wrapper for package hooks (HO)
Package: xcolor-patch 2016/05/16 xcolor patch
Package: atveryend 2016/05/16 v1.9 Hooks at the very end of document (HO)
Package atveryend Info: \enddocument detected (standard20110627).
Package: atbegshi 2016/05/16 v1.17 At begin shipout hook (HO)
Package: refcount 2016/05/16 v3.5 Data extraction from label references (HO)
Package: hycolor 2016/05/16 v1.8 Color options for hyperref/bookmark (HO)
)
(c:/texlive/2016/texmf-dist/tex/generic/ifxetex/ifxetex.sty
Package: ifxetex 2010/09/12 v0.6 Provides ifxetex conditional
)
(c:/texlive/2016/texmf-dist/tex/latex/oberdiek/auxhook.sty
Package: auxhook 2016/05/16 v1.4 Hooks for auxiliary files (HO)
)
\@linkdim=\dimen143
\Hy@linkcounter=\count117
\Hy@pagecounter=\count118

(c:/texlive/2016/texmf-dist/tex/latex/hyperref/pd1enc.def
File: pd1enc.def 2016/05/05 v6.83n Hyperref: PDFDocEncoding definition (HO)
)
\Hy@SavedSpaceFactor=\count119

(c:/texlive/2016/texmf-dist/tex/latex/latexconfig/hyperref.cfg
File: hyperref.cfg 2002/06/06 v1.2 hyperref configuration of TeXLive
)
Package hyperref Info: Option `bookmarks' set `true' on input line 4322.
Package hyperref Info: Option `bookmarksopen' set `true' on input line 4322.
Package hyperref Info: Option `bookmarksnumbered' set `true' on input line 4322
.
Package hyperref Info: Option `hypertexnames' set `false' on input line 4322.
Package hyperref Info: Option `colorlinks' set `true' on input line 4322.
Package hyperref Info: Option `unicode' set `true' on input line 4322.

(c:/texlive/2016/texmf-dist/tex/latex/hyperref/puenc.def
File: puenc.def 2016/05/05 v6.83n Hyperref: PDF Unicode definition (HO)
)
Package hyperref Info: Option `breaklinks' set `true' on input line 4322.
Package hyperref Info: Hyper figures OFF on input line 4446.
Package hyperref Info: Link nesting OFF on input line 4451.
Package hyperref Info: Hyper index ON on input line 4454.
Package hyperref Info: Plain pages OFF on input line 4461.
Package hyperref Info: Backreferencing OFF on input line 4466.
Package hyperref Info: Implicit mode ON; LaTeX internals redefined.
Package hyperref Info: Bookmarks ON on input line 4691.
\c@Hy@tempcnt=\count120

(c:/texlive/2016/texmf-dist/tex/latex/url/url.sty
\Urlmuskip=\muskip11
Package: url 2013/09/16  ver 3.4  Verb mode for urls, etc.
)
LaTeX Info: Redefining \url on input line 5044.
\XeTeXLinkMargin=\dimen144
\Fld@menulength=\count121
\Field@Width=\dimen145
\Fld@charsize=\dimen146
Package hyperref Info: Hyper figures OFF on input line 6298.
Package hyperref Info: Link nesting OFF on input line 6303.
Package hyperref Info: Hyper index ON on input line 6306.
Package hyperref Info: backreferencing OFF on input line 6313.
Package hyperref Info: Link coloring ON on input line 6316.
Package hyperref Info: Link coloring with OCG OFF on input line 6323.
Package hyperref Info: PDF/A mode OFF on input line 6328.
LaTeX Info: Redefining \ref on input line 6368.
LaTeX Info: Redefining \pageref on input line 6372.
\Hy@abspage=\count122
\c@Item=\count123
\c@Hfootnote=\count124
)

Package hyperref Message: Driver (autodetected): hpdftex.

(c:/texlive/2016/texmf-dist/tex/latex/hyperref/hpdftex.def
File: hpdftex.def 2016/05/05 v6.83n Hyperref driver for pdfTeX
\Fld@listcount=\count125
\c@bookmark@seq@number=\count126

(c:/texlive/2016/texmf-dist/tex/latex/oberdiek/rerunfilecheck.sty
Package: rerunfilecheck 2016/05/16 v1.8 Rerun checks for auxiliary files (HO)
Package uniquecounter Info: New unique counter `rerunfilecheck' on input line 2
82.
)
\Hy@SectionHShift=\skip58
)
\c@dummy=\count127

(c:/texlive/2016/texmf-dist/tex/latex/tools/longtable.sty
Package: longtable 2014/10/28 v4.11 Multi-page Table package (DPC)
\LTleft=\skip59
\LTright=\skip60
\LTpre=\skip61
\LTpost=\skip62
\LTchunksize=\count128
\LTcapwidth=\dimen147
\LT@head=\box31
\LT@firsthead=\box32
\LT@foot=\box33
\LT@lastfoot=\box34
\LT@cols=\count129
\LT@rows=\count130
\c@LT@tables=\count131
\c@LT@chunks=\count132
\LT@p@ftn=\toks28
)) (./lipsum.sty
Package: lipsum 2011/04/14 v1.2 150 paragraphs of Lorem Ipsum dummy text
\c@lips@count=\count133
)
(c:/texlive/2016/texmf-dist/tex/latex/lm/lmodern.sty
Package: lmodern 2009/10/30 v1.6 Latin Modern Fonts
LaTeX Font Info:    Overwriting symbol font `operators' in version `normal'
(Font)                  OT1/cmr/m/n --> OT1/lmr/m/n on input line 22.
LaTeX Font Info:    Overwriting symbol font `letters' in version `normal'
(Font)                  OML/cmm/m/it --> OML/lmm/m/it on input line 23.
LaTeX Font Info:    Overwriting symbol font `symbols' in version `normal'
(Font)                  OMS/cmsy/m/n --> OMS/lmsy/m/n on input line 24.
LaTeX Font Info:    Overwriting symbol font `largesymbols' in version `normal'
(Font)                  OMX/cmex/m/n --> OMX/lmex/m/n on input line 25.
LaTeX Font Info:    Overwriting symbol font `operators' in version `bold'
(Font)                  OT1/cmr/bx/n --> OT1/lmr/bx/n on input line 26.
LaTeX Font Info:    Overwriting symbol font `letters' in version `bold'
(Font)                  OML/cmm/b/it --> OML/lmm/b/it on input line 27.
LaTeX Font Info:    Overwriting symbol font `symbols' in version `bold'
(Font)                  OMS/cmsy/b/n --> OMS/lmsy/b/n on input line 28.
LaTeX Font Info:    Overwriting symbol font `largesymbols' in version `bold'
(Font)                  OMX/cmex/m/n --> OMX/lmex/m/n on input line 29.
LaTeX Font Info:    Overwriting math alphabet `\mathbf' in version `normal'
(Font)                  OT1/cmr/bx/n --> OT1/lmr/bx/n on input line 31.
LaTeX Font Info:    Overwriting math alphabet `\mathsf' in version `normal'
(Font)                  OT1/cmss/m/n --> OT1/lmss/m/n on input line 32.
LaTeX Font Info:    Overwriting math alphabet `\mathit' in version `normal'
(Font)                  OT1/cmr/m/it --> OT1/lmr/m/it on input line 33.
LaTeX Font Info:    Overwriting math alphabet `\mathtt' in version `normal'
(Font)                  OT1/cmtt/m/n --> OT1/lmtt/m/n on input line 34.
LaTeX Font Info:    Overwriting math alphabet `\mathbf' in version `bold'
(Font)                  OT1/cmr/bx/n --> OT1/lmr/bx/n on input line 35.
LaTeX Font Info:    Overwriting math alphabet `\mathsf' in version `bold'
(Font)                  OT1/cmss/bx/n --> OT1/lmss/bx/n on input line 36.
LaTeX Font Info:    Overwriting math alphabet `\mathit' in version `bold'
(Font)                  OT1/cmr/bx/it --> OT1/lmr/bx/it on input line 37.
LaTeX Font Info:    Overwriting math alphabet `\mathtt' in version `bold'
(Font)                  OT1/cmtt/m/n --> OT1/lmtt/m/n on input line 38.
) (./mathdesign.sty
Package: mathdesign 2013/08/29 v2.31 Math Design Project


Package mathdesign Warning: No font specified on input line 175.

(c:/texlive/2016/texmf-dist/tex/latex/base/fontenc.sty
Package: fontenc 2005/09/27 v1.99g Standard LaTeX package

(c:/texlive/2016/texmf-dist/tex/latex/base/t1enc.def
File: t1enc.def 2005/09/27 v1.99g Standard LaTeX file
LaTeX Font Info:    Redeclaring font encoding T1 on input line 48.
)))
(c:/texlive/2016/texmf-dist/tex/latex/colortbl/colortbl.sty
Package: colortbl 2012/02/13 v1.0a Color table columns (DPC)

(c:/texlive/2016/texmf-dist/tex/latex/tools/array.sty
Package: array 2014/10/28 v2.4c Tabular extension package (FMi)
\col@sep=\dimen148
\extrarowheight=\dimen149
\NC@list=\toks29
\extratabsurround=\skip63
\backup@length=\skip64
)
(c:/texlive/2016/texmf-dist/tex/latex/graphics/color.sty
Package: color 2016/05/09 v1.1c Standard LaTeX Color (DPC)

(c:/texlive/2016/texmf-dist/tex/latex/graphics-cfg/color.cfg
File: color.cfg 2016/01/02 v1.6 sample color configuration
)
Package color Info: Driver file: pdftex.def on input line 144.
)
\everycr=\toks30
\minrowclearance=\skip65
) (./enumitem.sty
Package: enumitem 2011/09/28 v3.5.2 Customized lists
\labelindent=\skip66
\enit@outerparindent=\dimen150
\enit@toks=\toks31
\enit@inbox=\box35
\enitdp@description=\count134
) (./subfig.sty
Package: subfig 2005/06/28 ver: 1.3 subfig package
\c@KVtest=\count135
\sf@farskip=\skip67
\sf@captopadj=\dimen151
\sf@capskip=\skip68
\sf@nearskip=\skip69
\c@subfigure=\count136
\c@subfigure@save=\count137
\c@lofdepth=\count138
\c@subtable=\count139
\c@subtable@save=\count140
\c@lotdepth=\count141
\sf@top=\skip70
\sf@bottom=\skip71
) (c:/texlive/2016/texmf-dist/tex/latex/multirow/multirow.sty
\bigstrutjot=\dimen152
)
(c:/texlive/2016/texmf-dist/tex/latex/capt-of/capt-of.sty
Package: capt-of 2009/12/29 v0.2 standard captions outside of floats
)
(c:/texlive/2016/texmf-dist/tex/latex/algorithmicx/algpseudocode.sty
Package: algpseudocode 

(c:/texlive/2016/texmf-dist/tex/latex/algorithmicx/algorithmicx.sty
Package: algorithmicx 2005/04/27 v1.2 Algorithmicx

Document Style algorithmicx 1.2 - a greatly improved `algorithmic' style
\c@ALG@line=\count142
\c@ALG@rem=\count143
\c@ALG@nested=\count144
\ALG@tlm=\skip72
\ALG@thistlm=\skip73
\c@ALG@Lnr=\count145
\c@ALG@blocknr=\count146
\c@ALG@storecount=\count147
\c@ALG@tmpcounter=\count148
\ALG@tmplength=\skip74
)
Document Style - pseudocode environments for use with the `algorithmicx' style
) (c:/texlive/2016/texmf-dist/tex/latex/algorithms/algorithm.sty
Package: algorithm 2009/08/24 v0.1 Document Style `algorithm' - floating enviro
nment

(c:/texlive/2016/texmf-dist/tex/latex/float/float.sty
Package: float 2001/11/08 v1.3d Float enhancements (AL)
\c@float@type=\count149
\float@exts=\toks32
\float@box=\box36
\@float@everytoks=\toks33
\@floatcapt=\box37
)
\@float@every@algorithm=\toks34
\c@algorithm=\count150
)
(c:/texlive/2016/texmf-dist/tex/latex/graphics/epsfig.sty
Package: epsfig 1999/02/16 v1.7a (e)psfig emulation (SPQR)
\epsfxsize=\dimen153
\epsfysize=\dimen154
) (./natbib.sty
Package: natbib 1998/07/14 6.8c (PWD)
\bibhang=\skip75
\bibsep=\skip76
LaTeX Info: Redefining \cite on input line 467.
\c@NAT@ctr=\count151
)
Package hyperref Info: Option `colorlinks' set `true' on input line 116.

(c:/texlive/2016/texmf-dist/tex/latex/tools/indentfirst.sty
Package: indentfirst 1995/11/23 v1.03 Indent first paragraph (DPC)
) (./footnote.sty
Package: footnote 1997/01/28 1.13 Save footnotes around boxes
\fn@notes=\box38
\fn@width=\dimen155
)
(./main_fabio.aux

LaTeX Warning: Label `Introduction' multiply defined.


LaTeX Warning: Label `tab:exampleMGI' multiply defined.


LaTeX Warning: Label `fig:tax_net' multiply defined.


LaTeX Warning: Label `scalability' multiply defined.

)
\openout1 = `main_fabio.aux'.

LaTeX Font Info:    Checking defaults for OML/cmm/m/it on input line 125.
LaTeX Font Info:    ... okay on input line 125.
LaTeX Font Info:    Checking defaults for T1/cmr/m/n on input line 125.
LaTeX Font Info:    ... okay on input line 125.
LaTeX Font Info:    Checking defaults for OT1/cmr/m/n on input line 125.
LaTeX Font Info:    ... okay on input line 125.
LaTeX Font Info:    Checking defaults for OMS/cmsy/m/n on input line 125.
LaTeX Font Info:    ... okay on input line 125.
LaTeX Font Info:    Checking defaults for OMX/cmex/m/n on input line 125.
LaTeX Font Info:    ... okay on input line 125.
LaTeX Font Info:    Checking defaults for U/cmr/m/n on input line 125.
LaTeX Font Info:    ... okay on input line 125.
LaTeX Font Info:    Checking defaults for PD1/pdf/m/n on input line 125.
LaTeX Font Info:    ... okay on input line 125.
LaTeX Font Info:    Checking defaults for PU/pdf/m/n on input line 125.
LaTeX Font Info:    ... okay on input line 125.
LaTeX Font Info:    Try loading font information for T1+lmr on input line 125.
 (c:/texlive/2016/texmf-dist/tex/latex/lm/t1lmr.fd
File: t1lmr.fd 2009/10/30 v1.6 Font defs for Latin Modern
)
Package caption Info: Begin \AtBeginDocument code.
Package caption Info: subfig package v1.3 is loaded.
Package caption Info: float package is loaded.
Package caption Info: hyperref package is loaded.
Package caption Info: listings package is loaded.
Package caption Info: longtable package is loaded.

(c:/texlive/2016/texmf-dist/tex/latex/caption/ltcaption.sty
Package: ltcaption 2013/06/09 v1.4-94 longtable captions (AR)
)
Package caption Info: rotating package is loaded.
Package caption Info: End \AtBeginDocument code.

(c:/texlive/2016/texmf-dist/tex/context/base/mkii/supp-pdf.mkii
[Loading MPS to PDF converter (version 2006.09.02).]
\scratchcounter=\count152
\scratchdimen=\dimen156
\scratchbox=\box39
\nofMPsegments=\count153
\nofMParguments=\count154
\everyMPshowfont=\toks35
\MPscratchCnt=\count155
\MPscratchDim=\dimen157
\MPnumerator=\count156
\makeMPintoPDFobject=\count157
\everyMPtoPDFconversion=\toks36
)
\c@lstlisting=\count158
\AtBeginShipoutBox=\box40
Package hyperref Info: Link coloring ON on input line 125.
 (c:/texlive/2016/texmf-dist/tex/latex/hyperref/nameref.sty
Package: nameref 2012/10/27 v2.43 Cross-referencing by name of section

(c:/texlive/2016/texmf-dist/tex/generic/oberdiek/gettitlestring.sty
Package: gettitlestring 2016/05/16 v1.5 Cleanup title references (HO)
)
\c@section@level=\count159
)
LaTeX Info: Redefining \ref on input line 125.
LaTeX Info: Redefining \pageref on input line 125.
LaTeX Info: Redefining \nameref on input line 125.

(./main_fabio.out) (./main_fabio.out)
\@outlinefile=\write3
\openout3 = `main_fabio.out'.


<./Figures/Polito.jpg, id=289, 426.59375pt x 426.59375pt>
File: ./Figures/Polito.jpg Graphic file (type jpg)

<use ./Figures/Polito.jpg>
Package pdftex.def Info: ./Figures/Polito.jpg used on input line 166.
(pdftex.def)             Requested size: 127.97911pt x 127.97911pt.
LaTeX Font Info:    Try loading font information for OT1+lmr on input line 175.

 (c:/texlive/2016/texmf-dist/tex/latex/lm/ot1lmr.fd
File: ot1lmr.fd 2009/10/30 v1.6 Font defs for Latin Modern
)
LaTeX Font Info:    Try loading font information for OML+lmm on input line 175.


(c:/texlive/2016/texmf-dist/tex/latex/lm/omllmm.fd
File: omllmm.fd 2009/10/30 v1.6 Font defs for Latin Modern
)
LaTeX Font Info:    Try loading font information for OMS+lmsy on input line 175
.

(c:/texlive/2016/texmf-dist/tex/latex/lm/omslmsy.fd
File: omslmsy.fd 2009/10/30 v1.6 Font defs for Latin Modern
)
LaTeX Font Info:    Try loading font information for OMX+lmex on input line 175
.

(c:/texlive/2016/texmf-dist/tex/latex/lm/omxlmex.fd
File: omxlmex.fd 2009/10/30 v1.6 Font defs for Latin Modern
)
LaTeX Font Info:    External font `lmex10' loaded for size
(Font)              <12> on input line 175.
LaTeX Font Info:    External font `lmex10' loaded for size
(Font)              <8> on input line 175.
LaTeX Font Info:    External font `lmex10' loaded for size
(Font)              <6> on input line 175.
LaTeX Font Info:    Try loading font information for U+msa on input line 175.

(c:/texlive/2016/texmf-dist/tex/latex/amsfonts/umsa.fd
File: umsa.fd 2013/01/14 v3.01 AMS symbols A
)
LaTeX Font Info:    Try loading font information for U+msb on input line 175.

(c:/texlive/2016/texmf-dist/tex/latex/amsfonts/umsb.fd
File: umsb.fd 2013/01/14 v3.01 AMS symbols B
) [1



{c:/texlive/2016/texmf-var/fonts/map/pdftex/updmap/pdftex.map} <./Figures/Polit
o.jpg>]
------------------------------------------------------------------------------
 Abstract Page
------------------------------------------------------------------------------
[1]
------------------------------------------------------------------------------
 Acknowledgements
------------------------------------------------------------------------------
[2

]
------------------------------------------------------------------------------
 Table of Contents
------------------------------------------------------------------------------
(./main_fabio.toc
LaTeX Font Info:    External font `lmex10' loaded for size
(Font)              <10.95> on input line 8.
 [3


])
\tf@toc=\write4
\openout4 = `main_fabio.toc'.

 [4]
------------------------------------------------------------------------------
 List of Figures
------------------------------------------------------------------------------
(./main_fabio.lof [5


])
\tf@lof=\write5
\openout5 = `main_fabio.lof'.

 [6]
------------------------------------------------------------------------------
 List of Tables
------------------------------------------------------------------------------
(./main_fabio.lot
Overfull \hbox (39.92717pt too wide) in paragraph at lines 17--17
 [][] [][][]\T1/lmr/m/sc/10.95 M\T1/lmr/m/n/10.95 isleading \T1/lmr/m/sc/10.95 
G\T1/lmr/m/n/10.95 eneralized \T1/lmr/m/sc/10.95 I\T1/lmr/m/n/10.95 temsets min
ed from $\OMS/lmsy/m/n/10.95 D$\T1/lmr/m/n/10.95 . min_sup = 10%, max_neg_cor= 

 []


Overfull \hbox (39.92717pt too wide) in paragraph at lines 18--18
 [][] [][][]\T1/lmr/m/sc/10.95 M\T1/lmr/m/n/10.95 isleading \T1/lmr/m/sc/10.95 
G\T1/lmr/m/n/10.95 eneralized \T1/lmr/m/sc/10.95 I\T1/lmr/m/n/10.95 temsets min
ed from $\OMS/lmsy/m/n/10.95 D$\T1/lmr/m/n/10.95 . min_sup = 10%, max_neg_cor= 

 []

)
\tf@lot=\write6
\openout6 = `main_fabio.lot'.

 [7


]
Chapter 1.
------------------------------------------------------------------------------
 1 Introduction
------------------------------------------------------------------------------
(./chapters/intro.tex [1



]
Underfull \hbox (badness 10000) in paragraph at lines 27--29

 []

[2] [3] [4]) [5]
Chapter 2.
------------------------------------------------------------------------------
 2 Background and Motivations
------------------------------------------------------------------------------
(./chapters/background.tex
LaTeX Font Info:    Try loading font information for OMS+lmr on input line 4.
 (c:/texlive/2016/texmf-dist/tex/latex/lm/omslmr.fd
File: omslmr.fd 2009/10/30 v1.6 Font defs for Latin Modern
)
LaTeX Font Info:    Font shape `OMS/lmr/m/n' in size <10.95> not available
(Font)              Font shape `OMS/lmsy/m/n' tried instead on input line 4.

[6

]
LaTeX Font Info:    External font `lmex10' loaded for size
(Font)              <9> on input line 141.
LaTeX Font Info:    External font `lmex10' loaded for size
(Font)              <5> on input line 141.

Underfull \hbox (badness 2042) in paragraph at lines 141--141
 []\T1/lmr/m/sc/9 (a) |\T1/lmr/m/n/9 Hor- 
 []


Underfull \hbox (badness 10000) in paragraph at lines 141--141
 \T1/lmr/m/n/9 i-zon-tal 
 []


Underfull \hbox (badness 10000) in paragraph at lines 141--141
 \T1/lmr/m/n/9 rep-re-sen- 
 []


Underfull \hbox (badness 2744) in paragraph at lines 141--141
 \T1/lmr/m/n/9 ta-tion of 
 []


Underfull \hbox (badness 10000) in paragraph at lines 157--157
 []\T1/lmr/m/sc/9 (b) 
 []


Underfull \hbox (badness 10000) in paragraph at lines 157--157
 |\T1/lmr/m/n/9 Trans- 
 []


Underfull \hbox (badness 10000) in paragraph at lines 157--157
 \T1/lmr/m/n/9 posed 
 []


Underfull \hbox (badness 10000) in paragraph at lines 157--157
 \T1/lmr/m/n/9 rep-re-sen- 
 []


Underfull \hbox (badness 7415) in paragraph at lines 157--157
 \T1/lmr/m/n/9 ta-tion of 
 []


Underfull \hbox (badness 10000) in paragraph at lines 202--202
 []\T1/lmr/m/sc/9 (c) |\T1/lmr/m/n/9 Fre-quent 
 []


Underfull \hbox (badness 10000) in paragraph at lines 202--202
 \T1/lmr/m/n/9 item-set ex- 
 []


Underfull \hbox (badness 10000) in paragraph at lines 202--202
 \T1/lmr/m/n/9 tracted from 
 []


Underfull \hbox (badness 10000) in paragraph at lines 202--202
 \OMS/lmsy/m/n/9 D$ \T1/lmr/m/n/9 with a 
 []

LaTeX Font Info:    External font `lmex10' loaded for size
(Font)              <10> on input line 218.
LaTeX Font Info:    External font `lmex10' loaded for size
(Font)              <7> on input line 218.
[7] <chapters/lattices.png, id=647, 545.3976pt x 448.074pt>
File: chapters/lattices.png Graphic file (type png)

<use chapters/lattices.png>
Package pdftex.def Info: chapters/lattices.png used on input line 301.
(pdftex.def)             Requested size: 361.34999pt x 296.87837pt.
 [8] [9 <./chapters/lattices.png>] [10] [11]
[12]) [13]
Chapter 3.
------------------------------------------------------------------------------
 3 Frequent Itemset Mining for Big Data: an experimental review
------------------------------------------------------------------------------
(./chapters/article_submission/survey_itemset.tex [14

] [15] [16] [17]
Package epstopdf Info: Source file: <Approach1noniterativo.eps>
(epstopdf)                    date: 2016-11-30 18:59:59
(epstopdf)                    size: 4676479 bytes
(epstopdf)             Output file: <Approach1noniterativo-eps-converted-to.pdf
>
(epstopdf)                    date: 2016-12-09 16:38:04
(epstopdf)                    size: 1392873 bytes
(epstopdf)             Command: <repstopdf --outfile=Approach1noniterativo-eps-
converted-to.pdf Approach1noniterativo.eps>
(epstopdf)             \includegraphics on input line 420.
Package epstopdf Info: Output file is already uptodate.

<Approach1noniterativo-eps-converted-to.pdf, id=785, 845.1575pt x 552.0625pt>
File: Approach1noniterativo-eps-converted-to.pdf Graphic file (type pdf)

<use Approach1noniterativo-eps-converted-to.pdf>
Package pdftex.def Info: Approach1noniterativo-eps-converted-to.pdf used on inp
ut line 420.
(pdftex.def)             Requested size: 361.34999pt x 236.04286pt.
Package epstopdf Info: Source file: <Approach1.eps>
(epstopdf)                    date: 2016-11-30 18:30:08
(epstopdf)                    size: 102423 bytes
(epstopdf)             Output file: <Approach1-eps-converted-to.pdf>
(epstopdf)                    date: 2016-12-09 16:38:06
(epstopdf)                    size: 51537 bytes
(epstopdf)             Command: <repstopdf --outfile=Approach1-eps-converted-to
.pdf Approach1.eps>
(epstopdf)             \includegraphics on input line 426.
Package epstopdf Info: Output file is already uptodate.

<Approach1-eps-converted-to.pdf, id=786, 696.6025pt x 513.92pt>
File: Approach1-eps-converted-to.pdf Graphic file (type pdf)

<use Approach1-eps-converted-to.pdf>
Package pdftex.def Info: Approach1-eps-converted-to.pdf used on input line 426.

(pdftex.def)             Requested size: 361.34999pt x 266.58907pt.
Package epstopdf Info: Source file: <Approach2.eps>
(epstopdf)                    date: 2016-11-30 18:46:58
(epstopdf)                    size: 42564 bytes
(epstopdf)             Output file: <Approach2-eps-converted-to.pdf>
(epstopdf)                    date: 2016-12-09 16:38:08
(epstopdf)                    size: 38734 bytes
(epstopdf)             Command: <repstopdf --outfile=Approach2-eps-converted-to
.pdf Approach2.eps>
(epstopdf)             \includegraphics on input line 434.
Package epstopdf Info: Output file is already uptodate.

<Approach2-eps-converted-to.pdf, id=787, 640.3925pt x 425.59pt>
File: Approach2-eps-converted-to.pdf Graphic file (type pdf)

<use Approach2-eps-converted-to.pdf>
Package pdftex.def Info: Approach2-eps-converted-to.pdf used on input line 434.

(pdftex.def)             Requested size: 361.34999pt x 240.14708pt.
 [18 <./Approach1noniterativo-eps-converted-to.pdf>] [19 <./Approach1-eps-conve
rted-to.pdf> <./Approach2-eps-converted-to.pdf>]

LaTeX Warning: No positions in optional float specifier.
               Default added (so using `tbp') on input line 481.


Underfull \hbox (badness 6300) in paragraph at lines 487--487
[]|\T1/lmr/bx/n/8 Iterative data split ap-proach
 []


Underfull \hbox (badness 10000) in paragraph at lines 492--492
[]|\T1/lmr/m/n/8 Usage of main
 []


Underfull \hbox (badness 2277) in paragraph at lines 492--493
[]|\T1/lmr/m/n/8 The com-plete pro-jected dataset is
 []


Underfull \hbox (badness 10000) in paragraph at lines 493--493
[]|\T1/lmr/m/n/8 Communication
 []

[20] [21] [22] [23] [24] [25] [26] [27]
Package epstopdf Info: Source file: <minsup_1_log.eps>
(epstopdf)                    date: 2016-11-30 19:17:16
(epstopdf)                    size: 638897 bytes
(epstopdf)             Output file: <minsup_1_log-eps-converted-to.pdf>
(epstopdf)                    date: 2016-12-09 16:38:10
(epstopdf)                    size: 203822 bytes
(epstopdf)             Command: <repstopdf --outfile=minsup_1_log-eps-converted
-to.pdf minsup_1_log.eps>
(epstopdf)             \includegraphics on input line 1246.
Package epstopdf Info: Output file is already uptodate.

<minsup_1_log-eps-converted-to.pdf, id=895, 428.60126pt x 286.06876pt>
File: minsup_1_log-eps-converted-to.pdf Graphic file (type pdf)

<use minsup_1_log-eps-converted-to.pdf>
Package pdftex.def Info: minsup_1_log-eps-converted-to.pdf used on input line 1
246.
(pdftex.def)             Requested size: 361.34999pt x 241.18222pt.
Package epstopdf Info: Source file: <minsup_3_log.eps>
(epstopdf)                    date: 2016-11-30 19:17:17
(epstopdf)                    size: 531302 bytes
(epstopdf)             Output file: <minsup_3_log-eps-converted-to.pdf>
(epstopdf)                    date: 2016-12-09 16:38:12
(epstopdf)                    size: 180726 bytes
(epstopdf)             Command: <repstopdf --outfile=minsup_3_log-eps-converted
-to.pdf minsup_3_log.eps>
(epstopdf)             \includegraphics on input line 1262.
Package epstopdf Info: Output file is already uptodate.

<minsup_3_log-eps-converted-to.pdf, id=896, 428.60126pt x 286.06876pt>
File: minsup_3_log-eps-converted-to.pdf Graphic file (type pdf)

<use minsup_3_log-eps-converted-to.pdf>
Package pdftex.def Info: minsup_3_log-eps-converted-to.pdf used on input line 1
262.
(pdftex.def)             Requested size: 361.34999pt x 241.18222pt.
 [28 <./minsup_1_log-eps-converted-to.pdf>]
Underfull \hbox (badness 10000) in paragraph at lines 1324--1378

 []

[29 <./minsup_3_log-eps-converted-to.pdf>]
Package epstopdf Info: Source file: <attributes.eps>
(epstopdf)                    date: 2016-11-30 19:17:08
(epstopdf)                    size: 490427 bytes
(epstopdf)             Output file: <attributes-eps-converted-to.pdf>
(epstopdf)                    date: 2016-12-09 16:38:15
(epstopdf)                    size: 184173 bytes
(epstopdf)             Command: <repstopdf --outfile=attributes-eps-converted-t
o.pdf attributes.eps>
(epstopdf)             \includegraphics on input line 1493.
Package epstopdf Info: Output file is already uptodate.

<attributes-eps-converted-to.pdf, id=915, 428.60126pt x 286.06876pt>
File: attributes-eps-converted-to.pdf Graphic file (type pdf)

<use attributes-eps-converted-to.pdf>
Package pdftex.def Info: attributes-eps-converted-to.pdf used on input line 149
3.
(pdftex.def)             Requested size: 361.34999pt x 241.18222pt.
Package epstopdf Info: Source file: <attributes_deeper.eps>
(epstopdf)                    date: 2016-11-30 19:17:08
(epstopdf)                    size: 452991 bytes
(epstopdf)             Output file: <attributes_deeper-eps-converted-to.pdf>
(epstopdf)                    date: 2016-12-09 16:38:17
(epstopdf)                    size: 192120 bytes
(epstopdf)             Command: <repstopdf --outfile=attributes_deeper-eps-conv
erted-to.pdf attributes_deeper.eps>
(epstopdf)             \includegraphics on input line 1500.
Package epstopdf Info: Output file is already uptodate.

<attributes_deeper-eps-converted-to.pdf, id=916, 428.60126pt x 286.06876pt>
File: attributes_deeper-eps-converted-to.pdf Graphic file (type pdf)

<use attributes_deeper-eps-converted-to.pdf>
Package pdftex.def Info: attributes_deeper-eps-converted-to.pdf used on input l
ine 1500.
(pdftex.def)             Requested size: 361.34999pt x 241.18222pt.

Underfull \hbox (badness 10000) in paragraph at lines 1506--1534

 []

[30 <./attributes-eps-converted-to.pdf>]
Package epstopdf Info: Source file: <transactions_log.eps>
(epstopdf)                    date: 2016-11-30 19:17:20
(epstopdf)                    size: 474333 bytes
(epstopdf)             Output file: <transactions_log-eps-converted-to.pdf>
(epstopdf)                    date: 2016-12-09 16:38:19
(epstopdf)                    size: 187674 bytes
(epstopdf)             Command: <repstopdf --outfile=transactions_log-eps-conve
rted-to.pdf transactions_log.eps>
(epstopdf)             \includegraphics on input line 1700.
Package epstopdf Info: Output file is already uptodate.

<transactions_log-eps-converted-to.pdf, id=931, 428.60126pt x 286.06876pt>
File: transactions_log-eps-converted-to.pdf Graphic file (type pdf)

<use transactions_log-eps-converted-to.pdf>
Package pdftex.def Info: transactions_log-eps-converted-to.pdf used on input li
ne 1700.
(pdftex.def)             Requested size: 361.34999pt x 241.18222pt.
 [31 <./attributes_deeper-eps-converted-to.pdf>]
Package epstopdf Info: Source file: <machines_big.eps>
(epstopdf)                    date: 2016-11-30 19:17:14
(epstopdf)                    size: 602610 bytes
(epstopdf)             Output file: <machines_big-eps-converted-to.pdf>
(epstopdf)                    date: 2016-12-09 16:38:21
(epstopdf)                    size: 209587 bytes
(epstopdf)             Command: <repstopdf --outfile=machines_big-eps-converted
-to.pdf machines_big.eps>
(epstopdf)             \includegraphics on input line 1763.
Package epstopdf Info: Output file is already uptodate.

<machines_big-eps-converted-to.pdf, id=943, 428.60126pt x 286.06876pt>
File: machines_big-eps-converted-to.pdf Graphic file (type pdf)

<use machines_big-eps-converted-to.pdf>
Package pdftex.def Info: machines_big-eps-converted-to.pdf used on input line 1
763.
(pdftex.def)             Requested size: 361.34999pt x 241.18222pt.

Underfull \hbox (badness 4013) in paragraph at lines 1765--1765
 []\T1/lmr/m/sc/10 Figure 3.9: |\T1/lmr/m/n/10 Speedup with dif-fer-ent par-al-
leliza-tion de-grees (Dataset #14, 
 []

[32 <./transactions_log-eps-converted-to.pdf>] [33 <./machines_big-eps-converte
d-to.pdf>]

LaTeX Warning: `h' float specifier changed to `ht'.

Package epstopdf Info: Source file: <delicious.eps>
(epstopdf)                    date: 2016-11-30 19:17:11
(epstopdf)                    size: 624258 bytes
(epstopdf)             Output file: <delicious-eps-converted-to.pdf>
(epstopdf)                    date: 2016-12-09 16:38:23
(epstopdf)                    size: 246744 bytes
(epstopdf)             Command: <repstopdf --outfile=delicious-eps-converted-to
.pdf delicious.eps>
(epstopdf)             \includegraphics on input line 1930.
Package epstopdf Info: Output file is already uptodate.
<delicious-eps-converted-to.pdf, id=963, 428.60126pt x 286.06876pt>
File: delicious-eps-converted-to.pdf Graphic file (type pdf)

<use delicious-eps-converted-to.pdf>
Package pdftex.def Info: delicious-eps-converted-to.pdf used on input line 1930
.
(pdftex.def)             Requested size: 361.34999pt x 241.18222pt.
 [34] [35 <./delicious-eps-converted-to.pdf>]
Package epstopdf Info: Source file: <number_flows.eps>
(epstopdf)                    date: 2016-11-30 19:17:19
(epstopdf)                    size: 740862 bytes
(epstopdf)             Output file: <number_flows-eps-converted-to.pdf>
(epstopdf)                    date: 2016-12-09 16:38:26
(epstopdf)                    size: 222550 bytes
(epstopdf)             Command: <repstopdf --outfile=number_flows-eps-converted
-to.pdf number_flows.eps>
(epstopdf)             \includegraphics on input line 2016.
Package epstopdf Info: Output file is already uptodate.
 <number_flows-eps-converted-to.pdf, id=980, 428.60126pt x 286.06876pt>
File: number_flows-eps-converted-to.pdf Graphic file (type pdf)

<use number_flows-eps-converted-to.pdf>
Package pdftex.def Info: number_flows-eps-converted-to.pdf used on input line 2
016.
(pdftex.def)             Requested size: 361.34999pt x 241.18222pt.
Package epstopdf Info: Source file: <net_logs_log.eps>
(epstopdf)                    date: 2016-11-30 19:17:18
(epstopdf)                    size: 1092327 bytes
(epstopdf)             Output file: <net_logs_log-eps-converted-to.pdf>
(epstopdf)                    date: 2016-12-09 16:38:28
(epstopdf)                    size: 323506 bytes
(epstopdf)             Command: <repstopdf --outfile=net_logs_log-eps-converted
-to.pdf net_logs_log.eps>
(epstopdf)             \includegraphics on input line 2022.
Package epstopdf Info: Output file is already uptodate.

<net_logs_log-eps-converted-to.pdf, id=981, 428.60126pt x 286.06876pt>
File: net_logs_log-eps-converted-to.pdf Graphic file (type pdf)

<use net_logs_log-eps-converted-to.pdf>
Package pdftex.def Info: net_logs_log-eps-converted-to.pdf used on input line 2
022.
(pdftex.def)             Requested size: 361.34999pt x 241.18222pt.


LaTeX Warning: `!h' float specifier changed to `!ht'.

[36 <./number_flows-eps-converted-to.pdf> <./net_logs_log-eps-converted-to.pdf>
] [37]
Package epstopdf Info: Source file: <load_balance_big_2.eps>
(epstopdf)                    date: 2016-11-30 19:17:13
(epstopdf)                    size: 1225584 bytes
(epstopdf)             Output file: <load_balance_big_2-eps-converted-to.pdf>
(epstopdf)                    date: 2016-12-09 16:38:30
(epstopdf)                    size: 461318 bytes
(epstopdf)             Command: <repstopdf --outfile=load_balance_big_2-eps-con
verted-to.pdf load_balance_big_2.eps>
(epstopdf)             \includegraphics on input line 2111.
Package epstopdf Info: Output file is already uptodate.

<load_balance_big_2-eps-converted-to.pdf, id=1008, 428.60126pt x 286.06876pt>
File: load_balance_big_2-eps-converted-to.pdf Graphic file (type pdf)

<use load_balance_big_2-eps-converted-to.pdf>
Package pdftex.def Info: load_balance_big_2-eps-converted-to.pdf used on input 
line 2111.
(pdftex.def)             Requested size: 361.34999pt x 241.18222pt.
 [38 <./load_balance_big_2-eps-converted-to.pdf>]
Package epstopdf Info: Source file: <comm_costs.eps>
(epstopdf)                    date: 2016-11-30 19:17:11
(epstopdf)                    size: 1450644 bytes
(epstopdf)             Output file: <comm_costs-eps-converted-to.pdf>
(epstopdf)                    date: 2016-12-09 16:38:33
(epstopdf)                    size: 156198 bytes
(epstopdf)             Command: <repstopdf --outfile=comm_costs-eps-converted-t
o.pdf comm_costs.eps>
(epstopdf)             \includegraphics on input line 2186.
Package epstopdf Info: Output file is already uptodate.

<comm_costs-eps-converted-to.pdf, id=1020, 427.5975pt x 286.06876pt>
File: comm_costs-eps-converted-to.pdf Graphic file (type pdf)

<use comm_costs-eps-converted-to.pdf>
Package pdftex.def Info: comm_costs-eps-converted-to.pdf used on input line 218
6.
(pdftex.def)             Requested size: 361.34999pt x 241.74968pt.
 [39 <./comm_costs-eps-converted-to.pdf>]
[40]

LaTeX Warning: `!h' float specifier changed to `!ht'.

[41]) [42]
Chapter 4.
------------------------------------------------------------------------------
 4 Frequent Itemset Mining for High-Dimensional data
------------------------------------------------------------------------------
(./chapters/pampa/extension_pampa.tex (./chapters/pampa/intro.tex [43

])
(./chapters/pampa/preliminaries.tex
Underfull \hbox (badness 10000) in paragraph at lines 24--24
 []\T1/lmr/m/sc/9 (a) |\T1/lmr/m/n/9 Hor-i-zon-tal 
 []


Underfull \hbox (badness 10000) in paragraph at lines 50--50
 []\T1/lmr/m/sc/9 (b) |\T1/lmr/m/n/9 Trans- 
 []


Underfull \hbox (badness 10000) in paragraph at lines 50--50
 \T1/lmr/m/n/9 posed 
 []


Underfull \hbox (badness 10000) in paragraph at lines 50--50
 \T1/lmr/m/n/9 rep-re-sen- 
 []


Underfull \hbox (badness 10000) in paragraph at lines 50--50
 \T1/lmr/m/n/9 ta-tion of 
 []


Underfull \hbox (badness 10000) in paragraph at lines 65--65
 []\T1/lmr/m/sc/9 (c) 
 []


Underfull \hbox (badness 10000) in paragraph at lines 65--65
 |$\OML/lmm/m/it/9 TT\OMS/lmsy/m/n/9 j[]$\T1/lmr/m/n/9 : 
 []


Underfull \hbox (badness 10000) in paragraph at lines 65--65
 \T1/lmr/m/n/9 ex-am-ple 
 []


Underfull \hbox (badness 10000) in paragraph at lines 65--65
 \T1/lmr/m/n/9 of con- 
 []


Underfull \hbox (badness 10000) in paragraph at lines 65--65
 \T1/lmr/m/n/9 di-tio-nal 
 []


Underfull \hbox (badness 10000) in paragraph at lines 65--65
 \T1/lmr/m/n/9 tran- 
 []


Underfull \hbox (badness 10000) in paragraph at lines 65--65
 \T1/lmr/m/n/9 spo-sed 
 []

[44]) (./chapters/pampa/centralizedcarpenter.tex [45]
<chapters/pampa/running_example1.png, id=1104, 472.164pt x 716.4366pt>
File: chapters/pampa/running_example1.png Graphic file (type png)

<use chapters/pampa/running_example1.png>
Package pdftex.def Info: chapters/pampa/running_example1.png used on input line
 44.
(pdftex.def)             Requested size: 289.07999pt x 438.63269pt.
 [46] [47 <./chapters/pampa/running_example1.png>]
<chapters/pampa/running_example2_d.png, id=1128, 476.982pt x 716.4366pt>
File: chapters/pampa/running_example2_d.png Graphic file (type png)

<use chapters/pampa/running_example2_d.png>
Package pdftex.def Info: chapters/pampa/running_example2_d.png used on input li
ne 209.
(pdftex.def)             Requested size: 289.07999pt x 434.20526pt.
) (./chapters/pampa/distrimpl.tex
[48] [49 <./chapters/pampa/running_example2_d.png>] [50]
<chapters/pampa/running_example3_d_A.png, id=1151, 476.982pt x 716.4366pt>
File: chapters/pampa/running_example3_d_A.png Graphic file (type png)

<use chapters/pampa/running_example3_d_A.png>
Package pdftex.def Info: chapters/pampa/running_example3_d_A.png used on input 
line 136.
(pdftex.def)             Requested size: 289.07999pt x 434.20526pt.

<chapters/pampa/running_example3_d_B_quadretti.png, id=1152, 476.982pt x 716.43
66pt>
File: chapters/pampa/running_example3_d_B_quadretti.png Graphic file (type png)

 <use chapters/pampa/running_example3_d_B_quadretti.png>
Package pdftex.def Info: chapters/pampa/running_example3_d_B_quadretti.png used
 on input line 154.
(pdftex.def)             Requested size: 289.07999pt x 434.20526pt.
)
(./chapters/pampa/impldetails.tex
Package hyperref Info: bookmark level for unknown algorithm defaults to 0 on in
put line 8.
 [51]
Underfull \hbox (badness 10000) in paragraph at lines 38--45

 []

[52 <./chapters/pampa/running_example3_d_A.png>]
Overfull \hbox (15.6306pt too wide) in paragraph at lines 65--77
\T1/lmr/m/n/10.95 After the map phase, the MapRe-duce shuf-fle and sort phase a
g-gre-gates the <key,value>pairs
 []

[53 <./chapters/pampa/running_example3_d_B_quadretti.png>]
Underfull \hbox (badness 10000) in paragraph at lines 98--108

 []

[54]

LaTeX Warning: Command \textless invalid in math mode on input line 146.


LaTeX Warning: Command \textgreater invalid in math mode on input line 147.


LaTeX Warning: Command \textless invalid in math mode on input line 150.


LaTeX Warning: Command \textgreater invalid in math mode on input line 150.


LaTeX Warning: No positions in optional float specifier.
               Default added (so using `tbp') on input line 156.


Underfull \hbox (badness 10000) in paragraph at lines 166--166
 []\T1/lmr/m/sc/9 (a) |\T1/lmr/m/n/9 Trans- 
 []


Underfull \hbox (badness 10000) in paragraph at lines 166--166
 \T1/lmr/m/n/9 posed 
 []


Underfull \hbox (badness 10000) in paragraph at lines 166--166
 \T1/lmr/m/n/9 rep-re-sen-ta- 
 []


Underfull \hbox (badness 3579) in paragraph at lines 166--166
 \T1/lmr/m/n/9 tion of $\OMS/lmsy/m/n/9 D$\T1/lmr/m/n/9 : 
 []


Underfull \hbox (badness 10000) in paragraph at lines 166--166
 \T1/lmr/m/n/9 tidlist of 
 []


Underfull \hbox (badness 10000) in paragraph at lines 184--184
 []\T1/lmr/m/sc/9 (b) |\T1/lmr/m/n/9 Emit- 
 []


Underfull \hbox (badness 10000) in paragraph at lines 184--184
 \T1/lmr/m/n/9 ted key- 
 []


Underfull \hbox (badness 10000) in paragraph at lines 184--184
 \T1/lmr/m/n/9 value 
 []


Underfull \hbox (badness 10000) in paragraph at lines 184--184
 \T1/lmr/m/n/9 the ex-am- 
 []


Underfull \hbox (badness 1616) in paragraph at lines 184--184
 \T1/lmr/m/n/9 ple row in 
 []


Underfull \hbox (badness 10000) in paragraph at lines 202--202
 []\T1/lmr/m/sc/9 (c) 
 []


Underfull \hbox (badness 10000) in paragraph at lines 202--202
 |\T1/lmr/m/n/9 key- 
 []


Underfull \hbox (badness 10000) in paragraph at lines 202--202
 \T1/lmr/m/n/9 value 
 []


Underfull \hbox (badness 10000) in paragraph at lines 202--202
 \T1/lmr/m/n/9 en-tries 
 []


Underfull \hbox (badness 1028) in paragraph at lines 202--202
 \T1/lmr/m/n/9 for key 
 []


Underfull \hbox (badness 10000) in paragraph at lines 221--221
 []\T1/lmr/m/sc/9 (d) 
 []


Underfull \hbox (badness 10000) in paragraph at lines 221--221
 |$\OML/lmm/m/it/9 TT\OMS/lmsy/m/n/9 j[]$\T1/lmr/m/n/9 : 
 []


Underfull \hbox (badness 10000) in paragraph at lines 221--221
 \T1/lmr/m/n/9 com- 
 []


Underfull \hbox (badness 10000) in paragraph at lines 221--221
 \T1/lmr/m/n/9 posed 
 []


Underfull \hbox (badness 2111) in paragraph at lines 221--221
 \T1/lmr/m/n/9 with the 
 []


Underfull \hbox (badness 10000) in paragraph at lines 221--221
 \T1/lmr/m/n/9 re-ceived 
 []

[55]
Underfull \hbox (badness 10000) in paragraph at lines 243--256

 []

[56]

LaTeX Warning: Command \textless invalid in math mode on input line 298.


LaTeX Warning: Command \textgreater invalid in math mode on input line 298.


LaTeX Warning: Command \textless invalid in math mode on input line 303.


LaTeX Warning: Command \textgreater invalid in math mode on input line 303.


LaTeX Warning: Command \textless invalid in math mode on input line 316.


LaTeX Warning: Command \textgreater invalid in math mode on input line 316.


LaTeX Warning: Command \textless invalid in math mode on input line 339.


LaTeX Warning: Command \textgreater invalid in math mode on input line 340.


LaTeX Warning: Command \textless invalid in math mode on input line 347.


LaTeX Warning: Command \textgreater invalid in math mode on input line 347.


LaTeX Warning: Command \textless invalid in math mode on input line 359.


LaTeX Warning: Command \textgreater invalid in math mode on input line 359.

[57]) (./chapters/pampa/exp.tex [58] [59]
<chapters/pampa/immagini_extension/pems_fixed.png, id=1242, 427.8384pt x 285.70
74pt>
File: chapters/pampa/immagini_extension/pems_fixed.png Graphic file (type png)
 <use chapters/pampa/immagini_extension/pems_fixed.png>
Package pdftex.def Info: chapters/pampa/immagini_extension/pems_fixed.png used 
on input line 122.
(pdftex.def)             Requested size: 361.34999pt x 241.31786pt.

<chapters/pampa/immagini_extension/breast_fixed.png, id=1243, 427.3566pt x 285.
7074pt>
File: chapters/pampa/immagini_extension/breast_fixed.png Graphic file (type png
)
 <use chapters/pampa/immagini_extension/breast_fixed.png>
Package pdftex.def Info: chapters/pampa/immagini_extension/breast_fixed.png use
d on input line 129.
(pdftex.def)             Requested size: 361.34999pt x 241.58379pt.
 [60] [61 <./chapters/pampa/immagini_extension/pems_fixed.png> <./chapters/pamp
a/immagini_extension/breast_fixed.png>] [62] [63] [64]

LaTeX Warning: Reference `experimental' on page 65 undefined on input line 469.


[65]
<chapters/pampa/immagini_extension/pems_confronto.png, id=1304, 427.8384pt x 28
5.7074pt>
File: chapters/pampa/immagini_extension/pems_confronto.png Graphic file (type p
ng)
 <use chapters/pampa/immagini_extension/pems_confronto.png>
Package pdftex.def Info: chapters/pampa/immagini_extension/pems_confronto.png u
sed on input line 479.
(pdftex.def)             Requested size: 361.34999pt x 241.31786pt.

<chapters/pampa/immagini_extension/breast_confronto.png, id=1305, 427.3566pt x 
285.7074pt>
File: chapters/pampa/immagini_extension/breast_confronto.png Graphic file (type
 png)
 <use chapters/pampa/immagini_extension/breast_confronto.png>
Package pdftex.def Info: chapters/pampa/immagini_extension/breast_confronto.png
 used on input line 485.
(pdftex.def)             Requested size: 361.34999pt x 241.58379pt.

[66 <./chapters/pampa/immagini_extension/pems_confronto.png> <./chapters/pampa/
immagini_extension/breast_confronto.png>]
<chapters/pampa/immagini_extension/pampa_pems_confronto.png, id=1316, 427.8384p
t x 285.2256pt>
File: chapters/pampa/immagini_extension/pampa_pems_confronto.png Graphic file (
type png)

<use chapters/pampa/immagini_extension/pampa_pems_confronto.png>
Package pdftex.def Info: chapters/pampa/immagini_extension/pampa_pems_confronto
.png used on input line 520.
(pdftex.def)             Requested size: 361.34999pt x 240.91092pt.
 [67] [68 <./chapters/pampa/immagini_extension/pampa_pems_confronto.png>]
<chapters/pampa/immagini_extension/scalability_pems.png, id=1331, 427.8384pt x 
285.2256pt>
File: chapters/pampa/immagini_extension/scalability_pems.png Graphic file (type
 png)
 <use chapters/pampa/immagini_extension/scalability_pems.png>
Package pdftex.def Info: chapters/pampa/immagini_extension/scalability_pems.png
 used on input line 551.
(pdftex.def)             Requested size: 361.34999pt x 240.91092pt.

<chapters/pampa/immagini_extension/scalability_breast.png, id=1332, 427.8384pt 
x 285.2256pt>
File: chapters/pampa/immagini_extension/scalability_breast.png Graphic file (ty
pe png)
 <use chapters/pampa/immagini_extension/scalability_breast.png>
Package pdftex.def Info: chapters/pampa/immagini_extension/scalability_breast.p
ng used on input line 557.
(pdftex.def)             Requested size: 361.34999pt x 240.91092pt.

[69 <./chapters/pampa/immagini_extension/scalability_pems.png>]
<chapters/pampa/immagini_extension/comm_cost_pems.png, id=1345, 427.8384pt x 28
5.7074pt>
File: chapters/pampa/immagini_extension/comm_cost_pems.png Graphic file (type p
ng)
 <use chapters/pampa/immagini_extension/comm_cost_pems.png>
Package pdftex.def Info: chapters/pampa/immagini_extension/comm_cost_pems.png u
sed on input line 579.
(pdftex.def)             Requested size: 361.34999pt x 241.31786pt.

<chapters/pampa/immagini_extension/comm_cost_breast.png, id=1346, 427.8384pt x 
285.7074pt>
File: chapters/pampa/immagini_extension/comm_cost_breast.png Graphic file (type
 png)
 <use chapters/pampa/immagini_extension/comm_cost_breast.png>
Package pdftex.def Info: chapters/pampa/immagini_extension/comm_cost_breast.png
 used on input line 585.
(pdftex.def)             Requested size: 361.34999pt x 241.31786pt.

[70 <./chapters/pampa/immagini_extension/scalability_breast.png>] [71 <./chapte
rs/pampa/immagini_extension/comm_cost_pems.png> <./chapters/pampa/immagini_exte
nsion/comm_cost_breast.png>]) (./chapters/pampa/applications.tex)
(./chapters/pampa/conclusions.tex [72])
LaTeX Font Info:    Try loading font information for T1+lmtt on input line 60.

(c:/texlive/2016/texmf-dist/tex/latex/lm/t1lmtt.fd
File: t1lmtt.fd 2009/10/30 v1.6 Font defs for Latin Modern
)) [73]
Chapter 5.
------------------------------------------------------------------------------
 5 Frequent Itemset Mining in Distributed Scalable Frameworks
------------------------------------------------------------------------------
(./chapters/nemico/nemico.tex [74

]
Overfull \hbox (20.37924pt too wide) in paragraph at lines 26--32
\T1/lmr/m/n/10.95 we will in-tro-duce an in-stance of the frame-work, named \T1
/lmr/m/sc/10.95 MGI-Cloud \T1/lmr/m/n/10.95 (\T1/lmr/m/sc/10.95 M\T1/lmr/m/n/10
.95 isleading \T1/lmr/m/sc/10.95 G\T1/lmr/m/n/10.95 eneralized
 []

Package epstopdf Info: Source file: <chapters/nemico/Framework.eps>
(epstopdf)                    date: 2014-08-19 14:25:18
(epstopdf)                    size: 228227 bytes
(epstopdf)             Output file: <chapters/nemico/Framework-eps-converted-to
.pdf>
(epstopdf)                    date: 2016-09-01 17:22:11
(epstopdf)                    size: 60126 bytes
(epstopdf)             Command: <repstopdf --outfile=chapters/nemico/Framework-
eps-converted-to.pdf chapters/nemico/Framework.eps>
(epstopdf)             \includegraphics on input line 49.
Package epstopdf Info: Output file is already uptodate.

<chapters/nemico/Framework-eps-converted-to.pdf, id=1413, 964.60374pt x 383.432
5pt>
File: chapters/nemico/Framework-eps-converted-to.pdf Graphic file (type pdf)
 <use chapters/nemico/Framework-eps-converted-to.pdf>
Package pdftex.def Info: chapters/nemico/Framework-eps-converted-to.pdf used on
 input line 49.
(pdftex.def)             Requested size: 417.47307pt x 165.94344pt.
 [75 <./chapters/nemico/Framework-eps-converted-to.pdf>] [76]) (./chapters/mgi/
ispa.tex [77]

LaTeX Warning: Reference `tab:example2' on page 78 undefined on input line 79.


LaTeX Warning: Reference `fig:tax' on page 78 undefined on input line 79.

[78]
Package epstopdf Info: Source file: <chapters/mgi/gerarchia/GerarchiaISPATre.ep
s>
(epstopdf)                    date: 2014-03-17 21:36:54
(epstopdf)                    size: 85581 bytes
(epstopdf)             Output file: <chapters/mgi/gerarchia/GerarchiaISPATre-ep
s-converted-to.pdf>
(epstopdf)                    date: 2016-09-02 17:36:18
(epstopdf)                    size: 36193 bytes
(epstopdf)             Command: <repstopdf --outfile=chapters/mgi/gerarchia/Ger
archiaISPATre-eps-converted-to.pdf chapters/mgi/gerarchia/GerarchiaISPATre.eps>

(epstopdf)             \includegraphics on input line 114.
Package epstopdf Info: Output file is already uptodate.

<chapters/mgi/gerarchia/GerarchiaISPATre-eps-converted-to.pdf, id=1470, 616.302
5pt x 406.51875pt>
File: chapters/mgi/gerarchia/GerarchiaISPATre-eps-converted-to.pdf Graphic file
 (type pdf)

<use chapters/mgi/gerarchia/GerarchiaISPATre-eps-converted-to.pdf>
Package pdftex.def Info: chapters/mgi/gerarchia/GerarchiaISPATre-eps-converted-
to.pdf used on input line 114.
(pdftex.def)             Requested size: 250.48637pt x 165.22226pt.

Overfull \hbox (109.09709pt too wide) in paragraph at lines 176--195
 [] 
 []

[79 <./chapters/mgi/gerarchia/GerarchiaISPATre-eps-converted-to.pdf>]

LaTeX Warning: Reference `tab:example2' on page 80 undefined on input line 219.



Overfull \hbox (1.27188pt too wide) in paragraph at lines 216--222
[]\T1/lmr/m/n/10.95 For ex-am-ple, by en-forc-ing min_sup=10%, max_neg_cor=0.70
, and min_pos_cor=0.80,
 []


LaTeX Warning: Reference `tab:example2' on page 80 undefined on input line 232.


[80]

LaTeX Warning: Reference `tab:example2' on page 81 undefined on input line 262.


[81]

LaTeX Warning: Reference `tab:example2' on page 82 undefined on input line 337.



LaTeX Warning: Reference `fig:tax' on page 82 undefined on input line 337.

[82] <chapters/mgi/tass_collage.jpg, id=1512, 761.09344pt x 379.4175pt>
File: chapters/mgi/tass_collage.jpg Graphic file (type jpg)

<use chapters/mgi/tass_collage.jpg>
Package pdftex.def Info: chapters/mgi/tass_collage.jpg used on input line 356.
(pdftex.def)             Requested size: 250.48637pt x 124.87236pt.
 [83 <./chapters/mgi/tass_collage.jpg>]
[84]
Package epstopdf Info: Source file: <chapters/mgi/grafici/EffectMinsup.eps>
(epstopdf)                    date: 2014-03-18 11:25:28
(epstopdf)                    size: 19190 bytes
(epstopdf)             Output file: <chapters/mgi/grafici/EffectMinsup-eps-conv
erted-to.pdf>
(epstopdf)                    date: 2016-09-02 17:36:19
(epstopdf)                    size: 28104 bytes
(epstopdf)             Command: <repstopdf --outfile=chapters/mgi/grafici/Effec
tMinsup-eps-converted-to.pdf chapters/mgi/grafici/EffectMinsup.eps>
(epstopdf)             \includegraphics on input line 442.
Package epstopdf Info: Output file is already uptodate.

<chapters/mgi/grafici/EffectMinsup-eps-converted-to.pdf, id=1534, 180.675pt x 1
26.4725pt>
File: chapters/mgi/grafici/EffectMinsup-eps-converted-to.pdf Graphic file (type
 pdf)
 <use chapters/mgi/grafici/EffectMinsup-eps-converted-to.pdf>
Package pdftex.def Info: chapters/mgi/grafici/EffectMinsup-eps-converted-to.pdf
 used on input line 442.
(pdftex.def)             Requested size: 133.59444pt x 93.51677pt.
Package epstopdf Info: Source file: <chapters/mgi/grafici/EffectMaxNOD.eps>
(epstopdf)                    date: 2014-03-17 21:36:18
(epstopdf)                    size: 18314 bytes
(epstopdf)             Output file: <chapters/mgi/grafici/EffectMaxNOD-eps-conv
erted-to.pdf>
(epstopdf)                    date: 2014-03-17 21:36:18
(epstopdf)                    size: 8051 bytes
(epstopdf)             Command: <repstopdf --outfile=chapters/mgi/grafici/Effec
tMaxNOD-eps-converted-to.pdf chapters/mgi/grafici/EffectMaxNOD.eps>
(epstopdf)             \includegraphics on input line 449.
Package epstopdf Info: Output file is already uptodate.

<chapters/mgi/grafici/EffectMaxNOD-eps-converted-to.pdf, id=1535, 180.675pt x 1
26.4725pt>
File: chapters/mgi/grafici/EffectMaxNOD-eps-converted-to.pdf Graphic file (type
 pdf)
 <use chapters/mgi/grafici/EffectMaxNOD-eps-converted-to.pdf>
Package pdftex.def Info: chapters/mgi/grafici/EffectMaxNOD-eps-converted-to.pdf
 used on input line 449.
(pdftex.def)             Requested size: 133.59444pt x 93.51677pt.

[85] [86 <./chapters/mgi/grafici/EffectMinsup-eps-converted-to.pdf> <./chapters
/mgi/grafici/EffectMaxNOD-eps-converted-to.pdf>]
Overfull \hbox (18.53273pt too wide) in paragraph at lines 475--483
[]\T1/lmr/m/n/10.95 As a first ex-am-ple, let us con-sider the fol-low-ing MGI 
ex-tracted by en-forc-ing min_sup=0.02%,
 []


Overfull \hbox (13.53053pt too wide) in paragraph at lines 475--483
\T1/lmr/m/n/10.95 max_neg_cor=0.1, min_pos_cor=0.4, and max_NOD=60%: {(Lo-ca-ti
on,Zip code 10125),
 []

[87]
Overfull \hbox (15.12685pt too wide) in paragraph at lines 494--496
[]\T1/lmr/m/n/10.95 As an ex-am-ple let use con-sider the fol-low-ing MGI ex-tr
acted by en-forc-ing max_neg_cor=0.2,
 []


Overfull \hbox (48.90385pt too wide) in paragraph at lines 494--496
\T1/lmr/m/n/10.95 {(CLASS=CHAT) (RTT_MIN=100-200)} $\OML/lmm/m/it/10.95 .$ \T1/
lmr/m/n/10.95 {(CLASS=32) (RTT_MIN=165-170), (CLASS=513)
 []


Overfull \hbox (34.33704pt too wide) in paragraph at lines 494--496
\T1/lmr/m/n/10.95 200)} is neg-a-tively cor-re-lated whereas its fre-quent de-s
cen-dants {(CLASS=32) (RTT_MIN=165-
 []


Overfull \hbox (8.1785pt too wide) in paragraph at lines 494--496
\T1/lmr/m/n/10.95 sig-nif-i-cant por-tion of data al-ready cov-ered by the high
-level item-set (es-pe-cially CLASS=32,
 []


Overfull \hbox (6.59456pt too wide) in paragraph at lines 502--510
\T1/lmr/m/n/10.95 achieved set-ting min_sup to 1%, max_neg_cor to 0.1, min_pos_
cor to 0.3, and max_nod
 []

Package epstopdf Info: Source file: <chapters/mgi/grafici/graficoSpeedup.eps>
(epstopdf)                    date: 2014-03-21 17:51:44
(epstopdf)                    size: 17750 bytes
(epstopdf)             Output file: <chapters/mgi/grafici/graficoSpeedup-eps-co
nverted-to.pdf>
(epstopdf)                    date: 2016-09-02 17:36:19
(epstopdf)                    size: 23384 bytes
(epstopdf)             Command: <repstopdf --outfile=chapters/mgi/grafici/grafi
coSpeedup-eps-converted-to.pdf chapters/mgi/grafici/graficoSpeedup.eps>
(epstopdf)             \includegraphics on input line 513.
Package epstopdf Info: Output file is already uptodate.

<chapters/mgi/grafici/graficoSpeedup-eps-converted-to.pdf, id=1564, 252.945pt x
 126.4725pt>
File: chapters/mgi/grafici/graficoSpeedup-eps-converted-to.pdf Graphic file (ty
pe pdf)
 <use chapters/mgi/grafici/graficoSpeedup-eps-converted-to.pdf>
Package pdftex.def Info: chapters/mgi/grafici/graficoSpeedup-eps-converted-to.p
df used on input line 513.
(pdftex.def)             Requested size: 146.11812pt x 73.06076pt.

[88] [89 <./chapters/mgi/grafici/graficoSpeedup-eps-converted-to.pdf>])
[90]
Chapter 6.
------------------------------------------------------------------------------
 6 Conclusion
------------------------------------------------------------------------------

Underfull \hbox (badness 10000) in paragraph at lines 255--257

 []


Underfull \hbox (badness 10000) in paragraph at lines 255--257

 []

[91

] (./main_fabio.bbl [92


] [93] [94] [95] [96]
Underfull \hbox (badness 1043) in paragraph at lines 410--415
[]\T1/lmr/m/n/10.95 M. L. data set repos-i-tory, ``Breast can-cer dataset (kent

 []

[97] [98] [99])
Package atveryend Info: Empty hook `BeforeClearDocument' on input line 271.
 [100]
Package atveryend Info: Empty hook `AfterLastShipout' on input line 271.
 (./main_fabio.aux)
Package atveryend Info: Executing hook `AtVeryEndDocument' on input line 271.
Package atveryend Info: Executing hook `AtEndAfterFileList' on input line 271.
Package rerunfilecheck Info: File `main_fabio.out' has not changed.
(rerunfilecheck)             Checksum: 218257A6806DE01DA1B72B0176FEEC7A;16418.


LaTeX Warning: There were undefined references.


LaTeX Warning: There were multiply-defined labels.

Package atveryend Info: Empty hook `AtVeryVeryEnd' on input line 271.
 ) 
Here is how much of TeX's memory you used:
 15106 strings out of 493014
 218938 string characters out of 6137001
 387925 words of memory out of 5000000
 17935 multiletter control sequences out of 15000+600000
 127898 words of font info for 87 fonts, out of 8000000 for 9000
 1144 hyphenation exceptions out of 8191
 49i,12n,54p,1421b,617s stack positions out of 5000i,500n,10000p,200000b,80000s
{c:/texlive/2016/texmf-dist/fonts/enc/dvips/lm/lm-ec.enc}{c:/texlive/2016/tex
mf-dist/fonts/enc/dvips/lm/lm-rm.enc}{c:/texlive/2016/texmf-dist/fonts/enc/dvip
s/lm/lm-mathit.enc}{c:/texlive/2016/texmf-dist/fonts/enc/dvips/lm/lm-mathsy.enc
}<c:/texlive/2016/texmf-dist/fonts/type1/public/lm/lmbx10.pfb><c:/texlive/2016/
texmf-dist/fonts/type1/public/lm/lmbx12.pfb><c:/texlive/2016/texmf-dist/fonts/t
ype1/public/lm/lmbx8.pfb><c:/texlive/2016/texmf-dist/fonts/type1/public/lm/lmbx
9.pfb><c:/texlive/2016/texmf-dist/fonts/type1/public/lm/lmcsc10.pfb><c:/texlive
/2016/texmf-dist/fonts/type1/public/lm/lmmi10.pfb><c:/texlive/2016/texmf-dist/f
onts/type1/public/lm/lmmi6.pfb><c:/texlive/2016/texmf-dist/fonts/type1/public/l
m/lmmi8.pfb><c:/texlive/2016/texmf-dist/fonts/type1/public/lm/lmmi9.pfb><c:/tex
live/2016/texmf-dist/fonts/type1/public/lm/lmr10.pfb><c:/texlive/2016/texmf-dis
t/fonts/type1/public/lm/lmr12.pfb><c:/texlive/2016/texmf-dist/fonts/type1/publi
c/lm/lmr6.pfb><c:/texlive/2016/texmf-dist/fonts/type1/public/lm/lmr8.pfb><c:/te
xlive/2016/texmf-dist/fonts/type1/public/lm/lmr9.pfb><c:/texlive/2016/texmf-dis
t/fonts/type1/public/lm/lmri10.pfb><c:/texlive/2016/texmf-dist/fonts/type1/publ
ic/lm/lmri12.pfb><c:/texlive/2016/texmf-dist/fonts/type1/public/lm/lmri8.pfb><c
:/texlive/2016/texmf-dist/fonts/type1/public/lm/lmsy10.pfb><c:/texlive/2016/tex
mf-dist/fonts/type1/public/lm/lmsy6.pfb><c:/texlive/2016/texmf-dist/fonts/type1
/public/lm/lmsy8.pfb><c:/texlive/2016/texmf-dist/fonts/type1/public/lm/lmsy9.pf
b><c:/texlive/2016/texmf-dist/fonts/type1/public/lm/lmtt10.pfb>
Output written on main_fabio.pdf (108 pages, 5895423 bytes).
PDF statistics:
 1831 PDF objects out of 2073 (max. 8388607)
 1610 compressed objects within 17 object streams
 367 named destinations out of 1000 (max. 500000)
 744 words of extra memory for PDF output out of 10000 (max. 10000000)

