\BOOKMARK [0][-]{dummy.2}{\376\377\000A\000b\000s\000t\000r\000a\000c\000t}{}% 1
\BOOKMARK [0][-]{dummy.3}{\376\377\000A\000c\000k\000n\000o\000w\000l\000e\000d\000g\000e\000m\000e\000n\000t\000s}{}% 2
\BOOKMARK [0][-]{dummy.5}{\376\377\000L\000i\000s\000t\000\040\000o\000f\000\040\000F\000i\000g\000u\000r\000e\000s}{}% 3
\BOOKMARK [0][-]{dummy.7}{\376\377\000L\000i\000s\000t\000\040\000o\000f\000\040\000T\000a\000b\000l\000e\000s}{}% 4
\BOOKMARK [0][-]{chapter.9}{\376\377\0001\000\040\000I\000n\000t\000r\000o\000d\000u\000c\000t\000i\000o\000n}{}% 5
\BOOKMARK [1][-]{section.10}{\376\377\0001\000.\0001\000\040\000D\000i\000s\000s\000e\000r\000t\000a\000t\000i\000o\000n\000\040\000p\000l\000a\000n\000\040\000a\000n\000d\000\040\000r\000e\000s\000e\000a\000r\000c\000h\000\040\000c\000o\000n\000t\000r\000i\000b\000u\000t\000i\000o\000n}{chapter.9}% 6
\BOOKMARK [2][-]{subsection.14}{\376\377\0001\000.\0001\000.\0001\000\040\000F\000r\000e\000q\000u\000e\000n\000t\000\040\000I\000t\000e\000m\000s\000e\000t\000\040\000M\000i\000n\000i\000n\000g\000\040\000f\000o\000r\000\040\000B\000i\000g\000\040\000D\000a\000t\000a\000:\000\040\000a\000n\000\040\000e\000x\000p\000e\000r\000i\000m\000e\000n\000t\000a\000l\000\040\000a\000n\000a\000l\000y\000s\000i\000s}{section.10}% 7
\BOOKMARK [2][-]{subsection.15}{\376\377\0001\000.\0001\000.\0002\000\040\000A\000\040\000P\000a\000r\000a\000l\000l\000e\000l\000\040\000M\000a\000p\000-\000R\000e\000d\000u\000c\000e\000\040\000A\000l\000g\000o\000r\000i\000t\000h\000m\000\040\000t\000o\000\040\000E\000f\000f\000i\000c\000i\000e\000n\000t\000l\000y\000\040\000S\000u\000p\000p\000o\000r\000t\000\040\000I\000t\000e\000m\000s\000e\000t\000\040\000M\000i\000n\000i\000n\000g\000\040\000o\000n\000\040\000H\000i\000g\000h\000\040\000D\000i\000m\000e\000n\000s\000i\000o\000n\000a\000l\000\040\000D\000a\000t\000a}{section.10}% 8
\BOOKMARK [2][-]{subsection.16}{\376\377\0001\000.\0001\000.\0003\000\040\000B\000i\000g\000\040\000D\000a\000t\000a\000\040\000M\000i\000n\000i\000n\000g\000\040\000f\000r\000a\000m\000e\000w\000o\000r\000k\000s\000\040\000a\000n\000d\000\040\000M\000i\000s\000l\000e\000a\000d\000i\000n\000g\000\040\000G\000e\000n\000e\000r\000a\000l\000i\000z\000e\000d\000\040\000I\000t\000e\000m\000s\000e\000t\000s}{section.10}% 9
\BOOKMARK [2][-]{subsection.17}{\376\377\0001\000.\0001\000.\0004\000\040\000D\000i\000s\000s\000e\000r\000t\000a\000t\000i\000o\000n\000\040\000P\000l\000a\000n}{section.10}% 10
\BOOKMARK [0][-]{chapter.18}{\376\377\0002\000\040\000B\000a\000c\000k\000g\000r\000o\000u\000n\000d}{}% 11
\BOOKMARK [1][-]{section.19}{\376\377\0002\000.\0001\000\040\000D\000a\000t\000a\000\040\000M\000i\000n\000i\000n\000g\000\040\000a\000n\000d\000\040\000F\000r\000e\000q\000u\000e\000n\000t\000\040\000I\000t\000e\000m\000s\000e\000t\000\040\000M\000i\000n\000i\000n\000g}{chapter.18}% 12
\BOOKMARK [2][-]{subsection.20}{\376\377\0002\000.\0001\000.\0001\000\040\000F\000r\000e\000q\000u\000e\000n\000t\000\040\000I\000t\000e\000m\000s\000e\000t\000\040\000M\000i\000n\000i\000n\000g\000\040\000-\000\040\000P\000r\000e\000l\000i\000m\000i\000n\000a\000r\000i\000e\000s}{section.19}% 13
\BOOKMARK [1][-]{section.24}{\376\377\0002\000.\0002\000\040\000B\000i\000g\000\040\000D\000a\000t\000a\000\040\000a\000n\000d\000\040\000D\000i\000s\000t\000r\000i\000b\000u\000t\000e\000d\000\040\000F\000r\000a\000m\000e\000w\000o\000r\000k\000s}{chapter.18}% 14
\BOOKMARK [2][-]{subsection.25}{\376\377\0002\000.\0002\000.\0001\000\040\000H\000a\000d\000o\000o\000p\000\040\000a\000n\000d\000\040\000S\000p\000a\000r\000k\000\040\000M\000a\000c\000h\000i\000n\000e\000\040\000L\000e\000a\000r\000n\000i\000n\000g\000\040\000L\000i\000b\000r\000a\000r\000i\000e\000s}{section.24}% 15
\BOOKMARK [1][-]{section.26}{\376\377\0002\000.\0003\000\040\000B\000i\000g\000\040\000D\000a\000t\000a\000\040\000a\000n\000d\000\040\000F\000I\000M}{chapter.18}% 16
\BOOKMARK [0][-]{chapter.27}{\376\377\0003\000\040\000F\000r\000e\000q\000u\000e\000n\000t\000\040\000I\000t\000e\000m\000s\000e\000t\000\040\000M\000i\000n\000i\000n\000g\000\040\000f\000o\000r\000\040\000B\000i\000g\000\040\000D\000a\000t\000a\000:\000\040\000a\000n\000\040\000e\000x\000p\000e\000r\000i\000m\000e\000n\000t\000a\000l\000\040\000r\000e\000v\000i\000e\000w}{}% 17
\BOOKMARK [1][-]{section.28}{\376\377\0003\000.\0001\000\040\000I\000n\000t\000r\000o\000d\000u\000c\000t\000i\000o\000n}{chapter.27}% 18
\BOOKMARK [1][-]{section.29}{\376\377\0003\000.\0002\000\040\000E\000v\000a\000l\000u\000a\000t\000i\000o\000n\000\040\000c\000r\000i\000t\000e\000r\000i\000a}{chapter.27}% 19
\BOOKMARK [1][-]{section.36}{\376\377\0003\000.\0003\000\040\000S\000e\000l\000e\000c\000t\000e\000d\000\040\000a\000l\000g\000o\000r\000i\000t\000h\000m\000s}{chapter.27}% 20
\BOOKMARK [2][-]{subsection.38}{\376\377\0003\000.\0003\000.\0001\000\040\000F\000P\000-\000G\000r\000o\000w\000t\000h\000\040\000b\000a\000s\000e\000d\000\040\000a\000l\000g\000o\000r\000i\000t\000h\000m\000s}{section.36}% 21
\BOOKMARK [2][-]{subsection.39}{\376\377\0003\000.\0003\000.\0002\000\040\000B\000i\000g\000F\000I\000M\000\040\000a\000n\000d\000\040\000D\000i\000s\000t\000E\000c\000l\000a\000t}{section.36}% 22
\BOOKMARK [2][-]{subsection.40}{\376\377\0003\000.\0003\000.\0003\000\040\000Y\000A\000F\000I\000M}{section.36}% 23
\BOOKMARK [2][-]{subsection.41}{\376\377\0003\000.\0003\000.\0004\000\040\000O\000t\000h\000e\000r\000\040\000a\000p\000p\000r\000o\000a\000c\000h\000e\000s}{section.36}% 24
\BOOKMARK [1][-]{section.42}{\376\377\0003\000.\0004\000\040\000E\000x\000p\000e\000r\000i\000m\000e\000n\000t\000a\000l\000\040\000e\000v\000a\000l\000u\000a\000t\000i\000o\000n}{chapter.27}% 25
\BOOKMARK [2][-]{subsection.44}{\376\377\0003\000.\0004\000.\0001\000\040\000I\000m\000p\000a\000c\000t\000\040\000o\000f\000\040\000t\000h\000e\000\040\000m\000i\000n\000s\000u\000p\000\040\000s\000u\000p\000p\000o\000r\000t\000\040\000t\000h\000r\000e\000s\000h\000o\000l\000d}{section.42}% 26
\BOOKMARK [2][-]{subsection.48}{\376\377\0003\000.\0004\000.\0002\000\040\000I\000m\000p\000a\000c\000t\000\040\000o\000f\000\040\000t\000h\000e\000\040\000a\000v\000e\000r\000a\000g\000e\000\040\000t\000r\000a\000n\000s\000a\000c\000t\000i\000o\000n\000\040\000l\000e\000n\000g\000t\000h}{section.42}% 27
\BOOKMARK [2][-]{subsection.50}{\376\377\0003\000.\0004\000.\0003\000\040\000I\000m\000p\000a\000c\000t\000\040\000o\000f\000\040\000t\000h\000e\000\040\000n\000u\000m\000b\000e\000r\000\040\000o\000f\000\040\000t\000r\000a\000n\000s\000a\000c\000t\000i\000o\000n\000s}{section.42}% 28
\BOOKMARK [2][-]{subsection.52}{\376\377\0003\000.\0004\000.\0004\000\040\000R\000e\000a\000l\000\040\000u\000s\000e\000\040\000c\000a\000s\000e\000s}{section.42}% 29
\BOOKMARK [2][-]{subsection.61}{\376\377\0003\000.\0004\000.\0005\000\040\000L\000o\000a\000d\000\040\000b\000a\000l\000a\000n\000c\000i\000n\000g}{section.42}% 30
\BOOKMARK [2][-]{subsection.64}{\376\377\0003\000.\0004\000.\0006\000\040\000C\000o\000m\000m\000u\000n\000i\000c\000a\000t\000i\000o\000n\000\040\000c\000o\000s\000t\000s}{section.42}% 31
\BOOKMARK [1][-]{section.70}{\376\377\0003\000.\0005\000\040\000L\000e\000s\000s\000o\000n\000s\000\040\000l\000e\000a\000r\000n\000e\000d}{chapter.27}% 32
\BOOKMARK [1][-]{section.72}{\376\377\0003\000.\0006\000\040\000O\000p\000e\000n\000\040\000i\000s\000s\000u\000e\000s}{chapter.27}% 33
\BOOKMARK [1][-]{section.73}{\376\377\0003\000.\0007\000\040\000S\000u\000m\000m\000a\000r\000y}{chapter.27}% 34
\BOOKMARK [1][-]{section.74}{\376\377\0003\000.\0008\000\040\000R\000e\000l\000e\000v\000a\000n\000t\000\040\000P\000u\000b\000b\000l\000i\000c\000a\000t\000i\000o\000n\000s}{chapter.27}% 35
\BOOKMARK [0][-]{chapter.75}{\376\377\0004\000\040\000F\000r\000e\000q\000u\000e\000n\000t\000\040\000I\000t\000e\000m\000s\000e\000t\000\040\000M\000i\000n\000i\000n\000g\000\040\000f\000o\000r\000\040\000H\000i\000g\000h\000-\000D\000i\000m\000e\000n\000s\000i\000o\000n\000a\000l\000\040\000d\000a\000t\000a}{}% 36
\BOOKMARK [1][-]{section.76}{\376\377\0004\000.\0001\000\040\000I\000n\000t\000r\000o\000d\000u\000c\000t\000i\000o\000n}{chapter.75}% 37
\BOOKMARK [1][-]{section.78}{\376\377\0004\000.\0002\000\040\000F\000r\000e\000q\000u\000e\000n\000t\000\040\000i\000t\000e\000m\000s\000e\000t\000\040\000m\000i\000n\000i\000n\000g\000\040\000b\000a\000c\000k\000g\000r\000o\000u\000n\000d}{chapter.75}% 38
\BOOKMARK [1][-]{section.83}{\376\377\0004\000.\0003\000\040\000T\000h\000e\000\040\000C\000a\000r\000p\000e\000n\000t\000e\000r\000\040\000a\000l\000g\000o\000r\000i\000t\000h\000m}{chapter.75}% 39
\BOOKMARK [1][-]{section.90}{\376\377\0004\000.\0004\000\040\000T\000h\000e\000\040\000P\000a\000M\000P\000a\000-\000H\000D\000\040\000a\000l\000g\000o\000r\000i\000t\000h\000m}{chapter.75}% 40
\BOOKMARK [2][-]{subsection.93}{\376\377\0004\000.\0004\000.\0001\000\040\000I\000m\000p\000l\000e\000m\000e\000n\000t\000a\000t\000i\000o\000n\000\040\000d\000e\000t\000a\000i\000l\000s}{section.90}% 41
\BOOKMARK [1][-]{section.103}{\376\377\0004\000.\0005\000\040\000E\000x\000p\000e\000r\000i\000m\000e\000n\000t\000s}{chapter.75}% 42
\BOOKMARK [2][-]{subsection.105}{\376\377\0004\000.\0005\000.\0001\000\040\000I\000m\000p\000a\000c\000t\000\040\000o\000f\000\040\000t\000h\000e\000\040\000m\000a\000x\000i\000m\000u\000m\000\040\000e\000x\000p\000a\000n\000s\000i\000o\000n\000\040\000t\000h\000r\000e\000s\000h\000o\000l\000d}{section.103}% 43
\BOOKMARK [2][-]{subsection.110}{\376\377\0004\000.\0005\000.\0002\000\040\000S\000e\000l\000f\000-\000t\000u\000n\000i\000n\000g\000\040\000s\000t\000r\000a\000t\000e\000g\000i\000e\000s}{section.103}% 44
\BOOKMARK [2][-]{subsection.113}{\376\377\0004\000.\0005\000.\0003\000\040\000E\000x\000e\000c\000u\000t\000i\000o\000n\000\040\000t\000i\000m\000e}{section.103}% 45
\BOOKMARK [2][-]{subsection.121}{\376\377\0004\000.\0005\000.\0004\000\040\000I\000m\000p\000a\000c\000t\000\040\000o\000f\000\040\000t\000h\000e\000\040\000n\000u\000m\000b\000e\000r\000\040\000o\000f\000\040\000t\000r\000a\000n\000s\000a\000c\000t\000i\000o\000n\000s}{section.103}% 46
\BOOKMARK [2][-]{subsection.125}{\376\377\0004\000.\0005\000.\0005\000\040\000I\000m\000p\000a\000c\000t\000\040\000o\000f\000\040\000t\000h\000e\000\040\000n\000u\000m\000b\000e\000r\000\040\000o\000f\000\040\000n\000o\000d\000e\000s}{section.103}% 47
\BOOKMARK [2][-]{subsection.128}{\376\377\0004\000.\0005\000.\0006\000\040\000L\000o\000a\000d\000\040\000B\000a\000l\000a\000n\000c\000i\000n\000g\000\040\000a\000n\000d\000\040\000c\000o\000m\000m\000u\000n\000i\000c\000a\000t\000i\000o\000n\000\040\000c\000o\000s\000t\000s}{section.103}% 48
\BOOKMARK [1][-]{section.132}{\376\377\0004\000.\0006\000\040\000R\000e\000l\000a\000t\000e\000d\000\040\000w\000o\000r\000k}{chapter.75}% 49
\BOOKMARK [1][-]{section.133}{\376\377\0004\000.\0007\000\040\000A\000p\000p\000l\000i\000c\000a\000t\000i\000o\000n\000s}{chapter.75}% 50
\BOOKMARK [1][-]{section.134}{\376\377\0004\000.\0008\000\040\000C\000o\000n\000c\000l\000u\000s\000i\000o\000n}{chapter.75}% 51
\BOOKMARK [1][-]{section.135}{\376\377\0004\000.\0009\000\040\000R\000e\000l\000e\000v\000a\000n\000t\000\040\000p\000u\000b\000b\000l\000i\000c\000a\000t\000i\000o\000n\000s}{chapter.75}% 52
\BOOKMARK [0][-]{chapter.136}{\376\377\0005\000\040\000F\000r\000e\000q\000u\000e\000n\000t\000\040\000I\000t\000e\000m\000s\000e\000t\000\040\000M\000i\000n\000i\000n\000g\000\040\000i\000n\000\040\000D\000i\000s\000t\000r\000i\000b\000u\000t\000e\000d\000\040\000S\000c\000a\000l\000a\000b\000l\000e\000\040\000F\000r\000a\000m\000e\000w\000o\000r\000k\000s}{}% 53
\BOOKMARK [1][-]{section.137}{\376\377\0005\000.\0001\000\040\000T\000h\000e\000\040\000N\000e\000M\000i\000C\000o\000\040\000a\000r\000c\000h\000i\000t\000e\000c\000t\000u\000r\000e}{chapter.136}% 54
\BOOKMARK [2][-]{subsection.139}{\376\377\0005\000.\0001\000.\0001\000\040\000D\000a\000t\000a\000\040\000a\000c\000q\000u\000i\000s\000i\000t\000i\000o\000n\000\040\000a\000n\000d\000\040\000p\000r\000e\000p\000r\000o\000c\000e\000s\000s\000i\000n\000g}{section.137}% 55
\BOOKMARK [2][-]{subsection.140}{\376\377\0005\000.\0001\000.\0002\000\040\000K\000n\000o\000w\000l\000e\000d\000g\000e\000\040\000e\000x\000t\000r\000a\000c\000t\000i\000o\000n\000\040\000a\000n\000d\000\040\000e\000x\000p\000l\000o\000r\000a\000t\000i\000o\000n}{section.137}% 56
\BOOKMARK [1][-]{section.141}{\376\377\0005\000.\0002\000\040\000M\000i\000s\000l\000e\000a\000d\000i\000n\000g\000\040\000G\000e\000n\000e\000r\000a\000l\000i\000z\000e\000d\000\040\000I\000t\000e\000m\000s\000e\000t\000s}{chapter.136}% 57
\BOOKMARK [1][-]{section.142}{\376\377\0005\000.\0003\000\040\000R\000e\000l\000a\000t\000e\000d\000\040\000w\000o\000r\000k}{chapter.136}% 58
\BOOKMARK [1][-]{section.143}{\376\377\0005\000.\0004\000\040\000P\000r\000e\000l\000i\000m\000i\000n\000a\000r\000y\000\040\000c\000o\000n\000c\000e\000p\000t\000s\000\040\000a\000n\000d\000\040\000p\000r\000o\000b\000l\000e\000m\000\040\000s\000t\000a\000t\000e\000m\000e\000n\000t}{chapter.136}% 59
\BOOKMARK [1][-]{section.147}{\376\377\0005\000.\0005\000\040\000T\000h\000e\000\040\000M\000G\000I\000-\000C\000l\000o\000u\000d\000\040\000a\000r\000c\000h\000i\000t\000e\000c\000t\000u\000r\000e}{chapter.136}% 60
\BOOKMARK [2][-]{subsection.148}{\376\377\0005\000.\0005\000.\0001\000\040\000D\000a\000t\000a\000\040\000r\000e\000t\000r\000i\000e\000v\000a\000l\000\040\000a\000n\000d\000\040\000p\000r\000e\000p\000a\000r\000a\000t\000i\000o\000n}{section.147}% 61
\BOOKMARK [2][-]{subsection.149}{\376\377\0005\000.\0005\000.\0002\000\040\000T\000a\000x\000o\000n\000o\000m\000y\000\040\000g\000e\000n\000e\000r\000a\000t\000i\000o\000n}{section.147}% 62
\BOOKMARK [2][-]{subsection.151}{\376\377\0005\000.\0005\000.\0003\000\040\000L\000e\000v\000e\000l\000-\000s\000h\000a\000r\000i\000n\000g\000\040\000i\000t\000e\000m\000s\000e\000t\000\040\000m\000i\000n\000i\000n\000g}{section.147}% 63
\BOOKMARK [2][-]{subsection.152}{\376\377\0005\000.\0005\000.\0004\000\040\000M\000G\000I\000\040\000e\000x\000t\000r\000a\000c\000t\000i\000o\000n}{section.147}% 64
\BOOKMARK [1][-]{section.153}{\376\377\0005\000.\0006\000\040\000E\000x\000p\000e\000r\000i\000m\000e\000n\000t\000s}{chapter.136}% 65
\BOOKMARK [2][-]{subsection.154}{\376\377\0005\000.\0006\000.\0001\000\040\000C\000h\000a\000r\000a\000c\000t\000e\000r\000i\000s\000t\000i\000c\000s\000\040\000o\000f\000\040\000t\000h\000e\000\040\000m\000i\000n\000i\000n\000g\000\040\000r\000e\000s\000u\000l\000t\000s}{section.153}% 66
\BOOKMARK [2][-]{subsection.157}{\376\377\0005\000.\0006\000.\0002\000\040\000R\000e\000s\000u\000l\000t\000\040\000v\000a\000l\000i\000d\000a\000t\000i\000o\000n}{section.153}% 67
\BOOKMARK [2][-]{subsection.158}{\376\377\0005\000.\0006\000.\0003\000\040\000S\000c\000a\000l\000a\000b\000i\000l\000i\000t\000y\000\040\000w\000i\000t\000h\000\040\000t\000h\000e\000\040\000n\000u\000m\000b\000e\000r\000\040\000o\000f\000\040\000c\000l\000u\000s\000t\000e\000r\000\040\000n\000o\000d\000e\000s}{section.153}% 68
\BOOKMARK [1][-]{section.160}{\376\377\0005\000.\0007\000\040\000C\000o\000n\000c\000l\000u\000s\000i\000o\000n\000s\000\040\000a\000n\000d\000\040\000f\000u\000t\000u\000r\000e\000\040\000p\000e\000r\000s\000p\000e\000c\000t\000i\000v\000e\000s}{chapter.136}% 69
\BOOKMARK [0][-]{chapter.161}{\376\377\0006\000\040\000C\000o\000n\000c\000l\000u\000s\000i\000o\000n}{}% 70
