This is pdfTeX, Version 3.14159265-2.6-1.40.17 (TeX Live 2016/W32TeX) (preloaded format=pdflatex 2016.6.23)  9 DEC 2016 15:30
entering extended mode
 restricted \write18 enabled.
 %&-line parsing enabled.
**./survey_itemset.tex
(./survey_itemset.tex
LaTeX2e <2016/03/31>
Babel <3.9r> and hyphenation patterns for 83 language(s) loaded.
(c:/texlive/2016/texmf-dist/tex/latex/elsarticle/elsarticle.cls
Document Class: elsarticle 2009/09/17, 1.2.0: Elsevier Ltd
\@bls=\dimen102
(c:/texlive/2016/texmf-dist/tex/latex/base/article.cls
Document Class: article 2014/09/29 v1.4h Standard LaTeX document class
(c:/texlive/2016/texmf-dist/tex/latex/base/size12.clo
File: size12.clo 2014/09/29 v1.4h Standard LaTeX file (size option)
)
\c@part=\count79
\c@section=\count80
\c@subsection=\count81
\c@subsubsection=\count82
\c@paragraph=\count83
\c@subparagraph=\count84
\c@figure=\count85
\c@table=\count86
\abovecaptionskip=\skip41
\belowcaptionskip=\skip42
\bibindent=\dimen103
)
(c:/texlive/2016/texmf-dist/tex/latex/graphics/graphicx.sty
Package: graphicx 2014/10/28 v1.0g Enhanced LaTeX Graphics (DPC,SPQR)

(c:/texlive/2016/texmf-dist/tex/latex/graphics/keyval.sty
Package: keyval 2014/10/28 v1.15 key=value parser (DPC)
\KV@toks@=\toks14
)
(c:/texlive/2016/texmf-dist/tex/latex/graphics/graphics.sty
Package: graphics 2016/05/09 v1.0r Standard LaTeX Graphics (DPC,SPQR)

(c:/texlive/2016/texmf-dist/tex/latex/graphics/trig.sty
Package: trig 2016/01/03 v1.10 sin cos tan (DPC)
)
(c:/texlive/2016/texmf-dist/tex/latex/graphics-cfg/graphics.cfg
File: graphics.cfg 2016/01/02 v1.10 sample graphics configuration
)
Package graphics Info: Driver file: pdftex.def on input line 96.

(c:/texlive/2016/texmf-dist/tex/latex/pdftex-def/pdftex.def
File: pdftex.def 2011/05/27 v0.06d Graphics/color for pdfTeX

(c:/texlive/2016/texmf-dist/tex/generic/oberdiek/infwarerr.sty
Package: infwarerr 2016/05/16 v1.4 Providing info/warning/error messages (HO)
)
(c:/texlive/2016/texmf-dist/tex/generic/oberdiek/ltxcmds.sty
Package: ltxcmds 2016/05/16 v1.23 LaTeX kernel commands for general use (HO)
)
\Gread@gobject=\count87
))
\Gin@req@height=\dimen104
\Gin@req@width=\dimen105
)
(c:/texlive/2016/texmf-dist/tex/latex/psnfss/pifont.sty
Package: pifont 2005/04/12 PSNFSS-v9.2a Pi font support (SPQR) 
LaTeX Font Info:    Try loading font information for U+pzd on input line 63.

(c:/texlive/2016/texmf-dist/tex/latex/psnfss/upzd.fd
File: upzd.fd 2001/06/04 font definitions for U/pzd.
)
LaTeX Font Info:    Try loading font information for U+psy on input line 64.

(c:/texlive/2016/texmf-dist/tex/latex/psnfss/upsy.fd
File: upsy.fd 2001/06/04 font definitions for U/psy.
))
\c@tnote=\count88
\c@fnote=\count89
\c@cnote=\count90
\c@ead=\count91
\c@author=\count92
\@eadauthor=\toks15
\c@affn=\count93
\absbox=\box26
\keybox=\box27
\Columnwidth=\dimen106
\space@left=\dimen107
\els@boxa=\box28
\els@boxb=\box29
\leftMargin=\dimen108
\@enLab=\toks16
\@sep=\skip43
\@@sep=\skip44
 (./survey_itemset.spl)
(c:/texlive/2016/texmf-dist/tex/latex/natbib/natbib.sty
Package: natbib 2010/09/13 8.31b (PWD, AO)
\bibhang=\skip45
\bibsep=\skip46
LaTeX Info: Redefining \cite on input line 694.
\c@NAT@ctr=\count94
)
\splwrite=\write3
\openout3 = `survey_itemset.spl'.

)
(c:/texlive/2016/texmf-dist/tex/latex/amsfonts/amssymb.sty
Package: amssymb 2013/01/14 v3.01 AMS font symbols

(c:/texlive/2016/texmf-dist/tex/latex/amsfonts/amsfonts.sty
Package: amsfonts 2013/01/14 v3.01 Basic AMSFonts support
\@emptytoks=\toks17
\symAMSa=\mathgroup4
\symAMSb=\mathgroup5
LaTeX Font Info:    Overwriting math alphabet `\mathfrak' in version `bold'
(Font)                  U/euf/m/n --> U/euf/b/n on input line 106.
))
(c:/texlive/2016/texmf-dist/tex/latex/subfig/subfig.sty
Package: subfig 2005/06/28 ver: 1.3 subfig package

(c:/texlive/2016/texmf-dist/tex/latex/caption/caption3.sty
Package: caption3 2016/02/04 v1.7-139 caption3 kernel (AR)
Package caption3 Info: TeX engine: e-TeX on input line 67.
\captionmargin=\dimen109
\captionmargin@=\dimen110
\captionwidth=\dimen111
\caption@tempdima=\dimen112
\caption@indent=\dimen113
\caption@parindent=\dimen114
\caption@hangindent=\dimen115
)
\c@KVtest=\count95
\sf@farskip=\skip47
\sf@captopadj=\dimen116
\sf@capskip=\skip48
\sf@nearskip=\skip49
\c@subfigure=\count96
\c@subfigure@save=\count97
\c@lofdepth=\count98
\c@subtable=\count99
\c@subtable@save=\count100
\c@lotdepth=\count101
\sf@top=\skip50
\sf@bottom=\skip51
)
(c:/texlive/2016/texmf-dist/tex/latex/multirow/multirow.sty
\bigstrutjot=\dimen117
)
(./survey_itemset.aux)
\openout1 = `survey_itemset.aux'.

LaTeX Font Info:    Checking defaults for OML/cmm/m/it on input line 53.
LaTeX Font Info:    ... okay on input line 53.
LaTeX Font Info:    Checking defaults for T1/cmr/m/n on input line 53.
LaTeX Font Info:    ... okay on input line 53.
LaTeX Font Info:    Checking defaults for OT1/cmr/m/n on input line 53.
LaTeX Font Info:    ... okay on input line 53.
LaTeX Font Info:    Checking defaults for OMS/cmsy/m/n on input line 53.
LaTeX Font Info:    ... okay on input line 53.
LaTeX Font Info:    Checking defaults for OMX/cmex/m/n on input line 53.
LaTeX Font Info:    ... okay on input line 53.
LaTeX Font Info:    Checking defaults for U/cmr/m/n on input line 53.
LaTeX Font Info:    ... okay on input line 53.

(c:/texlive/2016/texmf-dist/tex/context/base/mkii/supp-pdf.mkii
[Loading MPS to PDF converter (version 2006.09.02).]
\scratchcounter=\count102
\scratchdimen=\dimen118
\scratchbox=\box30
\nofMPsegments=\count103
\nofMParguments=\count104
\everyMPshowfont=\toks18
\MPscratchCnt=\count105
\MPscratchDim=\dimen119
\MPnumerator=\count106
\makeMPintoPDFobject=\count107
\everyMPtoPDFconversion=\toks19
) (c:/texlive/2016/texmf-dist/tex/generic/oberdiek/pdftexcmds.sty
Package: pdftexcmds 2016/05/10 v0.21 Utility functions of pdfTeX for LuaTeX (HO
)

(c:/texlive/2016/texmf-dist/tex/generic/oberdiek/ifluatex.sty
Package: ifluatex 2016/05/16 v1.4 Provides the ifluatex switch (HO)
Package ifluatex Info: LuaTeX not detected.
)
(c:/texlive/2016/texmf-dist/tex/generic/oberdiek/ifpdf.sty
Package: ifpdf 2016/05/14 v3.1 Provides the ifpdf switch
)
Package pdftexcmds Info: LuaTeX not detected.
Package pdftexcmds Info: \pdf@primitive is available.
Package pdftexcmds Info: \pdf@ifprimitive is available.
Package pdftexcmds Info: \pdfdraftmode found.
)
(c:/texlive/2016/texmf-dist/tex/latex/oberdiek/epstopdf-base.sty
Package: epstopdf-base 2016/05/15 v2.6 Base part for package epstopdf

(c:/texlive/2016/texmf-dist/tex/latex/oberdiek/grfext.sty
Package: grfext 2016/05/16 v1.2 Manage graphics extensions (HO)

(c:/texlive/2016/texmf-dist/tex/generic/oberdiek/kvdefinekeys.sty
Package: kvdefinekeys 2016/05/16 v1.4 Define keys (HO)
))
(c:/texlive/2016/texmf-dist/tex/latex/oberdiek/kvoptions.sty
Package: kvoptions 2016/05/16 v3.12 Key value format for package options (HO)

(c:/texlive/2016/texmf-dist/tex/generic/oberdiek/kvsetkeys.sty
Package: kvsetkeys 2016/05/16 v1.17 Key value parser (HO)

(c:/texlive/2016/texmf-dist/tex/generic/oberdiek/etexcmds.sty
Package: etexcmds 2016/05/16 v1.6 Avoid name clashes with e-TeX commands (HO)
Package etexcmds Info: Could not find \expanded.
(etexcmds)             That can mean that you are not using pdfTeX 1.50 or
(etexcmds)             that some package has redefined \expanded.
(etexcmds)             In the latter case, load this package earlier.
)))
Package grfext Info: Graphics extension search list:
(grfext)             [.png,.pdf,.jpg,.mps,.jpeg,.jbig2,.jb2,.PNG,.PDF,.JPG,.JPE
G,.JBIG2,.JB2,.eps]
(grfext)             \AppendGraphicsExtensions on input line 456.

(c:/texlive/2016/texmf-dist/tex/latex/latexconfig/epstopdf-sys.cfg
File: epstopdf-sys.cfg 2010/07/13 v1.3 Configuration of (r)epstopdf for TeX Liv
e
))
Package caption Info: Begin \AtBeginDocument code.
Package caption Info: subfig package v1.3 is loaded.
Package caption Info: End \AtBeginDocument code.
LaTeX Font Info:    Try loading font information for U+msa on input line 144.

(c:/texlive/2016/texmf-dist/tex/latex/amsfonts/umsa.fd
File: umsa.fd 2013/01/14 v3.01 AMS symbols A
)
LaTeX Font Info:    Try loading font information for U+msb on input line 144.

(c:/texlive/2016/texmf-dist/tex/latex/amsfonts/umsb.fd
File: umsb.fd 2013/01/14 v3.01 AMS symbols B
) [1


{c:/texlive/2016/texmf-var/fonts/map/pdftex/updmap/pdftex.map}] [2] [3]
LaTeX Font Info:    Try loading font information for OMS+cmr on input line 189.


(c:/texlive/2016/texmf-dist/tex/latex/base/omscmr.fd
File: omscmr.fd 2014/09/29 v2.5h Standard LaTeX font definitions
)
LaTeX Font Info:    Font shape `OMS/cmr/m/n' in size <12> not available
(Font)              Font shape `OMS/cmsy/m/n' tried instead on input line 189.
 [4] [5] [6]
Underfull \hbox (badness 10000) in paragraph at lines 370--370
[]\OT1/cmr/m/n/10 (a) |Hor-i-zon-tal
 []


Underfull \hbox (badness 2285) in paragraph at lines 370--370
\OT1/cmr/m/n/10 rep-re-sen-ta-tion of
 []


Underfull \hbox (badness 10000) in paragraph at lines 386--386
[]\OT1/cmr/m/n/10 (b) |Trans-posed
 []

LaTeX Font Info:    Font shape `OMS/cmr/m/it' in size <12> not available
(Font)              Font shape `OMS/cmsy/m/n' tried instead on input line 451.

Overfull \hbox (6.62506pt too wide) in paragraph at lines 455--459
[]\OT1/cmr/m/n/12 Given a trans-ac-tional dataset $\OMS/cmsy/m/n/12 D$ \OT1/cmr
/m/n/12 and a min-i-mum sup-port thresh-old $\OML/cmm/m/it/12 minsup$\OT1/cmr/m
/n/12 ,
 []

Package epstopdf Info: Source file: <lattices.eps>
(epstopdf)                    date: 2016-11-30 19:11:34
(epstopdf)                    size: 1930374 bytes
(epstopdf)             Output file: <lattices-eps-converted-to.pdf>
(epstopdf)             Command: <repstopdf --outfile=lattices-eps-converted-to.
pdf lattices.eps>
(epstopdf)             \includegraphics on input line 464.
runsystem(repstopdf --outfile=lattices-eps-converted-to.pdf lattices.eps)...exe
cuted safely (allowed).

Package epstopdf Info: Result file: <lattices-eps-converted-to.pdf>
(epstopdf)                    date: 2016-12-09 15:30:05
(epstopdf)                    size: 580744 bytes.
<lattices-eps-converted-to.pdf, id=31, 546.04pt x 448.67625pt>
File: lattices-eps-converted-to.pdf Graphic file (type pdf)

<use lattices-eps-converted-to.pdf>
Package pdftex.def Info: lattices-eps-converted-to.pdf used on input line 464.
(pdftex.def)             Requested size: 361.34999pt x 296.9214pt.
 [7]

LaTeX Warning: Text page 8 contains only floats.

[8] [9 <./lattices-eps-converted-to.pdf>] [10] [11] [12] [13]
Package epstopdf Info: Source file: <Approach1noniterativo.eps>
(epstopdf)                    date: 2016-11-30 18:59:59
(epstopdf)                    size: 4676479 bytes
(epstopdf)             Output file: <Approach1noniterativo-eps-converted-to.pdf
>
(epstopdf)             Command: <repstopdf --outfile=Approach1noniterativo-eps-
converted-to.pdf Approach1noniterativo.eps>
(epstopdf)             \includegraphics on input line 551.
runsystem(repstopdf --outfile=Approach1noniterativo-eps-converted-to.pdf Approa
ch1noniterativo.eps)...executed safely (allowed).

Package epstopdf Info: Result file: <Approach1noniterativo-eps-converted-to.pdf
>
(epstopdf)                    date: 2016-12-09 15:30:08
(epstopdf)                    size: 1392873 bytes.

<Approach1noniterativo-eps-converted-to.pdf, id=61, 845.1575pt x 552.0625pt>
File: Approach1noniterativo-eps-converted-to.pdf Graphic file (type pdf)

<use Approach1noniterativo-eps-converted-to.pdf>
Package pdftex.def Info: Approach1noniterativo-eps-converted-to.pdf used on inp
ut line 551.
(pdftex.def)             Requested size: 361.34999pt x 236.04286pt.
Package epstopdf Info: Source file: <Approach1.eps>
(epstopdf)                    date: 2016-11-30 18:30:08
(epstopdf)                    size: 102423 bytes
(epstopdf)             Output file: <Approach1-eps-converted-to.pdf>
(epstopdf)             Command: <repstopdf --outfile=Approach1-eps-converted-to
.pdf Approach1.eps>
(epstopdf)             \includegraphics on input line 557.
runsystem(repstopdf --outfile=Approach1-eps-converted-to.pdf Approach1.eps)...e
xecuted safely (allowed).

Package epstopdf Info: Result file: <Approach1-eps-converted-to.pdf>
(epstopdf)                    date: 2016-12-09 15:30:10
(epstopdf)                    size: 51537 bytes.

<Approach1-eps-converted-to.pdf, id=62, 696.6025pt x 513.92pt>
File: Approach1-eps-converted-to.pdf Graphic file (type pdf)

<use Approach1-eps-converted-to.pdf>
Package pdftex.def Info: Approach1-eps-converted-to.pdf used on input line 557.

(pdftex.def)             Requested size: 361.34999pt x 266.58907pt.
Package epstopdf Info: Source file: <Approach2.eps>
(epstopdf)                    date: 2016-11-30 18:46:58
(epstopdf)                    size: 42564 bytes
(epstopdf)             Output file: <Approach2-eps-converted-to.pdf>
(epstopdf)             Command: <repstopdf --outfile=Approach2-eps-converted-to
.pdf Approach2.eps>
(epstopdf)             \includegraphics on input line 565.
runsystem(repstopdf --outfile=Approach2-eps-converted-to.pdf Approach2.eps)...e
xecuted safely (allowed).

Package epstopdf Info: Result file: <Approach2-eps-converted-to.pdf>
(epstopdf)                    date: 2016-12-09 15:30:12
(epstopdf)                    size: 38734 bytes.

<Approach2-eps-converted-to.pdf, id=63, 640.3925pt x 425.59pt>
File: Approach2-eps-converted-to.pdf Graphic file (type pdf)

<use Approach2-eps-converted-to.pdf>
Package pdftex.def Info: Approach2-eps-converted-to.pdf used on input line 565.

(pdftex.def)             Requested size: 361.34999pt x 240.14708pt.
 [14 <./Approach1noniterativo-eps-converted-to.pdf>] [15 <./Approach1-eps-conve
rted-to.pdf>] [16 <./Approach2-eps-converted-to.pdf>]

LaTeX Warning: No positions in optional float specifier.
               Default added (so using `tbp') on input line 612.


Underfull \hbox (badness 6300) in paragraph at lines 618--618
[]\OT1/cmr/bx/n/8 Iterative data split ap-proach
 []


Underfull \hbox (badness 10000) in paragraph at lines 623--623
[]\OT1/cmr/m/n/8 Usage of main
 []


Underfull \hbox (badness 2181) in paragraph at lines 623--624
[]\OT1/cmr/m/n/8 The com-plete pro-jected dataset is
 []


Underfull \hbox (badness 10000) in paragraph at lines 624--624
[]\OT1/cmr/m/n/8 Communication
 []


Overfull \hbox (1.65944pt too wide) in paragraph at lines 616--630
 [][] 
 []

[17] [18] [19]
Overfull \hbox (1.67838pt too wide) in paragraph at lines 881--898
[]\OT1/cmr/bx/n/12 YAFIM \OT1/cmr/m/n/12 [[]] is an Apri-ori dis-tributed im-pl
e-men-ta-tion de-vel-oped in Spark.
 []

[20] [21] [22] [23] [24]
Overfull \hbox (1.89597pt too wide) in paragraph at lines 1161--1162
[]\OT1/cmr/m/n/12 the Par-al-lel FP-Growth im-ple-men-ta-tion pro-vided in Ma-h
out 0.9 (named
 []

[25] [26] [27] [28]
Package epstopdf Info: Source file: <minsup_1_log.eps>
(epstopdf)                    date: 2016-11-30 19:17:16
(epstopdf)                    size: 638897 bytes
(epstopdf)             Output file: <minsup_1_log-eps-converted-to.pdf>
(epstopdf)             Command: <repstopdf --outfile=minsup_1_log-eps-converted
-to.pdf minsup_1_log.eps>
(epstopdf)             \includegraphics on input line 1377.
runsystem(repstopdf --outfile=minsup_1_log-eps-converted-to.pdf minsup_1_log.ep
s)...executed safely (allowed).

Package epstopdf Info: Result file: <minsup_1_log-eps-converted-to.pdf>
(epstopdf)                    date: 2016-12-09 15:30:14
(epstopdf)                    size: 203822 bytes.

<minsup_1_log-eps-converted-to.pdf, id=123, 428.60126pt x 286.06876pt>
File: minsup_1_log-eps-converted-to.pdf Graphic file (type pdf)

<use minsup_1_log-eps-converted-to.pdf>
Package pdftex.def Info: minsup_1_log-eps-converted-to.pdf used on input line 1
377.
(pdftex.def)             Requested size: 361.34999pt x 241.18222pt.
Package epstopdf Info: Source file: <minsup_3_log.eps>
(epstopdf)                    date: 2016-11-30 19:17:17
(epstopdf)                    size: 531302 bytes
(epstopdf)             Output file: <minsup_3_log-eps-converted-to.pdf>
(epstopdf)             Command: <repstopdf --outfile=minsup_3_log-eps-converted
-to.pdf minsup_3_log.eps>
(epstopdf)             \includegraphics on input line 1393.
runsystem(repstopdf --outfile=minsup_3_log-eps-converted-to.pdf minsup_3_log.ep
s)...executed safely (allowed).

Package epstopdf Info: Result file: <minsup_3_log-eps-converted-to.pdf>
(epstopdf)                    date: 2016-12-09 15:30:16
(epstopdf)                    size: 180726 bytes.

<minsup_3_log-eps-converted-to.pdf, id=124, 428.60126pt x 286.06876pt>
File: minsup_3_log-eps-converted-to.pdf Graphic file (type pdf)

<use minsup_3_log-eps-converted-to.pdf>
Package pdftex.def Info: minsup_3_log-eps-converted-to.pdf used on input line 1
393.
(pdftex.def)             Requested size: 361.34999pt x 241.18222pt.
 [29]
Underfull \hbox (badness 10000) in paragraph at lines 1455--1509

 []

[30 <./minsup_1_log-eps-converted-to.pdf>] [31 <./minsup_3_log-eps-converted-to
.pdf>]
Package epstopdf Info: Source file: <attributes.eps>
(epstopdf)                    date: 2016-11-30 19:17:08
(epstopdf)                    size: 490427 bytes
(epstopdf)             Output file: <attributes-eps-converted-to.pdf>
(epstopdf)             Command: <repstopdf --outfile=attributes-eps-converted-t
o.pdf attributes.eps>
(epstopdf)             \includegraphics on input line 1624.
runsystem(repstopdf --outfile=attributes-eps-converted-to.pdf attributes.eps)..
.executed safely (allowed).

Package epstopdf Info: Result file: <attributes-eps-converted-to.pdf>
(epstopdf)                    date: 2016-12-09 15:30:22
(epstopdf)                    size: 184173 bytes.
 <attributes-eps-converted-to.pdf, id=141, 428.60126pt x 286.06876pt>
File: attributes-eps-converted-to.pdf Graphic file (type pdf)

<use attributes-eps-converted-to.pdf>
Package pdftex.def Info: attributes-eps-converted-to.pdf used on input line 162
4.
(pdftex.def)             Requested size: 361.34999pt x 241.18222pt.
Package epstopdf Info: Source file: <attributes_deeper.eps>
(epstopdf)                    date: 2016-11-30 19:17:08
(epstopdf)                    size: 452991 bytes
(epstopdf)             Output file: <attributes_deeper-eps-converted-to.pdf>
(epstopdf)             Command: <repstopdf --outfile=attributes_deeper-eps-conv
erted-to.pdf attributes_deeper.eps>
(epstopdf)             \includegraphics on input line 1631.
runsystem(repstopdf --outfile=attributes_deeper-eps-converted-to.pdf attributes
_deeper.eps)...executed safely (allowed).

Package epstopdf Info: Result file: <attributes_deeper-eps-converted-to.pdf>
(epstopdf)                    date: 2016-12-09 15:30:26
(epstopdf)                    size: 192120 bytes.

<attributes_deeper-eps-converted-to.pdf, id=142, 428.60126pt x 286.06876pt>
File: attributes_deeper-eps-converted-to.pdf Graphic file (type pdf)

<use attributes_deeper-eps-converted-to.pdf>
Package pdftex.def Info: attributes_deeper-eps-converted-to.pdf used on input l
ine 1631.
(pdftex.def)             Requested size: 361.34999pt x 241.18222pt.

Underfull \hbox (badness 10000) in paragraph at lines 1637--1665

 []

[32] [33 <./attributes-eps-converted-to.pdf>]
Package epstopdf Info: Source file: <transactions_log.eps>
(epstopdf)                    date: 2016-11-30 19:17:20
(epstopdf)                    size: 474333 bytes
(epstopdf)             Output file: <transactions_log-eps-converted-to.pdf>
(epstopdf)             Command: <repstopdf --outfile=transactions_log-eps-conve
rted-to.pdf transactions_log.eps>
(epstopdf)             \includegraphics on input line 1831.
runsystem(repstopdf --outfile=transactions_log-eps-converted-to.pdf transaction
s_log.eps)...executed safely (allowed).

Package epstopdf Info: Result file: <transactions_log-eps-converted-to.pdf>
(epstopdf)                    date: 2016-12-09 15:30:28
(epstopdf)                    size: 187674 bytes.

<transactions_log-eps-converted-to.pdf, id=152, 428.60126pt x 286.06876pt>
File: transactions_log-eps-converted-to.pdf Graphic file (type pdf)

<use transactions_log-eps-converted-to.pdf>
Package pdftex.def Info: transactions_log-eps-converted-to.pdf used on input li
ne 1831.
(pdftex.def)             Requested size: 361.34999pt x 241.18222pt.
 [34 <./attributes_deeper-eps-converted-to.pdf>] [35 <./transactions_log-eps-co
nverted-to.pdf>]
Package epstopdf Info: Source file: <machines_big.eps>
(epstopdf)                    date: 2016-11-30 19:17:14
(epstopdf)                    size: 602610 bytes
(epstopdf)             Output file: <machines_big-eps-converted-to.pdf>
(epstopdf)             Command: <repstopdf --outfile=machines_big-eps-converted
-to.pdf machines_big.eps>
(epstopdf)             \includegraphics on input line 1894.
runsystem(repstopdf --outfile=machines_big-eps-converted-to.pdf machines_big.ep
s)...executed safely (allowed).

Package epstopdf Info: Result file: <machines_big-eps-converted-to.pdf>
(epstopdf)                    date: 2016-12-09 15:30:30
(epstopdf)                    size: 209587 bytes.

<machines_big-eps-converted-to.pdf, id=165, 428.60126pt x 286.06876pt>
File: machines_big-eps-converted-to.pdf Graphic file (type pdf)

<use machines_big-eps-converted-to.pdf>
Package pdftex.def Info: machines_big-eps-converted-to.pdf used on input line 1
894.
(pdftex.def)             Requested size: 361.34999pt x 241.18222pt.
 [36 <./machines_big-eps-converted-to.pdf>]

LaTeX Warning: `!h' float specifier changed to `!ht'.

[37] [38]
Package epstopdf Info: Source file: <delicious.eps>
(epstopdf)                    date: 2016-11-30 19:17:11
(epstopdf)                    size: 624258 bytes
(epstopdf)             Output file: <delicious-eps-converted-to.pdf>
(epstopdf)             Command: <repstopdf --outfile=delicious-eps-converted-to
.pdf delicious.eps>
(epstopdf)             \includegraphics on input line 2061.
runsystem(repstopdf --outfile=delicious-eps-converted-to.pdf delicious.eps)...e
xecuted safely (allowed).

Package epstopdf Info: Result file: <delicious-eps-converted-to.pdf>
(epstopdf)                    date: 2016-12-09 15:30:33
(epstopdf)                    size: 246744 bytes.
 <delicious-eps-converted-to.pdf, id=179, 428.60126pt x 286.06876pt>
File: delicious-eps-converted-to.pdf Graphic file (type pdf)

<use delicious-eps-converted-to.pdf>
Package pdftex.def Info: delicious-eps-converted-to.pdf used on input line 2061
.
(pdftex.def)             Requested size: 361.34999pt x 241.18222pt.
 [39]
Package epstopdf Info: Source file: <number_flows.eps>
(epstopdf)                    date: 2016-11-30 19:17:19
(epstopdf)                    size: 740862 bytes
(epstopdf)             Output file: <number_flows-eps-converted-to.pdf>
(epstopdf)             Command: <repstopdf --outfile=number_flows-eps-converted
-to.pdf number_flows.eps>
(epstopdf)             \includegraphics on input line 2147.
runsystem(repstopdf --outfile=number_flows-eps-converted-to.pdf number_flows.ep
s)...executed safely (allowed).

Package epstopdf Info: Result file: <number_flows-eps-converted-to.pdf>
(epstopdf)                    date: 2016-12-09 15:30:35
(epstopdf)                    size: 222550 bytes.

<number_flows-eps-converted-to.pdf, id=183, 428.60126pt x 286.06876pt>
File: number_flows-eps-converted-to.pdf Graphic file (type pdf)

<use number_flows-eps-converted-to.pdf>
Package pdftex.def Info: number_flows-eps-converted-to.pdf used on input line 2
147.
(pdftex.def)             Requested size: 361.34999pt x 241.18222pt.
Package epstopdf Info: Source file: <net_logs_log.eps>
(epstopdf)                    date: 2016-11-30 19:17:18
(epstopdf)                    size: 1092327 bytes
(epstopdf)             Output file: <net_logs_log-eps-converted-to.pdf>
(epstopdf)             Command: <repstopdf --outfile=net_logs_log-eps-converted
-to.pdf net_logs_log.eps>
(epstopdf)             \includegraphics on input line 2153.
runsystem(repstopdf --outfile=net_logs_log-eps-converted-to.pdf net_logs_log.ep
s)...executed safely (allowed).

Package epstopdf Info: Result file: <net_logs_log-eps-converted-to.pdf>
(epstopdf)                    date: 2016-12-09 15:30:39
(epstopdf)                    size: 323506 bytes.

<net_logs_log-eps-converted-to.pdf, id=184, 428.60126pt x 286.06876pt>
File: net_logs_log-eps-converted-to.pdf Graphic file (type pdf)

<use net_logs_log-eps-converted-to.pdf>
Package pdftex.def Info: net_logs_log-eps-converted-to.pdf used on input line 2
153.
(pdftex.def)             Requested size: 361.34999pt x 241.18222pt.


LaTeX Warning: `!h' float specifier changed to `!ht'.

[40 <./delicious-eps-converted-to.pdf>] [41 <./number_flows-eps-converted-to.pd
f>] [42 <./net_logs_log-eps-converted-to.pdf>]
Package epstopdf Info: Source file: <load_balance_big_2.eps>
(epstopdf)                    date: 2016-11-30 19:17:13
(epstopdf)                    size: 1225584 bytes
(epstopdf)             Output file: <load_balance_big_2-eps-converted-to.pdf>
(epstopdf)             Command: <repstopdf --outfile=load_balance_big_2-eps-con
verted-to.pdf load_balance_big_2.eps>
(epstopdf)             \includegraphics on input line 2242.
runsystem(repstopdf --outfile=load_balance_big_2-eps-converted-to.pdf load_bala
nce_big_2.eps)...executed safely (allowed).

Package epstopdf Info: Result file: <load_balance_big_2-eps-converted-to.pdf>
(epstopdf)                    date: 2016-12-09 15:30:41
(epstopdf)                    size: 461318 bytes.

<load_balance_big_2-eps-converted-to.pdf, id=204, 428.60126pt x 286.06876pt>
File: load_balance_big_2-eps-converted-to.pdf Graphic file (type pdf)

<use load_balance_big_2-eps-converted-to.pdf>
Package pdftex.def Info: load_balance_big_2-eps-converted-to.pdf used on input 
line 2242.
(pdftex.def)             Requested size: 361.34999pt x 241.18222pt.
 [43] [44 <./load_balance_big_2-eps-converted-to.pdf>]
Package epstopdf Info: Source file: <comm_costs.eps>
(epstopdf)                    date: 2016-11-30 19:17:11
(epstopdf)                    size: 1450644 bytes
(epstopdf)             Output file: <comm_costs-eps-converted-to.pdf>
(epstopdf)             Command: <repstopdf --outfile=comm_costs-eps-converted-t
o.pdf comm_costs.eps>
(epstopdf)             \includegraphics on input line 2317.
runsystem(repstopdf --outfile=comm_costs-eps-converted-to.pdf comm_costs.eps)..
.executed safely (allowed).

Package epstopdf Info: Result file: <comm_costs-eps-converted-to.pdf>
(epstopdf)                    date: 2016-12-09 15:30:43
(epstopdf)                    size: 156198 bytes.

<comm_costs-eps-converted-to.pdf, id=215, 427.5975pt x 286.06876pt>
File: comm_costs-eps-converted-to.pdf Graphic file (type pdf)

<use comm_costs-eps-converted-to.pdf>
Package pdftex.def Info: comm_costs-eps-converted-to.pdf used on input line 231
7.
(pdftex.def)             Requested size: 361.34999pt x 241.74968pt.
 [45] [46 <./comm_costs-eps-converted-to.pdf>] [47] [48]
Overfull \hbox (1.0669pt too wide) in paragraph at lines 2743--2750
\OT1/cmr/m/n/12 ap-proaches, and also to be able to reach the low-est ex-per-i-
men-tal $\OML/cmm/m/it/12 minsup$
 []

[49] [50] [51] [52]
Missing character: There is no Ã in font cmr12!
Missing character: There is no ± in font cmr12!

Underfull \hbox (badness 5288) in paragraph at lines 3008--3010
[]\OT1/cmr/m/n/12 The Apache Ma-hout ma-chine learn-ing li-brary, last Ac-cesse
d:
 []

[53]
Underfull \hbox (badness 2894) in paragraph at lines 3013--3015
[]\OT1/cmr/m/n/12 MADlib: Big Data Ma-chine Learn-ing in SQL, last Ac-cessed:
 []

[54]
Underfull \hbox (badness 2409) in paragraph at lines 3070--3072
[]\OT1/cmr/m/n/12 S. Moens, E. Ak-se-hirli, , B. Goethals, Dist-eclat and big-f
im,
 []

[55] [56] (./survey_itemset.aux) ) 
Here is how much of TeX's memory you used:
 3396 strings out of 493014
 50808 string characters out of 6137001
 114499 words of memory out of 5000000
 6870 multiletter control sequences out of 15000+600000
 12619 words of font info for 49 fonts, out of 8000000 for 9000
 1141 hyphenation exceptions out of 8191
 38i,10n,49p,1060b,333s stack positions out of 5000i,500n,10000p,200000b,80000s
<c:/texlive/2016/texmf-dist/fonts/type1/publi
c/amsfonts/cm/cmbx12.pfb><c:/texlive/2016/texmf-dist/fonts/type1/public/amsfont
s/cm/cmbx8.pfb><c:/texlive/2016/texmf-dist/fonts/type1/public/amsfonts/cm/cmmi1
0.pfb><c:/texlive/2016/texmf-dist/fonts/type1/public/amsfonts/cm/cmmi12.pfb><c:
/texlive/2016/texmf-dist/fonts/type1/public/amsfonts/cm/cmmi8.pfb><c:/texlive/2
016/texmf-dist/fonts/type1/public/amsfonts/cm/cmr10.pfb><c:/texlive/2016/texmf-
dist/fonts/type1/public/amsfonts/cm/cmr12.pfb><c:/texlive/2016/texmf-dist/fonts
/type1/public/amsfonts/cm/cmr17.pfb><c:/texlive/2016/texmf-dist/fonts/type1/pub
lic/amsfonts/cm/cmr7.pfb><c:/texlive/2016/texmf-dist/fonts/type1/public/amsfont
s/cm/cmr8.pfb><c:/texlive/2016/texmf-dist/fonts/type1/public/amsfonts/cm/cmsy10
.pfb><c:/texlive/2016/texmf-dist/fonts/type1/public/amsfonts/cm/cmsy7.pfb><c:/t
exlive/2016/texmf-dist/fonts/type1/public/amsfonts/cm/cmsy8.pfb><c:/texlive/201
6/texmf-dist/fonts/type1/public/amsfonts/cm/cmti10.pfb><c:/texlive/2016/texmf-d
ist/fonts/type1/public/amsfonts/cm/cmti12.pfb><c:/texlive/2016/texmf-dist/fonts
/type1/public/amsfonts/cm/cmtt10.pfb><c:/texlive/2016/texmf-dist/fonts/type1/pu
blic/amsfonts/cm/cmtt12.pfb>
Output written on survey_itemset.pdf (56 pages, 4916653 bytes).
PDF statistics:
 315 PDF objects out of 1000 (max. 8388607)
 207 compressed objects within 3 object streams
 0 named destinations out of 1000 (max. 500000)
 76 words of extra memory for PDF output out of 10000 (max. 10000000)

