This is pdfTeX, Version 3.14159265-2.6-1.40.15 (TeX Live 2014/W32TeX) (preloaded format=pdflatex 2015.4.15)  28 APR 2016 16:09
entering extended mode
 restricted \write18 enabled.
 %&-line parsing enabled.
**"extension - solo_exp.tex"
(./extension - solo_exp.tex
LaTeX2e <2014/05/01>
Babel <3.9l> and hyphenation patterns for 79 languages loaded.
(d:/texlive/2014/texmf-dist/tex/latex/elsarticle/elsarticle.cls
Document Class: elsarticle 2009/09/17, 1.2.0: Elsevier Ltd
\@bls=\dimen102
(d:/texlive/2014/texmf-dist/tex/latex/base/article.cls
Document Class: article 2014/09/29 v1.4h Standard LaTeX document class
(d:/texlive/2014/texmf-dist/tex/latex/base/size12.clo
File: size12.clo 2014/09/29 v1.4h Standard LaTeX file (size option)
)
\c@part=\count79
\c@section=\count80
\c@subsection=\count81
\c@subsubsection=\count82
\c@paragraph=\count83
\c@subparagraph=\count84
\c@figure=\count85
\c@table=\count86
\abovecaptionskip=\skip41
\belowcaptionskip=\skip42
\bibindent=\dimen103
)
(d:/texlive/2014/texmf-dist/tex/latex/graphics/graphicx.sty
Package: graphicx 2014/10/28 v1.0g Enhanced LaTeX Graphics (DPC,SPQR)

(d:/texlive/2014/texmf-dist/tex/latex/graphics/keyval.sty
Package: keyval 2014/10/28 v1.15 key=value parser (DPC)
\KV@toks@=\toks14
)
(d:/texlive/2014/texmf-dist/tex/latex/graphics/graphics.sty
Package: graphics 2014/10/28 v1.0p Standard LaTeX Graphics (DPC,SPQR)

(d:/texlive/2014/texmf-dist/tex/latex/graphics/trig.sty
Package: trig 1999/03/16 v1.09 sin cos tan (DPC)
)
(d:/texlive/2014/texmf-dist/tex/latex/latexconfig/graphics.cfg
File: graphics.cfg 2010/04/23 v1.9 graphics configuration of TeX Live
)
Package graphics Info: Driver file: pdftex.def on input line 91.

(d:/texlive/2014/texmf-dist/tex/latex/pdftex-def/pdftex.def
File: pdftex.def 2011/05/27 v0.06d Graphics/color for pdfTeX

(d:/texlive/2014/texmf-dist/tex/generic/oberdiek/infwarerr.sty
Package: infwarerr 2010/04/08 v1.3 Providing info/warning/error messages (HO)
)
(d:/texlive/2014/texmf-dist/tex/generic/oberdiek/ltxcmds.sty
Package: ltxcmds 2011/11/09 v1.22 LaTeX kernel commands for general use (HO)
)
\Gread@gobject=\count87
))
\Gin@req@height=\dimen104
\Gin@req@width=\dimen105
)
(d:/texlive/2014/texmf-dist/tex/latex/psnfss/pifont.sty
Package: pifont 2005/04/12 PSNFSS-v9.2a Pi font support (SPQR) 
LaTeX Font Info:    Try loading font information for U+pzd on input line 63.

(d:/texlive/2014/texmf-dist/tex/latex/psnfss/upzd.fd
File: upzd.fd 2001/06/04 font definitions for U/pzd.
)
LaTeX Font Info:    Try loading font information for U+psy on input line 64.

(d:/texlive/2014/texmf-dist/tex/latex/psnfss/upsy.fd
File: upsy.fd 2001/06/04 font definitions for U/psy.
))
\c@tnote=\count88
\c@fnote=\count89
\c@cnote=\count90
\c@ead=\count91
\c@author=\count92
\@eadauthor=\toks15
\c@affn=\count93
\absbox=\box26
\keybox=\box27
\Columnwidth=\dimen106
\space@left=\dimen107
\els@boxa=\box28
\els@boxb=\box29
\leftMargin=\dimen108
\@enLab=\toks16
\@sep=\skip43
\@@sep=\skip44

(./extension - solo_exp.spl)
(d:/texlive/2014/texmf-dist/tex/latex/natbib/natbib.sty
Package: natbib 2010/09/13 8.31b (PWD, AO)
\bibhang=\skip45
\bibsep=\skip46
LaTeX Info: Redefining \cite on input line 694.
\c@NAT@ctr=\count94
)
\splwrite=\write3
\openout3 = `"extension - solo_exp.spl"'.

)
(d:/texlive/2014/texmf-dist/tex/latex/amsfonts/amssymb.sty
Package: amssymb 2013/01/14 v3.01 AMS font symbols

(d:/texlive/2014/texmf-dist/tex/latex/amsfonts/amsfonts.sty
Package: amsfonts 2013/01/14 v3.01 Basic AMSFonts support
\@emptytoks=\toks17
\symAMSa=\mathgroup4
\symAMSb=\mathgroup5
LaTeX Font Info:    Overwriting math alphabet `\mathfrak' in version `bold'
(Font)                  U/euf/m/n --> U/euf/b/n on input line 106.
))
(d:/texlive/2014/texmf-dist/tex/latex/subfig/subfig.sty
Package: subfig 2005/06/28 ver: 1.3 subfig package

(d:/texlive/2014/texmf-dist/tex/latex/caption/caption3.sty
Package: caption3 2013/05/02 v1.6-88 caption3 kernel (AR)
Package caption3 Info: TeX engine: e-TeX on input line 57.
\captionmargin=\dimen109
\captionmargin@=\dimen110
\captionwidth=\dimen111
\caption@tempdima=\dimen112
\caption@indent=\dimen113
\caption@parindent=\dimen114
\caption@hangindent=\dimen115
)
\c@KVtest=\count95
\sf@farskip=\skip47
\sf@captopadj=\dimen116
\sf@capskip=\skip48
\sf@nearskip=\skip49
\c@subfigure=\count96
\c@subfigure@save=\count97
\c@lofdepth=\count98
\c@subtable=\count99
\c@subtable@save=\count100
\c@lotdepth=\count101
\sf@top=\skip50
\sf@bottom=\skip51
)
(d:/texlive/2014/texmf-dist/tex/latex/multirow/multirow.sty
\bigstrutjot=\dimen117
)
(d:/texlive/2014/texmf-dist/tex/latex/capt-of/capt-of.sty
Package: capt-of 2009/12/29 v0.2 standard captions outside of floats
)
(d:/texlive/2014/texmf-dist/tex/latex/algorithmicx/algpseudocode.sty
Package: algpseudocode 

(d:/texlive/2014/texmf-dist/tex/latex/base/ifthen.sty
Package: ifthen 2014/09/29 v1.1c Standard LaTeX ifthen package (DPC)
)
(d:/texlive/2014/texmf-dist/tex/latex/algorithmicx/algorithmicx.sty
Package: algorithmicx 2005/04/27 v1.2 Algorithmicx

Document Style algorithmicx 1.2 - a greatly improved `algorithmic' style
\c@ALG@line=\count102
\c@ALG@rem=\count103
\c@ALG@nested=\count104
\ALG@tlm=\skip52
\ALG@thistlm=\skip53
\c@ALG@Lnr=\count105
\c@ALG@blocknr=\count106
\c@ALG@storecount=\count107
\c@ALG@tmpcounter=\count108
\ALG@tmplength=\skip54
)
Document Style - pseudocode environments for use with the `algorithmicx' style
) (./extension - solo_exp.aux)
\openout1 = `"extension - solo_exp.aux"'.

LaTeX Font Info:    Checking defaults for OML/cmm/m/it on input line 59.
LaTeX Font Info:    ... okay on input line 59.
LaTeX Font Info:    Checking defaults for T1/cmr/m/n on input line 59.
LaTeX Font Info:    ... okay on input line 59.
LaTeX Font Info:    Checking defaults for OT1/cmr/m/n on input line 59.
LaTeX Font Info:    ... okay on input line 59.
LaTeX Font Info:    Checking defaults for OMS/cmsy/m/n on input line 59.
LaTeX Font Info:    ... okay on input line 59.
LaTeX Font Info:    Checking defaults for OMX/cmex/m/n on input line 59.
LaTeX Font Info:    ... okay on input line 59.
LaTeX Font Info:    Checking defaults for U/cmr/m/n on input line 59.
LaTeX Font Info:    ... okay on input line 59.

(d:/texlive/2014/texmf-dist/tex/context/base/supp-pdf.mkii
[Loading MPS to PDF converter (version 2006.09.02).]
\scratchcounter=\count109
\scratchdimen=\dimen118
\scratchbox=\box30
\nofMPsegments=\count110
\nofMParguments=\count111
\everyMPshowfont=\toks18
\MPscratchCnt=\count112
\MPscratchDim=\dimen119
\MPnumerator=\count113
\makeMPintoPDFobject=\count114
\everyMPtoPDFconversion=\toks19
) (d:/texlive/2014/texmf-dist/tex/generic/oberdiek/pdftexcmds.sty
Package: pdftexcmds 2011/11/29 v0.20 Utility functions of pdfTeX for LuaTeX (HO
)

(d:/texlive/2014/texmf-dist/tex/generic/oberdiek/ifluatex.sty
Package: ifluatex 2010/03/01 v1.3 Provides the ifluatex switch (HO)
Package ifluatex Info: LuaTeX not detected.
)
(d:/texlive/2014/texmf-dist/tex/generic/oberdiek/ifpdf.sty
Package: ifpdf 2011/01/30 v2.3 Provides the ifpdf switch (HO)
Package ifpdf Info: pdfTeX in PDF mode is detected.
)
Package pdftexcmds Info: LuaTeX not detected.
Package pdftexcmds Info: \pdf@primitive is available.
Package pdftexcmds Info: \pdf@ifprimitive is available.
Package pdftexcmds Info: \pdfdraftmode found.
)
(d:/texlive/2014/texmf-dist/tex/latex/oberdiek/epstopdf-base.sty
Package: epstopdf-base 2010/02/09 v2.5 Base part for package epstopdf

(d:/texlive/2014/texmf-dist/tex/latex/oberdiek/grfext.sty
Package: grfext 2010/08/19 v1.1 Manage graphics extensions (HO)

(d:/texlive/2014/texmf-dist/tex/generic/oberdiek/kvdefinekeys.sty
Package: kvdefinekeys 2011/04/07 v1.3 Define keys (HO)
))
(d:/texlive/2014/texmf-dist/tex/latex/oberdiek/kvoptions.sty
Package: kvoptions 2011/06/30 v3.11 Key value format for package options (HO)

(d:/texlive/2014/texmf-dist/tex/generic/oberdiek/kvsetkeys.sty
Package: kvsetkeys 2012/04/25 v1.16 Key value parser (HO)

(d:/texlive/2014/texmf-dist/tex/generic/oberdiek/etexcmds.sty
Package: etexcmds 2011/02/16 v1.5 Avoid name clashes with e-TeX commands (HO)
Package etexcmds Info: Could not find \expanded.
(etexcmds)             That can mean that you are not using pdfTeX 1.50 or
(etexcmds)             that some package has redefined \expanded.
(etexcmds)             In the latter case, load this package earlier.
)))
Package grfext Info: Graphics extension search list:
(grfext)             [.png,.pdf,.jpg,.mps,.jpeg,.jbig2,.jb2,.PNG,.PDF,.JPG,.JPE
G,.JBIG2,.JB2,.eps]
(grfext)             \AppendGraphicsExtensions on input line 452.

(d:/texlive/2014/texmf-dist/tex/latex/latexconfig/epstopdf-sys.cfg
File: epstopdf-sys.cfg 2010/07/13 v1.3 Configuration of (r)epstopdf for TeX Liv
e
))
Package caption Info: Begin \AtBeginDocument code.
Package caption Info: subfig package v1.3 is loaded.
Package caption Info: End \AtBeginDocument code.

(./abstract.tex)
LaTeX Font Info:    Try loading font information for U+msa on input line 116.
 (d:/texlive/2014/texmf-dist/tex/latex/amsfonts/umsa.fd
File: umsa.fd 2013/01/14 v3.01 AMS symbols A
)
LaTeX Font Info:    Try loading font information for U+msb on input line 116.

(d:/texlive/2014/texmf-dist/tex/latex/amsfonts/umsb.fd
File: umsb.fd 2013/01/14 v3.01 AMS symbols B
) (./exp.tex

LaTeX Warning: Reference `running_time' on page 1 undefined on input line 2.


LaTeX Warning: Reference `num_rows' on page 1 undefined on input line 2.


LaTeX Warning: Reference `scalability' on page 1 undefined on input line 2.

[1


{d:/texlive/2014/texmf-var/fonts/map/pdftex/updmap/pdftex.map}]

Package natbib Warning: Citation `uci' on page 2 undefined on input line 6.


Package natbib Warning: Citation `pems' on page 2 undefined on input line 7.


Package natbib Warning: Citation `breast_cancer_dataset' on page 2 undefined on
 input line 13.


Package natbib Warning: Citation `Zaki_Carpenter' on page 2 undefined on input 
line 17.

[2]

LaTeX Warning: Reference `Distributed implementation outline' on page 3 undefin
ed on input line 69.

[3]

LaTeX Warning: Reference `pems_fixed' on page 4 undefined on input line 84.

[4] <immagini_extension/pems_fixed.png, id=24, 427.8384pt x 285.7074pt>
File: immagini_extension/pems_fixed.png Graphic file (type png)

<use immagini_extension/pems_fixed.png>
Package pdftex.def Info: immagini_extension/pems_fixed.png used on input line 1
02.
(pdftex.def)             Requested size: 361.34999pt x 241.31786pt.

<immagini_extension/breast_fixed.png, id=26, 427.3566pt x 285.7074pt>
File: immagini_extension/breast_fixed.png Graphic file (type png)

<use immagini_extension/breast_fixed.png>
Package pdftex.def Info: immagini_extension/breast_fixed.png used on input line
 109.
(pdftex.def)             Requested size: 361.34999pt x 241.58379pt.


LaTeX Warning: Reference `breast_fixed' on page 5 undefined on input line 115.


LaTeX Warning: Reference `load balance breast' on page 5 undefined on input lin
e 123.

[5 <./immagini_extension/pems_fixed.png>]
Overfull \hbox (13.75603pt too wide) in paragraph at lines 133--144
 [] 
 []


LaTeX Warning: Reference `pems_fixed' on page 6 undefined on input line 151.


LaTeX Warning: Reference `breast_fixed' on page 6 undefined on input line 151.

[6 <./immagini_extension/breast_fixed.png>] [7]

Package natbib Warning: Citation `Jacobson:1988:CAC:52325.52356' on page 8 unde
fined on input line 232.

[8] [9]

LaTeX Warning: Reference `strategies_perf' on page 10 undefined on input line 2
62.

[10]

LaTeX Warning: Reference `pems_strategy1' on page 11 undefined on input line 26
5.


LaTeX Warning: Reference `breast_strategy1' on page 11 undefined on input line 
265.


Overfull \hbox (1.20566pt too wide) in paragraph at lines 265--266
[]\OT1/cmr/m/n/12 Since the best per-for-mances are achieved with val-ues of 10
,000 and 100,000
 []

<immagini_extension/pems_strategy1.png, id=52, 427.8384pt x 285.2256pt>
File: immagini_extension/pems_strategy1.png Graphic file (type png)

<use immagini_extension/pems_strategy1.png>
Package pdftex.def Info: immagini_extension/pems_strategy1.png used on input li
ne 326.
(pdftex.def)             Requested size: 361.34999pt x 240.91092pt.

<immagini_extension/breast_strategy1.png, id=53, 427.8384pt x 285.7074pt>
File: immagini_extension/breast_strategy1.png Graphic file (type png)

<use immagini_extension/breast_strategy1.png>
Package pdftex.def Info: immagini_extension/breast_strategy1.png used on input 
line 362.
(pdftex.def)             Requested size: 361.34999pt x 241.31786pt.


Package natbib Warning: Citation `pfpgrowth' on page 11 undefined on input line
 402.


Package natbib Warning: Citation `Mahout' on page 11 undefined on input line 40
2.


Package natbib Warning: Citation `Han00' on page 11 undefined on input line 402
.


Package natbib Warning: Citation `bigfim' on page 11 undefined on input line 40
4.


Package natbib Warning: Citation `Zaki97newalgorithms' on page 11 undefined on 
input line 404.


Package natbib Warning: Citation `bigfim' on page 11 undefined on input line 40
5.


Package natbib Warning: Citation `Agr94' on page 11 undefined on input line 405
.


LaTeX Warning: Reference `Related work' on page 11 undefined on input line 410.


[11]

Package natbib Warning: Citation `uci' on page 12 undefined on input line 420.


Package natbib Warning: Citation `bigfim' on page 12 undefined on input line 42
1.

[12 <./immagini_extension/pems_strategy1.png>]

LaTeX Warning: Reference `pems_confronto' on page 13 undefined on input line 42
4.

[13 <./immagini_extension/breast_strategy1.png>]
<immagini_extension/pems_confronto.png, id=66, 427.8384pt x 285.7074pt>
File: immagini_extension/pems_confronto.png Graphic file (type png)

<use immagini_extension/pems_confronto.png>
Package pdftex.def Info: immagini_extension/pems_confronto.png used on input li
ne 432.
(pdftex.def)             Requested size: 361.34999pt x 241.31786pt.

<immagini_extension/breast_confronto.png, id=67, 427.8384pt x 285.7074pt>
File: immagini_extension/breast_confronto.png Graphic file (type png)

<use immagini_extension/breast_confronto.png>
Package pdftex.def Info: immagini_extension/breast_confronto.png used on input 
line 438.
(pdftex.def)             Requested size: 361.34999pt x 241.31786pt.


Package natbib Warning: Citation `breast_cancer_dataset' on page 14 undefined o
n input line 443.


LaTeX Warning: Reference `breast_confronto' on page 14 undefined on input line 
444.

[14 <./immagini_extension/pems_confronto.png>] [15 <./immagini_extension/breast
_confronto.png>]

LaTeX Warning: Reference `running_1' on page 16 undefined on input line 461.


LaTeX Warning: Reference `pampa_pems_confronto' on page 16 undefined on input l
ine 469.

<immagini_extension/pampa_pems_confronto.png, id=76, 427.8384pt x 285.2256pt>
File: immagini_extension/pampa_pems_confronto.png Graphic file (type png)

<use immagini_extension/pampa_pems_confronto.png>
Package pdftex.def Info: immagini_extension/pampa_pems_confronto.png used on in
put line 473.
(pdftex.def)             Requested size: 361.34999pt x 240.91092pt.
) (./pw.tex

Package natbib Warning: Citation `Agr94' on page 16 undefined on input line 7.


Package natbib Warning: Citation `Han00' on page 16 undefined on input line 9.


Package natbib Warning: Citation `Zaki97newalgorithms' on page 16 undefined on 
input line 15.


Package natbib Warning: Citation `Agr94' on page 16 undefined on input line 15.


[16] [17 <./immagini_extension/pampa_pems_confronto.png>]

Package natbib Warning: Citation `HDFS' on page 18 undefined on input line 19.


Package natbib Warning: Citation `ArticoloMapReduceGoogle' on page 18 undefined
 on input line 20.


Package natbib Warning: Citation `Zaharia_spark' on page 18 undefined on input 
line 21.


Package natbib Warning: Citation `pfpgrowth' on page 18 undefined on input line
 22.


Package natbib Warning: Citation `bigfim' on page 18 undefined on input line 26
.


Package natbib Warning: Citation `Zaki97newalgorithms' on page 18 undefined on 
input line 27.


Package natbib Warning: Citation `Zaki_Carpenter' on page 18 undefined on input
 line 32.


LaTeX Warning: Reference `Carpenter algorithm' on page 18 undefined on input li
ne 36.


Package natbib Warning: Citation `pampa_v1' on page 18 undefined on input line 
37.


LaTeX Warning: Reference `MapReduce Carpenter' on page 18 undefined on input li
ne 37.

[18]) (./applications.tex

Package natbib Warning: Citation `Tstat' on page 19 undefined on input line 21.



Package natbib Warning: Citation `netflow' on page 19 undefined on input line 2
1.


Package natbib Warning: Citation `trustcom2013' on page 19 undefined on input l
ine 24.


Package natbib Warning: Citation `fontas_AR' on page 19 undefined on input line
 24.


Package natbib Warning: Citation `Netmine' on page 19 undefined on input line 2
4.

) [19] (./conclusions.tex)
Underfull \hbox (badness 10000) in paragraph at lines 229--235

 []

No file "extension - solo_exp".bbl.

Package natbib Warning: There were undefined citations.

[20] (./extension - solo_exp.aux)

LaTeX Warning: There were undefined references.


LaTeX Warning: Label(s) may have changed. Rerun to get cross-references right.

 ) 
Here is how much of TeX's memory you used:
 3725 strings out of 493109
 53913 string characters out of 6138587
 119704 words of memory out of 5000000
 7106 multiletter control sequences out of 15000+600000
 12322 words of font info for 47 fonts, out of 8000000 for 9000
 1141 hyphenation exceptions out of 8191
 38i,10n,38p,894b,256s stack positions out of 5000i,500n,10000p,200000b,80000s
<d:/texlive/2014/texmf-dist/fonts/type1/public/amsfonts/cm/cmbx12.pfb><d:/tex
live/2014/texmf-dist/fonts/type1/public/amsfonts/cm/cmmi10.pfb><d:/texlive/2014
/texmf-dist/fonts/type1/public/amsfonts/cm/cmmi12.pfb><d:/texlive/2014/texmf-di
st/fonts/type1/public/amsfonts/cm/cmmi6.pfb><d:/texlive/2014/texmf-dist/fonts/t
ype1/public/amsfonts/cm/cmmi8.pfb><d:/texlive/2014/texmf-dist/fonts/type1/publi
c/amsfonts/cm/cmr10.pfb><d:/texlive/2014/texmf-dist/fonts/type1/public/amsfonts
/cm/cmr12.pfb><d:/texlive/2014/texmf-dist/fonts/type1/public/amsfonts/cm/cmr17.
pfb><d:/texlive/2014/texmf-dist/fonts/type1/public/amsfonts/cm/cmr8.pfb><d:/tex
live/2014/texmf-dist/fonts/type1/public/amsfonts/cm/cmsy10.pfb><d:/texlive/2014
/texmf-dist/fonts/type1/public/amsfonts/cm/cmti10.pfb><d:/texlive/2014/texmf-di
st/fonts/type1/public/amsfonts/cm/cmti12.pfb><d:/texlive/2014/texmf-dist/fonts/
type1/public/amsfonts/cm/cmti7.pfb>
Output written on "extension - solo_exp.pdf" (20 pages, 369913 bytes).
PDF statistics:
 136 PDF objects out of 1000 (max. 8388607)
 86 compressed objects within 1 object stream
 0 named destinations out of 1000 (max. 500000)
 36 words of extra memory for PDF output out of 10000 (max. 10000000)

