This is pdfTeX, Version 3.14159265-2.6-1.40.15 (TeX Live 2014/W32TeX) (preloaded format=pdflatex 2015.4.15)  4 MAY 2016 15:35
entering extended mode
 restricted \write18 enabled.
 %&-line parsing enabled.
**extension.tex
(./extension.tex
LaTeX2e <2014/05/01>
Babel <3.9l> and hyphenation patterns for 79 languages loaded.
(d:/texlive/2014/texmf-dist/tex/latex/elsarticle/elsarticle.cls
Document Class: elsarticle 2009/09/17, 1.2.0: Elsevier Ltd
\@bls=\dimen102
(d:/texlive/2014/texmf-dist/tex/latex/base/article.cls
Document Class: article 2014/09/29 v1.4h Standard LaTeX document class
(d:/texlive/2014/texmf-dist/tex/latex/base/size12.clo
File: size12.clo 2014/09/29 v1.4h Standard LaTeX file (size option)
)
\c@part=\count79
\c@section=\count80
\c@subsection=\count81
\c@subsubsection=\count82
\c@paragraph=\count83
\c@subparagraph=\count84
\c@figure=\count85
\c@table=\count86
\abovecaptionskip=\skip41
\belowcaptionskip=\skip42
\bibindent=\dimen103
)
(d:/texlive/2014/texmf-dist/tex/latex/graphics/graphicx.sty
Package: graphicx 2014/10/28 v1.0g Enhanced LaTeX Graphics (DPC,SPQR)

(d:/texlive/2014/texmf-dist/tex/latex/graphics/keyval.sty
Package: keyval 2014/10/28 v1.15 key=value parser (DPC)
\KV@toks@=\toks14
)
(d:/texlive/2014/texmf-dist/tex/latex/graphics/graphics.sty
Package: graphics 2014/10/28 v1.0p Standard LaTeX Graphics (DPC,SPQR)

(d:/texlive/2014/texmf-dist/tex/latex/graphics/trig.sty
Package: trig 1999/03/16 v1.09 sin cos tan (DPC)
)
(d:/texlive/2014/texmf-dist/tex/latex/latexconfig/graphics.cfg
File: graphics.cfg 2010/04/23 v1.9 graphics configuration of TeX Live
)
Package graphics Info: Driver file: pdftex.def on input line 91.

(d:/texlive/2014/texmf-dist/tex/latex/pdftex-def/pdftex.def
File: pdftex.def 2011/05/27 v0.06d Graphics/color for pdfTeX

(d:/texlive/2014/texmf-dist/tex/generic/oberdiek/infwarerr.sty
Package: infwarerr 2010/04/08 v1.3 Providing info/warning/error messages (HO)
)
(d:/texlive/2014/texmf-dist/tex/generic/oberdiek/ltxcmds.sty
Package: ltxcmds 2011/11/09 v1.22 LaTeX kernel commands for general use (HO)
)
\Gread@gobject=\count87
))
\Gin@req@height=\dimen104
\Gin@req@width=\dimen105
)
(d:/texlive/2014/texmf-dist/tex/latex/psnfss/pifont.sty
Package: pifont 2005/04/12 PSNFSS-v9.2a Pi font support (SPQR) 
LaTeX Font Info:    Try loading font information for U+pzd on input line 63.

(d:/texlive/2014/texmf-dist/tex/latex/psnfss/upzd.fd
File: upzd.fd 2001/06/04 font definitions for U/pzd.
)
LaTeX Font Info:    Try loading font information for U+psy on input line 64.

(d:/texlive/2014/texmf-dist/tex/latex/psnfss/upsy.fd
File: upsy.fd 2001/06/04 font definitions for U/psy.
))
\c@tnote=\count88
\c@fnote=\count89
\c@cnote=\count90
\c@ead=\count91
\c@author=\count92
\@eadauthor=\toks15
\c@affn=\count93
\absbox=\box26
\keybox=\box27
\Columnwidth=\dimen106
\space@left=\dimen107
\els@boxa=\box28
\els@boxb=\box29
\leftMargin=\dimen108
\@enLab=\toks16
\@sep=\skip43
\@@sep=\skip44
 (./extension.spl)
(d:/texlive/2014/texmf-dist/tex/latex/natbib/natbib.sty
Package: natbib 2010/09/13 8.31b (PWD, AO)
\bibhang=\skip45
\bibsep=\skip46
LaTeX Info: Redefining \cite on input line 694.
\c@NAT@ctr=\count94
)
\splwrite=\write3
\openout3 = `extension.spl'.

)
(d:/texlive/2014/texmf-dist/tex/latex/amsfonts/amssymb.sty
Package: amssymb 2013/01/14 v3.01 AMS font symbols

(d:/texlive/2014/texmf-dist/tex/latex/amsfonts/amsfonts.sty
Package: amsfonts 2013/01/14 v3.01 Basic AMSFonts support
\@emptytoks=\toks17
\symAMSa=\mathgroup4
\symAMSb=\mathgroup5
LaTeX Font Info:    Overwriting math alphabet `\mathfrak' in version `bold'
(Font)                  U/euf/m/n --> U/euf/b/n on input line 106.
))
(d:/texlive/2014/texmf-dist/tex/latex/subfig/subfig.sty
Package: subfig 2005/06/28 ver: 1.3 subfig package

(d:/texlive/2014/texmf-dist/tex/latex/caption/caption3.sty
Package: caption3 2013/05/02 v1.6-88 caption3 kernel (AR)
Package caption3 Info: TeX engine: e-TeX on input line 57.
\captionmargin=\dimen109
\captionmargin@=\dimen110
\captionwidth=\dimen111
\caption@tempdima=\dimen112
\caption@indent=\dimen113
\caption@parindent=\dimen114
\caption@hangindent=\dimen115
)
\c@KVtest=\count95
\sf@farskip=\skip47
\sf@captopadj=\dimen116
\sf@capskip=\skip48
\sf@nearskip=\skip49
\c@subfigure=\count96
\c@subfigure@save=\count97
\c@lofdepth=\count98
\c@subtable=\count99
\c@subtable@save=\count100
\c@lotdepth=\count101
\sf@top=\skip50
\sf@bottom=\skip51
)
(d:/texlive/2014/texmf-dist/tex/latex/multirow/multirow.sty
\bigstrutjot=\dimen117
)
(d:/texlive/2014/texmf-dist/tex/latex/capt-of/capt-of.sty
Package: capt-of 2009/12/29 v0.2 standard captions outside of floats
)
(d:/texlive/2014/texmf-dist/tex/latex/algorithmicx/algpseudocode.sty
Package: algpseudocode 

(d:/texlive/2014/texmf-dist/tex/latex/base/ifthen.sty
Package: ifthen 2014/09/29 v1.1c Standard LaTeX ifthen package (DPC)
)
(d:/texlive/2014/texmf-dist/tex/latex/algorithmicx/algorithmicx.sty
Package: algorithmicx 2005/04/27 v1.2 Algorithmicx

Document Style algorithmicx 1.2 - a greatly improved `algorithmic' style
\c@ALG@line=\count102
\c@ALG@rem=\count103
\c@ALG@nested=\count104
\ALG@tlm=\skip52
\ALG@thistlm=\skip53
\c@ALG@Lnr=\count105
\c@ALG@blocknr=\count106
\c@ALG@storecount=\count107
\c@ALG@tmpcounter=\count108
\ALG@tmplength=\skip54
)
Document Style - pseudocode environments for use with the `algorithmicx' style
) (./extension.aux

LaTeX Warning: Label `TTexampledataset' multiply defined.


LaTeX Warning: Label `sub@TTexampledataset' multiply defined.

)
\openout1 = `extension.aux'.

LaTeX Font Info:    Checking defaults for OML/cmm/m/it on input line 59.
LaTeX Font Info:    ... okay on input line 59.
LaTeX Font Info:    Checking defaults for T1/cmr/m/n on input line 59.
LaTeX Font Info:    ... okay on input line 59.
LaTeX Font Info:    Checking defaults for OT1/cmr/m/n on input line 59.
LaTeX Font Info:    ... okay on input line 59.
LaTeX Font Info:    Checking defaults for OMS/cmsy/m/n on input line 59.
LaTeX Font Info:    ... okay on input line 59.
LaTeX Font Info:    Checking defaults for OMX/cmex/m/n on input line 59.
LaTeX Font Info:    ... okay on input line 59.
LaTeX Font Info:    Checking defaults for U/cmr/m/n on input line 59.
LaTeX Font Info:    ... okay on input line 59.
 (d:/texlive/2014/texmf-dist/tex/context/base/supp-pdf.mkii
[Loading MPS to PDF converter (version 2006.09.02).]
\scratchcounter=\count109
\scratchdimen=\dimen118
\scratchbox=\box30
\nofMPsegments=\count110
\nofMParguments=\count111
\everyMPshowfont=\toks18
\MPscratchCnt=\count112
\MPscratchDim=\dimen119
\MPnumerator=\count113
\makeMPintoPDFobject=\count114
\everyMPtoPDFconversion=\toks19
) (d:/texlive/2014/texmf-dist/tex/generic/oberdiek/pdftexcmds.sty
Package: pdftexcmds 2011/11/29 v0.20 Utility functions of pdfTeX for LuaTeX (HO
)

(d:/texlive/2014/texmf-dist/tex/generic/oberdiek/ifluatex.sty
Package: ifluatex 2010/03/01 v1.3 Provides the ifluatex switch (HO)
Package ifluatex Info: LuaTeX not detected.
)
(d:/texlive/2014/texmf-dist/tex/generic/oberdiek/ifpdf.sty
Package: ifpdf 2011/01/30 v2.3 Provides the ifpdf switch (HO)
Package ifpdf Info: pdfTeX in PDF mode is detected.
)
Package pdftexcmds Info: LuaTeX not detected.
Package pdftexcmds Info: \pdf@primitive is available.
Package pdftexcmds Info: \pdf@ifprimitive is available.
Package pdftexcmds Info: \pdfdraftmode found.
)
(d:/texlive/2014/texmf-dist/tex/latex/oberdiek/epstopdf-base.sty
Package: epstopdf-base 2010/02/09 v2.5 Base part for package epstopdf

(d:/texlive/2014/texmf-dist/tex/latex/oberdiek/grfext.sty
Package: grfext 2010/08/19 v1.1 Manage graphics extensions (HO)

(d:/texlive/2014/texmf-dist/tex/generic/oberdiek/kvdefinekeys.sty
Package: kvdefinekeys 2011/04/07 v1.3 Define keys (HO)
))
(d:/texlive/2014/texmf-dist/tex/latex/oberdiek/kvoptions.sty
Package: kvoptions 2011/06/30 v3.11 Key value format for package options (HO)

(d:/texlive/2014/texmf-dist/tex/generic/oberdiek/kvsetkeys.sty
Package: kvsetkeys 2012/04/25 v1.16 Key value parser (HO)

(d:/texlive/2014/texmf-dist/tex/generic/oberdiek/etexcmds.sty
Package: etexcmds 2011/02/16 v1.5 Avoid name clashes with e-TeX commands (HO)
Package etexcmds Info: Could not find \expanded.
(etexcmds)             That can mean that you are not using pdfTeX 1.50 or
(etexcmds)             that some package has redefined \expanded.
(etexcmds)             In the latter case, load this package earlier.
)))
Package grfext Info: Graphics extension search list:
(grfext)             [.png,.pdf,.jpg,.mps,.jpeg,.jbig2,.jb2,.PNG,.PDF,.JPG,.JPE
G,.JBIG2,.JB2,.eps]
(grfext)             \AppendGraphicsExtensions on input line 452.

(d:/texlive/2014/texmf-dist/tex/latex/latexconfig/epstopdf-sys.cfg
File: epstopdf-sys.cfg 2010/07/13 v1.3 Configuration of (r)epstopdf for TeX Liv
e
))
Package caption Info: Begin \AtBeginDocument code.
Package caption Info: subfig package v1.3 is loaded.
Package caption Info: End \AtBeginDocument code.

(./abstract.tex)
LaTeX Font Info:    Try loading font information for U+msa on input line 116.
 (d:/texlive/2014/texmf-dist/tex/latex/amsfonts/umsa.fd
File: umsa.fd 2013/01/14 v3.01 AMS symbols A
)
LaTeX Font Info:    Try loading font information for U+msb on input line 116.

(d:/texlive/2014/texmf-dist/tex/latex/amsfonts/umsb.fd
File: umsb.fd 2013/01/14 v3.01 AMS symbols B
) (./intro.tex [1


{d:/texlive/2014/texmf-var/fonts/map/pdftex/updmap/pdftex.map}] [2])
(./preliminaries.tex [3] [4]
LaTeX Font Info:    Try loading font information for OMS+cmr on input line 79.

(d:/texlive/2014/texmf-dist/tex/latex/base/omscmr.fd
File: omscmr.fd 2014/09/29 v2.5h Standard LaTeX font definitions
)
LaTeX Font Info:    Font shape `OMS/cmr/m/it' in size <12> not available
(Font)              Font shape `OMS/cmsy/m/n' tried instead on input line 79.

Overfull \hbox (6.62506pt too wide) in paragraph at lines 83--86
[]\OT1/cmr/m/n/12 Given a trans-ac-tional dataset $\OMS/cmsy/m/n/12 D$ \OT1/cmr
/m/n/12 and a min-i-mum sup-port thresh-old $\OML/cmm/m/it/12 minsup$\OT1/cmr/m
/n/12 ,
 []

[5]) (./centralizedcarpenter.tex [6]
<running_example1.png, id=37, 472.164pt x 716.4366pt>
File: running_example1.png Graphic file (type png)

<use running_example1.png>
Package pdftex.def Info: running_example1.png used on input line 22.
(pdftex.def)             Requested size: 252.94499pt x 383.80907pt.
LaTeX Font Info:    Font shape `OMS/cmr/m/n' in size <12> not available
(Font)              Font shape `OMS/cmsy/m/n' tried instead on input line 46.
 [7] [8 <./running_example1.png>]
<running_example2_d.png, id=47, 476.982pt x 716.4366pt>
File: running_example2_d.png Graphic file (type png)

<use running_example2_d.png>
Package pdftex.def Info: running_example2_d.png used on input line 100.
(pdftex.def)             Requested size: 252.94499pt x 379.92824pt.
LaTeX Font Info:    Font shape `OMS/cmr/m/n' in size <10> not available
(Font)              Font shape `OMS/cmsy/m/n' tried instead on input line 105.
) (./distrimpl.tex [9] [10 <./running_example2_d.png>] [11] [12] [13] <running_
example3_d_A.png, id=65, 476.982pt x 716.4366pt>
File: running_example3_d_A.png Graphic file (type png)

<use running_example3_d_A.png>
Package pdftex.def Info: running_example3_d_A.png used on input line 258.
(pdftex.def)             Requested size: 252.94499pt x 379.92824pt.

<running_example3_d_B.png, id=66, 476.982pt x 716.4366pt>
File: running_example3_d_B.png Graphic file (type png)

<use running_example3_d_B.png>
Package pdftex.def Info: running_example3_d_B.png used on input line 274.
(pdftex.def)             Requested size: 252.94499pt x 379.92824pt.
) (./impldetails.tex [14 <./running_example3_d_A.png>] [15 <./running_example3_
d_B.png>] [16]
LaTeX Font Info:    Try loading font information for OML+cmr on input line 59.

(d:/texlive/2014/texmf-dist/tex/latex/base/omlcmr.fd
File: omlcmr.fd 2014/09/29 v2.5h Standard LaTeX font definitions
)
LaTeX Font Info:    Font shape `OML/cmr/m/n' in size <12> not available
(Font)              Font shape `OML/cmm/m/it' tried instead on input line 59.
 [17]

LaTeX Warning: Command \textless invalid in math mode on input line 122.


LaTeX Warning: Command \textless invalid in math mode on input line 122.


LaTeX Warning: Command \textgreater invalid in math mode on input line 122.


LaTeX Warning: Command \textgreater invalid in math mode on input line 122.


LaTeX Warning: Command \textless invalid in math mode on input line 122.


LaTeX Warning: Command \textless invalid in math mode on input line 122.


LaTeX Warning: Command \textgreater invalid in math mode on input line 122.


LaTeX Warning: Command \textgreater invalid in math mode on input line 122.


LaTeX Warning: No positions in optional float specifier.
               Default added (so using `tbp') on input line 126.


Underfull \hbox (badness 10000) in paragraph at lines 153--153
[]\OT1/cmr/m/n/10 (b) |Emit-ted key-
 []

[18] [19] [20] [21]

LaTeX Warning: Command \textless invalid in math mode on input line 452.


LaTeX Warning: Command \textless invalid in math mode on input line 452.


LaTeX Warning: Command \textgreater invalid in math mode on input line 452.


LaTeX Warning: Command \textgreater invalid in math mode on input line 452.


LaTeX Warning: Command \textless invalid in math mode on input line 452.


LaTeX Warning: Command \textless invalid in math mode on input line 452.


LaTeX Warning: Command \textgreater invalid in math mode on input line 452.


LaTeX Warning: Command \textgreater invalid in math mode on input line 452.


LaTeX Warning: Command \textless invalid in math mode on input line 452.


LaTeX Warning: Command \textless invalid in math mode on input line 452.


LaTeX Warning: Command \textgreater invalid in math mode on input line 452.


LaTeX Warning: Command \textgreater invalid in math mode on input line 452.

[22]

LaTeX Warning: Command \textless invalid in math mode on input line 489.


LaTeX Warning: Command \textless invalid in math mode on input line 489.


LaTeX Warning: Command \textgreater invalid in math mode on input line 489.


LaTeX Warning: Command \textgreater invalid in math mode on input line 489.


LaTeX Warning: Command \textless invalid in math mode on input line 489.


LaTeX Warning: Command \textless invalid in math mode on input line 489.


LaTeX Warning: Command \textgreater invalid in math mode on input line 489.


LaTeX Warning: Command \textgreater invalid in math mode on input line 489.


LaTeX Warning: Command \textless invalid in math mode on input line 489.


LaTeX Warning: Command \textless invalid in math mode on input line 489.


LaTeX Warning: Command \textgreater invalid in math mode on input line 489.


LaTeX Warning: Command \textgreater invalid in math mode on input line 489.

) [23]
Overfull \vbox (11.41647pt too high) has occurred while \output is active []


[24] (./exp.tex [25] [26] [27]
<immagini_extension/pems_fixed.png, id=114, 427.8384pt x 285.7074pt>
File: immagini_extension/pems_fixed.png Graphic file (type png)

<use immagini_extension/pems_fixed.png>
Package pdftex.def Info: immagini_extension/pems_fixed.png used on input line 1
02.
(pdftex.def)             Requested size: 361.34999pt x 241.31786pt.

<immagini_extension/breast_fixed.png, id=115, 427.3566pt x 285.7074pt>
File: immagini_extension/breast_fixed.png Graphic file (type png)

<use immagini_extension/breast_fixed.png>
Package pdftex.def Info: immagini_extension/breast_fixed.png used on input line
 109.
(pdftex.def)             Requested size: 361.34999pt x 241.58379pt.
 [28 <./immagini_extension/pems_fixed.png>]
Overfull \hbox (13.75603pt too wide) in paragraph at lines 133--144
 [] 
 []

[29 <./immagini_extension/breast_fixed.png>] [30] [31] [32] [33]
<immagini_extension/pems_strategy1.png, id=138, 427.8384pt x 285.7074pt>
File: immagini_extension/pems_strategy1.png Graphic file (type png)

<use immagini_extension/pems_strategy1.png>
Package pdftex.def Info: immagini_extension/pems_strategy1.png used on input li
ne 328.
(pdftex.def)             Requested size: 361.34999pt x 241.31786pt.

<immagini_extension/breast_strategy1.png, id=139, 427.8384pt x 285.7074pt>
File: immagini_extension/breast_strategy1.png Graphic file (type png)

<use immagini_extension/breast_strategy1.png>
Package pdftex.def Info: immagini_extension/breast_strategy1.png used on input 
line 364.
(pdftex.def)             Requested size: 361.34999pt x 241.31786pt.
 [34] [35 <./immagini_extension/pems_strategy1.png>] [36 <./immagini_extension/
breast_strategy1.png>]
<immagini_extension/pems_confronto.png, id=151, 427.8384pt x 285.7074pt>
File: immagini_extension/pems_confronto.png Graphic file (type png)

<use immagini_extension/pems_confronto.png>
Package pdftex.def Info: immagini_extension/pems_confronto.png used on input li
ne 434.
(pdftex.def)             Requested size: 361.34999pt x 241.31786pt.

<immagini_extension/breast_confronto.png, id=152, 427.8384pt x 285.7074pt>
File: immagini_extension/breast_confronto.png Graphic file (type png)

<use immagini_extension/breast_confronto.png>
Package pdftex.def Info: immagini_extension/breast_confronto.png used on input 
line 440.
(pdftex.def)             Requested size: 361.34999pt x 241.31786pt.
 [37 <./immagini_extension/pems_confronto.png>] [38 <./immagini_extension/breas
t_confronto.png>]
<immagini_extension/pampa_pems_confronto.png, id=162, 427.8384pt x 285.2256pt>
File: immagini_extension/pampa_pems_confronto.png Graphic file (type png)

<use immagini_extension/pampa_pems_confronto.png>
Package pdftex.def Info: immagini_extension/pampa_pems_confronto.png used on in
put line 475.
(pdftex.def)             Requested size: 361.34999pt x 240.91092pt.
 [39] [40 <./immagini_extension/pampa_pems_confronto.png>]
<immagini_extension/scalability_pems.png, id=170, 427.8384pt x 285.2256pt>
File: immagini_extension/scalability_pems.png Graphic file (type png)

<use immagini_extension/scalability_pems.png>
Package pdftex.def Info: immagini_extension/scalability_pems.png used on input 
line 648.
(pdftex.def)             Requested size: 361.34999pt x 240.91092pt.

<immagini_extension/scalability_breast.png, id=171, 427.8384pt x 285.2256pt>
File: immagini_extension/scalability_breast.png Graphic file (type png)

<use immagini_extension/scalability_breast.png>
Package pdftex.def Info: immagini_extension/scalability_breast.png used on inpu
t line 654.
(pdftex.def)             Requested size: 361.34999pt x 240.91092pt.
 [41] [42 <./immagini_extension/scalability_pems.png>]
<immagini_extension/comm_cost_pems.png, id=179, 427.8384pt x 285.7074pt>
File: immagini_extension/comm_cost_pems.png Graphic file (type png)

<use immagini_extension/comm_cost_pems.png>
Package pdftex.def Info: immagini_extension/comm_cost_pems.png used on input li
ne 674.
(pdftex.def)             Requested size: 361.34999pt x 241.31786pt.

<immagini_extension/comm_cost_breast.png, id=180, 427.8384pt x 285.7074pt>
File: immagini_extension/comm_cost_breast.png Graphic file (type png)

<use immagini_extension/comm_cost_breast.png>
Package pdftex.def Info: immagini_extension/comm_cost_breast.png used on input 
line 680.
(pdftex.def)             Requested size: 361.34999pt x 241.31786pt.
 [43 <./immagini_extension/scalability_breast.png>]) (./pw.tex [44 <./immagini_
extension/comm_cost_pems.png>]
[45 <./immagini_extension/comm_cost_breast.png>] [46]) (./applications.tex)
[47] (./conclusions.tex)
Underfull \hbox (badness 10000) in paragraph at lines 229--235

 []

(./extension.bbl [48]
Underfull \hbox (badness 10000) in paragraph at lines 47--50
\OT1/cmr/m/n/12 URL \OT1/cmtt/m/n/12 http://http://pems.dot.ca.gov/. Last acces
s: April,
 []


Overfull \hbox (87.6345pt too wide) in paragraph at lines 52--57
\OT1/cmr/m/n/12 URL \OT1/cmtt/m/n/12 http://mldata.org/repository/data/viewslug
/breast-cancer-kent-ridge-2
 []

[49]
Underfull \hbox (badness 10000) in paragraph at lines 70--72
[]\OT1/cmr/m/n/12 The Apache Ma-hout ma-chine learn-ing li-brary. Avail-able:
 []


Underfull \hbox (badness 1331) in paragraph at lines 94--102
\OT1/cmr/m/n/12 virenti, Pampa-hd: A par-al-lel mapreduce-based fre-quent pat-t
ern
 []


Overfull \hbox (87.6345pt too wide) in paragraph at lines 94--102
\OT1/cmr/m/n/12 URL \OT1/cmtt/m/n/12 http://ieeexplore.ieee.org/lpdocs/epic03/w
rapper.htm?arnumber=7395755 
 []

[50]
Overfull \hbox (149.38454pt too wide) in paragraph at lines 108--113
\OT1/cmr/m/n/12 URL \OT1/cmtt/m/n/12 http://www.cisco.com/c/en/us/products/ios-
nx-os-software/ios-netflow/index.html
 []


Underfull \hbox (badness 3792) in paragraph at lines 126--131
[]\OT1/cmr/m/n/12 D. Brauck-hoff, X. Dim-itropou-los, A. Wag-ner, K. Sala-ma-ti
an,
 []

[51]) [52] (./extension.aux)

LaTeX Warning: There were multiply-defined labels.

 ) 
Here is how much of TeX's memory you used:
 3945 strings out of 493109
 58162 string characters out of 6138587
 123594 words of memory out of 5000000
 7293 multiletter control sequences out of 15000+600000
 12792 words of font info for 49 fonts, out of 8000000 for 9000
 1141 hyphenation exceptions out of 8191
 38i,10n,47p,881b,326s stack positions out of 5000i,500n,10000p,200000b,80000s
<d:/texlive/2014/texmf-dist/fonts/type1/public/amsfonts/cm/cmbx12.pfb><d:/tex
live/2014/texmf-dist/fonts/type1/public/amsfonts/cm/cmcsc10.pfb><d:/texlive/201
4/texmf-dist/fonts/type1/public/amsfonts/cm/cmmi10.pfb><d:/texlive/2014/texmf-d
ist/fonts/type1/public/amsfonts/cm/cmmi12.pfb><d:/texlive/2014/texmf-dist/fonts
/type1/public/amsfonts/cm/cmmi6.pfb><d:/texlive/2014/texmf-dist/fonts/type1/pub
lic/amsfonts/cm/cmmi7.pfb><d:/texlive/2014/texmf-dist/fonts/type1/public/amsfon
ts/cm/cmmi8.pfb><d:/texlive/2014/texmf-dist/fonts/type1/public/amsfonts/cm/cmr1
0.pfb><d:/texlive/2014/texmf-dist/fonts/type1/public/amsfonts/cm/cmr12.pfb><d:/
texlive/2014/texmf-dist/fonts/type1/public/amsfonts/cm/cmr17.pfb><d:/texlive/20
14/texmf-dist/fonts/type1/public/amsfonts/cm/cmr7.pfb><d:/texlive/2014/texmf-di
st/fonts/type1/public/amsfonts/cm/cmr8.pfb><d:/texlive/2014/texmf-dist/fonts/ty
pe1/public/amsfonts/cm/cmsy10.pfb><d:/texlive/2014/texmf-dist/fonts/type1/publi
c/amsfonts/cm/cmsy7.pfb><d:/texlive/2014/texmf-dist/fonts/type1/public/amsfonts
/cm/cmsy8.pfb><d:/texlive/2014/texmf-dist/fonts/type1/public/amsfonts/cm/cmti10
.pfb><d:/texlive/2014/texmf-dist/fonts/type1/public/amsfonts/cm/cmti12.pfb><d:/
texlive/2014/texmf-dist/fonts/type1/public/amsfonts/cm/cmti7.pfb><d:/texlive/20
14/texmf-dist/fonts/type1/public/amsfonts/cm/cmtt12.pfb>
Output written on extension.pdf (52 pages, 1128389 bytes).
PDF statistics:
 280 PDF objects out of 1000 (max. 8388607)
 175 compressed objects within 2 object streams
 0 named destinations out of 1000 (max. 500000)
 76 words of extra memory for PDF output out of 10000 (max. 10000000)

