This is pdfTeX, Version 3.14159265-2.6-1.40.17 (TeX Live 2016/W32TeX) (preloaded format=pdflatex 2016.6.23)  31 AUG 2016 14:36
entering extended mode
 restricted \write18 enabled.
 %&-line parsing enabled.
**./extension_pampa.tex
(./extension_pampa.tex
LaTeX2e <2016/03/31>
Babel <3.9r> and hyphenation patterns for 83 language(s) loaded.
(./elsarticle.cls
Document Class: elsarticle 2009/09/17, 1.20b: Elsevier Ltd
\@bls=\dimen102
(c:/texlive/2016/texmf-dist/tex/latex/base/article.cls
Document Class: article 2014/09/29 v1.4h Standard LaTeX document class
(c:/texlive/2016/texmf-dist/tex/latex/base/size12.clo
File: size12.clo 2014/09/29 v1.4h Standard LaTeX file (size option)
)
\c@part=\count79
\c@section=\count80
\c@subsection=\count81
\c@subsubsection=\count82
\c@paragraph=\count83
\c@subparagraph=\count84
\c@figure=\count85
\c@table=\count86
\abovecaptionskip=\skip41
\belowcaptionskip=\skip42
\bibindent=\dimen103
)
(c:/texlive/2016/texmf-dist/tex/latex/graphics/graphicx.sty
Package: graphicx 2014/10/28 v1.0g Enhanced LaTeX Graphics (DPC,SPQR)

(c:/texlive/2016/texmf-dist/tex/latex/graphics/keyval.sty
Package: keyval 2014/10/28 v1.15 key=value parser (DPC)
\KV@toks@=\toks14
)
(c:/texlive/2016/texmf-dist/tex/latex/graphics/graphics.sty
Package: graphics 2016/05/09 v1.0r Standard LaTeX Graphics (DPC,SPQR)

(c:/texlive/2016/texmf-dist/tex/latex/graphics/trig.sty
Package: trig 2016/01/03 v1.10 sin cos tan (DPC)
)
(c:/texlive/2016/texmf-dist/tex/latex/graphics-cfg/graphics.cfg
File: graphics.cfg 2016/01/02 v1.10 sample graphics configuration
)
Package graphics Info: Driver file: pdftex.def on input line 96.

(c:/texlive/2016/texmf-dist/tex/latex/pdftex-def/pdftex.def
File: pdftex.def 2011/05/27 v0.06d Graphics/color for pdfTeX

(c:/texlive/2016/texmf-dist/tex/generic/oberdiek/infwarerr.sty
Package: infwarerr 2016/05/16 v1.4 Providing info/warning/error messages (HO)
)
(c:/texlive/2016/texmf-dist/tex/generic/oberdiek/ltxcmds.sty
Package: ltxcmds 2016/05/16 v1.23 LaTeX kernel commands for general use (HO)
)
\Gread@gobject=\count87
))
\Gin@req@height=\dimen104
\Gin@req@width=\dimen105
)
(c:/texlive/2016/texmf-dist/tex/latex/psnfss/pifont.sty
Package: pifont 2005/04/12 PSNFSS-v9.2a Pi font support (SPQR) 
LaTeX Font Info:    Try loading font information for U+pzd on input line 63.

(c:/texlive/2016/texmf-dist/tex/latex/psnfss/upzd.fd
File: upzd.fd 2001/06/04 font definitions for U/pzd.
)
LaTeX Font Info:    Try loading font information for U+psy on input line 64.

(c:/texlive/2016/texmf-dist/tex/latex/psnfss/upsy.fd
File: upsy.fd 2001/06/04 font definitions for U/psy.
))
\c@tnote=\count88
\c@fnote=\count89
\c@cnote=\count90
\c@ead=\count91
\c@author=\count92
\@eadauthor=\toks15
\c@affn=\count93
\absbox=\box26
\keybox=\box27
\Columnwidth=\dimen106
\space@left=\dimen107
\els@boxa=\box28
\els@boxb=\box29
\leftMargin=\dimen108
\@enLab=\toks16
\@sep=\skip43
\@@sep=\skip44
 (./extension_pampa.spl)
(c:/texlive/2016/texmf-dist/tex/latex/natbib/natbib.sty
Package: natbib 2010/09/13 8.31b (PWD, AO)
\bibhang=\skip45
\bibsep=\skip46
LaTeX Info: Redefining \cite on input line 694.
\c@NAT@ctr=\count94
)
\splwrite=\write3
\openout3 = `extension_pampa.spl'.

\appnamewidth=\dimen109
)
(c:/texlive/2016/texmf-dist/tex/latex/amsfonts/amssymb.sty
Package: amssymb 2013/01/14 v3.01 AMS font symbols

(c:/texlive/2016/texmf-dist/tex/latex/amsfonts/amsfonts.sty
Package: amsfonts 2013/01/14 v3.01 Basic AMSFonts support
\@emptytoks=\toks17
\symAMSa=\mathgroup4
\symAMSb=\mathgroup5
LaTeX Font Info:    Overwriting math alphabet `\mathfrak' in version `bold'
(Font)                  U/euf/m/n --> U/euf/b/n on input line 106.
))
(c:/texlive/2016/texmf-dist/tex/latex/subfig/subfig.sty
Package: subfig 2005/06/28 ver: 1.3 subfig package

(c:/texlive/2016/texmf-dist/tex/latex/caption/caption3.sty
Package: caption3 2016/02/04 v1.7-139 caption3 kernel (AR)
Package caption3 Info: TeX engine: e-TeX on input line 67.
\captionmargin=\dimen110
\captionmargin@=\dimen111
\captionwidth=\dimen112
\caption@tempdima=\dimen113
\caption@indent=\dimen114
\caption@parindent=\dimen115
\caption@hangindent=\dimen116
)
\c@KVtest=\count95
\sf@farskip=\skip47
\sf@captopadj=\dimen117
\sf@capskip=\skip48
\sf@nearskip=\skip49
\c@subfigure=\count96
\c@subfigure@save=\count97
\c@lofdepth=\count98
\c@subtable=\count99
\c@subtable@save=\count100
\c@lotdepth=\count101
\sf@top=\skip50
\sf@bottom=\skip51
)
(c:/texlive/2016/texmf-dist/tex/latex/multirow/multirow.sty
\bigstrutjot=\dimen118
)
(c:/texlive/2016/texmf-dist/tex/latex/capt-of/capt-of.sty
Package: capt-of 2009/12/29 v0.2 standard captions outside of floats
)
(c:/texlive/2016/texmf-dist/tex/latex/algorithmicx/algpseudocode.sty
Package: algpseudocode 

(c:/texlive/2016/texmf-dist/tex/latex/base/ifthen.sty
Package: ifthen 2014/09/29 v1.1c Standard LaTeX ifthen package (DPC)
)
(c:/texlive/2016/texmf-dist/tex/latex/algorithmicx/algorithmicx.sty
Package: algorithmicx 2005/04/27 v1.2 Algorithmicx

Document Style algorithmicx 1.2 - a greatly improved `algorithmic' style
\c@ALG@line=\count102
\c@ALG@rem=\count103
\c@ALG@nested=\count104
\ALG@tlm=\skip52
\ALG@thistlm=\skip53
\c@ALG@Lnr=\count105
\c@ALG@blocknr=\count106
\c@ALG@storecount=\count107
\c@ALG@tmpcounter=\count108
\ALG@tmplength=\skip54
)
Document Style - pseudocode environments for use with the `algorithmicx' style
) (c:/texlive/2016/texmf-dist/tex/latex/algorithms/algorithm.sty
Package: algorithm 2009/08/24 v0.1 Document Style `algorithm' - floating enviro
nment

(c:/texlive/2016/texmf-dist/tex/latex/float/float.sty
Package: float 2001/11/08 v1.3d Float enhancements (AL)
\c@float@type=\count109
\float@exts=\toks18
\float@box=\box30
\@float@everytoks=\toks19
\@floatcapt=\box31
)
\@float@every@algorithm=\toks20
\c@algorithm=\count110
) (./extension_pampa.aux)
\openout1 = `extension_pampa.aux'.

LaTeX Font Info:    Checking defaults for OML/cmm/m/it on input line 62.
LaTeX Font Info:    ... okay on input line 62.
LaTeX Font Info:    Checking defaults for T1/cmr/m/n on input line 62.
LaTeX Font Info:    ... okay on input line 62.
LaTeX Font Info:    Checking defaults for OT1/cmr/m/n on input line 62.
LaTeX Font Info:    ... okay on input line 62.
LaTeX Font Info:    Checking defaults for OMS/cmsy/m/n on input line 62.
LaTeX Font Info:    ... okay on input line 62.
LaTeX Font Info:    Checking defaults for OMX/cmex/m/n on input line 62.
LaTeX Font Info:    ... okay on input line 62.
LaTeX Font Info:    Checking defaults for U/cmr/m/n on input line 62.
LaTeX Font Info:    ... okay on input line 62.
(c:/texlive/2016/texmf-dist/tex/context/base/mkii/supp-pdf.mkii
[Loading MPS to PDF converter (version 2006.09.02).]
\scratchcounter=\count111
\scratchdimen=\dimen119
\scratchbox=\box32
\nofMPsegments=\count112
\nofMParguments=\count113
\everyMPshowfont=\toks21
\MPscratchCnt=\count114
\MPscratchDim=\dimen120
\MPnumerator=\count115
\makeMPintoPDFobject=\count116
\everyMPtoPDFconversion=\toks22
) (c:/texlive/2016/texmf-dist/tex/generic/oberdiek/pdftexcmds.sty
Package: pdftexcmds 2016/05/10 v0.21 Utility functions of pdfTeX for LuaTeX (HO
)

(c:/texlive/2016/texmf-dist/tex/generic/oberdiek/ifluatex.sty
Package: ifluatex 2016/05/16 v1.4 Provides the ifluatex switch (HO)
Package ifluatex Info: LuaTeX not detected.
)
(c:/texlive/2016/texmf-dist/tex/generic/oberdiek/ifpdf.sty
Package: ifpdf 2016/05/14 v3.1 Provides the ifpdf switch
)
Package pdftexcmds Info: LuaTeX not detected.
Package pdftexcmds Info: \pdf@primitive is available.
Package pdftexcmds Info: \pdf@ifprimitive is available.
Package pdftexcmds Info: \pdfdraftmode found.
)
(c:/texlive/2016/texmf-dist/tex/latex/oberdiek/epstopdf-base.sty
Package: epstopdf-base 2016/05/15 v2.6 Base part for package epstopdf

(c:/texlive/2016/texmf-dist/tex/latex/oberdiek/grfext.sty
Package: grfext 2016/05/16 v1.2 Manage graphics extensions (HO)

(c:/texlive/2016/texmf-dist/tex/generic/oberdiek/kvdefinekeys.sty
Package: kvdefinekeys 2016/05/16 v1.4 Define keys (HO)
))
(c:/texlive/2016/texmf-dist/tex/latex/oberdiek/kvoptions.sty
Package: kvoptions 2016/05/16 v3.12 Key value format for package options (HO)

(c:/texlive/2016/texmf-dist/tex/generic/oberdiek/kvsetkeys.sty
Package: kvsetkeys 2016/05/16 v1.17 Key value parser (HO)

(c:/texlive/2016/texmf-dist/tex/generic/oberdiek/etexcmds.sty
Package: etexcmds 2016/05/16 v1.6 Avoid name clashes with e-TeX commands (HO)
Package etexcmds Info: Could not find \expanded.
(etexcmds)             That can mean that you are not using pdfTeX 1.50 or
(etexcmds)             that some package has redefined \expanded.
(etexcmds)             In the latter case, load this package earlier.
)))
Package grfext Info: Graphics extension search list:
(grfext)             [.png,.pdf,.jpg,.mps,.jpeg,.jbig2,.jb2,.PNG,.PDF,.JPG,.JPE
G,.JBIG2,.JB2,.eps]
(grfext)             \AppendGraphicsExtensions on input line 456.

(c:/texlive/2016/texmf-dist/tex/latex/latexconfig/epstopdf-sys.cfg
File: epstopdf-sys.cfg 2010/07/13 v1.3 Configuration of (r)epstopdf for TeX Liv
e
))
Package caption Info: Begin \AtBeginDocument code.
Package caption Info: subfig package v1.3 is loaded.
Package caption Info: End \AtBeginDocument code.

(./abstract.tex)
LaTeX Font Info:    Try loading font information for U+msa on input line 120.
 (c:/texlive/2016/texmf-dist/tex/latex/amsfonts/umsa.fd
File: umsa.fd 2013/01/14 v3.01 AMS symbols A
)
LaTeX Font Info:    Try loading font information for U+msb on input line 120.

(c:/texlive/2016/texmf-dist/tex/latex/amsfonts/umsb.fd
File: umsb.fd 2013/01/14 v3.01 AMS symbols B
) [1


{c:/texlive/2016/texmf-var/fonts/map/pdftex/updmap/pdftex.map}] (./intro.tex [2
] [3]
Underfull \hbox (badness 10000) in paragraph at lines 66--66
[][]\OT1/cmr/m/n/10 The source code of PaMPa-HD can be down-loaded from
 []


Overfull \hbox (2.52464pt too wide) in paragraph at lines 62--71
\OT1/cmr/m/n/12 quent closed item-set min-ing al-go-rithm for high-dimensional 
datasets. PaMPa-
 []

) (./preliminaries.tex [4]
LaTeX Font Info:    Try loading font information for OMS+cmr on input line 88.
 (c:/texlive/2016/texmf-dist/tex/latex/base/omscmr.fd
File: omscmr.fd 2014/09/29 v2.5h Standard LaTeX font definitions
)
LaTeX Font Info:    Font shape `OMS/cmr/m/it' in size <12> not available
(Font)              Font shape `OMS/cmsy/m/n' tried instead on input line 88.
 [5]
Overfull \hbox (6.62506pt too wide) in paragraph at lines 93--109
[]\OT1/cmr/m/n/12 Given a trans-ac-tional dataset $\OMS/cmsy/m/n/12 D$ \OT1/cmr
/m/n/12 and a min-i-mum sup-port thresh-old $\OML/cmm/m/it/12 minsup$\OT1/cmr/m
/n/12 ,
 []

[6]) (./centralizedcarpenter.tex [7]
<running_example1.png, id=41, 472.164pt x 716.4366pt>
File: running_example1.png Graphic file (type png)

<use running_example1.png>
Package pdftex.def Info: running_example1.png used on input line 44.
(pdftex.def)             Requested size: 289.07999pt x 438.63269pt.
 [8 <./running_example1.png>]
LaTeX Font Info:    Font shape `OMS/cmr/m/n' in size <12> not available
(Font)              Font shape `OMS/cmsy/m/n' tried instead on input line 89.
 [9] [10]
<running_example2_d.png, id=53, 476.982pt x 716.4366pt>
File: running_example2_d.png Graphic file (type png)

<use running_example2_d.png>
Package pdftex.def Info: running_example2_d.png used on input line 209.
(pdftex.def)             Requested size: 289.07999pt x 434.20526pt.
LaTeX Font Info:    Font shape `OMS/cmr/m/n' in size <10> not available
(Font)              Font shape `OMS/cmsy/m/n' tried instead on input line 217.
) (./distrimpl.tex [11]

LaTeX Warning: Text page 12 contains only floats.

[12 <./running_example2_d.png>] [13] [14] [15]
<running_example3_d_A.png, id=71, 476.982pt x 716.4366pt>
File: running_example3_d_A.png Graphic file (type png)

<use running_example3_d_A.png>
Package pdftex.def Info: running_example3_d_A.png used on input line 136.
(pdftex.def)             Requested size: 289.07999pt x 434.20526pt.

<running_example3_d_B_quadretti.png, id=72, 476.982pt x 716.4366pt>
File: running_example3_d_B_quadretti.png Graphic file (type png)

<use running_example3_d_B_quadretti.png>
Package pdftex.def Info: running_example3_d_B_quadretti.png used on input line 
154.
(pdftex.def)             Requested size: 289.07999pt x 434.20526pt.
) (./impldetails.tex
Underfull \hbox (badness 10000) in paragraph at lines 38--45

 []

[16]

LaTeX Warning: Text page 17 contains only floats.

[17 <./running_example3_d_A.png>]

LaTeX Warning: Text page 18 contains only floats.

[18 <./running_example3_d_B_quadretti.png>]
LaTeX Font Info:    Try loading font information for OML+cmr on input line 59.

(c:/texlive/2016/texmf-dist/tex/latex/base/omlcmr.fd
File: omlcmr.fd 2014/09/29 v2.5h Standard LaTeX font definitions
)
LaTeX Font Info:    Font shape `OML/cmr/m/n' in size <12> not available
(Font)              Font shape `OML/cmm/m/it' tried instead on input line 59.
 [19]
Underfull \hbox (badness 10000) in paragraph at lines 98--108

 []

[20]
LaTeX Font Info:    Font shape `OML/cmr/m/n' in size <8> not available
(Font)              Font shape `OML/cmm/m/it' tried instead on input line 124.


LaTeX Warning: Command \textless invalid in math mode on input line 146.


LaTeX Warning: Command \textless invalid in math mode on input line 146.


LaTeX Warning: Command \textgreater invalid in math mode on input line 147.


LaTeX Warning: Command \textgreater invalid in math mode on input line 147.


LaTeX Warning: Command \textless invalid in math mode on input line 150.


LaTeX Warning: Command \textless invalid in math mode on input line 150.


LaTeX Warning: Command \textgreater invalid in math mode on input line 150.


LaTeX Warning: Command \textgreater invalid in math mode on input line 150.


LaTeX Warning: No positions in optional float specifier.
               Default added (so using `tbp') on input line 156.


Underfull \hbox (badness 10000) in paragraph at lines 184--184
[]\OT1/cmr/m/n/10 (b) |Emit-ted key-
 []


Underfull \hbox (badness 6575) in paragraph at lines 184--184
\OT1/cmr/m/n/10 value en-tries from
 []

[21] [22]
Underfull \hbox (badness 10000) in paragraph at lines 243--256

 []

[23]

LaTeX Warning: Command \textless invalid in math mode on input line 298.


LaTeX Warning: Command \textless invalid in math mode on input line 298.


LaTeX Warning: Command \textgreater invalid in math mode on input line 298.


LaTeX Warning: Command \textgreater invalid in math mode on input line 298.


LaTeX Warning: Command \textless invalid in math mode on input line 303.


LaTeX Warning: Command \textless invalid in math mode on input line 303.


LaTeX Warning: Command \textgreater invalid in math mode on input line 303.


LaTeX Warning: Command \textgreater invalid in math mode on input line 303.


LaTeX Warning: Command \textless invalid in math mode on input line 316.


LaTeX Warning: Command \textless invalid in math mode on input line 316.


LaTeX Warning: Command \textgreater invalid in math mode on input line 316.


LaTeX Warning: Command \textgreater invalid in math mode on input line 316.

[24]

LaTeX Warning: Command \textless invalid in math mode on input line 339.


LaTeX Warning: Command \textless invalid in math mode on input line 339.


LaTeX Warning: Command \textgreater invalid in math mode on input line 340.


LaTeX Warning: Command \textgreater invalid in math mode on input line 340.


LaTeX Warning: Command \textless invalid in math mode on input line 347.


LaTeX Warning: Command \textless invalid in math mode on input line 347.


LaTeX Warning: Command \textgreater invalid in math mode on input line 347.


LaTeX Warning: Command \textgreater invalid in math mode on input line 347.


LaTeX Warning: Command \textless invalid in math mode on input line 359.


LaTeX Warning: Command \textless invalid in math mode on input line 359.


LaTeX Warning: Command \textgreater invalid in math mode on input line 359.


LaTeX Warning: Command \textgreater invalid in math mode on input line 359.

[25]) (./exp.tex [26] [27] [28] [29]
<immagini_extension/pems_fixed.png, id=122, 427.8384pt x 285.7074pt>
File: immagini_extension/pems_fixed.png Graphic file (type png)

<use immagini_extension/pems_fixed.png>
Package pdftex.def Info: immagini_extension/pems_fixed.png used on input line 1
22.
(pdftex.def)             Requested size: 361.34999pt x 241.31786pt.

<immagini_extension/breast_fixed.png, id=123, 427.3566pt x 285.7074pt>
File: immagini_extension/breast_fixed.png Graphic file (type png)

<use immagini_extension/breast_fixed.png>
Package pdftex.def Info: immagini_extension/breast_fixed.png used on input line
 129.
(pdftex.def)             Requested size: 361.34999pt x 241.58379pt.
 [30 <./immagini_extension/pems_fixed.png>]
Overfull \hbox (13.75603pt too wide) in paragraph at lines 153--164
 [] 
 []

[31 <./immagini_extension/breast_fixed.png>] [32] [33] [34]
Overfull \hbox (35.48767pt too wide) in paragraph at lines 273--288
 [] 
 []

[35] [36] [37]
<immagini_extension/pems_confronto.png, id=152, 427.8384pt x 285.7074pt>
File: immagini_extension/pems_confronto.png Graphic file (type png)

<use immagini_extension/pems_confronto.png>
Package pdftex.def Info: immagini_extension/pems_confronto.png used on input li
ne 479.
(pdftex.def)             Requested size: 361.34999pt x 241.31786pt.

<immagini_extension/breast_confronto.png, id=153, 427.3566pt x 285.7074pt>
File: immagini_extension/breast_confronto.png Graphic file (type png)

<use immagini_extension/breast_confronto.png>
Package pdftex.def Info: immagini_extension/breast_confronto.png used on input 
line 485.
(pdftex.def)             Requested size: 361.34999pt x 241.58379pt.
 [38] [39 <./immagini_extension/pems_confronto.png>] [40 <./immagini_extension/
breast_confronto.png>]
<immagini_extension/pampa_pems_confronto.png, id=165, 427.8384pt x 285.2256pt>
File: immagini_extension/pampa_pems_confronto.png Graphic file (type png)

<use immagini_extension/pampa_pems_confronto.png>
Package pdftex.def Info: immagini_extension/pampa_pems_confronto.png used on in
put line 520.
(pdftex.def)             Requested size: 361.34999pt x 240.91092pt.
 [41 <./immagini_extension/pampa_pems_confronto.png>] [42]
<immagini_extension/scalability_pems.png, id=173, 427.8384pt x 285.2256pt>
File: immagini_extension/scalability_pems.png Graphic file (type png)

<use immagini_extension/scalability_pems.png>
Package pdftex.def Info: immagini_extension/scalability_pems.png used on input 
line 551.
(pdftex.def)             Requested size: 361.34999pt x 240.91092pt.

<immagini_extension/scalability_breast.png, id=174, 427.8384pt x 285.2256pt>
File: immagini_extension/scalability_breast.png Graphic file (type png)

<use immagini_extension/scalability_breast.png>
Package pdftex.def Info: immagini_extension/scalability_breast.png used on inpu
t line 557.
(pdftex.def)             Requested size: 361.34999pt x 240.91092pt.
 [43 <./immagini_extension/scalability_pems.png>] [44 <./immagini_extension/sca
lability_breast.png>]
<immagini_extension/comm_cost_pems.png, id=184, 427.8384pt x 285.7074pt>
File: immagini_extension/comm_cost_pems.png Graphic file (type png)

<use immagini_extension/comm_cost_pems.png>
Package pdftex.def Info: immagini_extension/comm_cost_pems.png used on input li
ne 579.
(pdftex.def)             Requested size: 361.34999pt x 241.31786pt.

<immagini_extension/comm_cost_breast.png, id=185, 427.8384pt x 285.7074pt>
File: immagini_extension/comm_cost_breast.png Graphic file (type png)

<use immagini_extension/comm_cost_breast.png>
Package pdftex.def Info: immagini_extension/comm_cost_breast.png used on input 
line 585.
(pdftex.def)             Requested size: 361.34999pt x 241.31786pt.
 [45]) (./pw.tex [46 <./immagini_extension/comm_cost_pems.png>] [47 <./immagini
_extension/comm_cost_breast.png>]
[48] [49]) (./applications.tex) [50] (./conclusions.tex [51])
Underfull \hbox (badness 10000) in paragraph at lines 233--239

 []

(./extension_pampa.bbl [52]
Underfull \hbox (badness 1331) in paragraph at lines 59--66
\OT1/cmr/m/n/12 virenti, Pampa-hd: A par-al-lel mapreduce-based fre-quent pat-t
ern
 []

[53]
Underfull \hbox (badness 10000) in paragraph at lines 86--89
\OT1/cmr/m/n/12 URL \OT1/cmtt/m/n/12 http://http://pems.dot.ca.gov/. Last acces
s: April,
 []


Overfull \hbox (87.6345pt too wide) in paragraph at lines 91--96
\OT1/cmr/m/n/12 URL \OT1/cmtt/m/n/12 http://mldata.org/repository/data/viewslug
/breast-cancer-kent-ridge-2
 []

[54] [55]
Underfull \hbox (badness 7796) in paragraph at lines 174--180
[]\OT1/cmr/m/n/12 R. Vimieiro, P. Moscato, A new method for min-ing dis-
 []


Underfull \hbox (badness 10000) in paragraph at lines 174--180
\OT1/cmr/m/n/12 junc-tive emerg-ing pat-terns in high-dimensional datasets us-
 []


Underfull \hbox (badness 10000) in paragraph at lines 174--180
\OT1/cmr/m/n/12 ing hy-per-graphs, In-for-ma-tion Sys-tems 40 (2014) 1 -- 10.
 []

Missing character: There is no Ã in font cmr12!
Missing character: There is no ¡ in font cmr12!

Underfull \hbox (badness 6412) in paragraph at lines 182--190
[]\OT1/cmr/m/n/12 P. Bermejo, L. de la Ossa, J. A. Gmez, J. M. Puerta,
 []


Underfull \hbox (badness 1748) in paragraph at lines 182--190
\OT1/cmr/m/n/12 by means of fil-ter re-ranking, Knowledge-Based Sys-tems 25 (1)

 []


Underfull \hbox (badness 1424) in paragraph at lines 182--190
\OT1/cmr/m/n/12 (2012) 35 -- 44, spe-cial Is-sue on New Trends in Data Min-ing.

 []


Underfull \hbox (badness 5403) in paragraph at lines 192--199
[]\OT1/cmr/m/n/12 B. Kamsu-Foguem, F. Ri-gal, F. Mauget, Min-ing as-so-ci-a-tio
n
 []


Underfull \hbox (badness 5022) in paragraph at lines 192--199
\OT1/cmr/m/n/12 pert Sys-tems with Ap-pli-ca-tions 40 (4) (2013) 1034 -- 1045.
 []

[56]
Underfull \hbox (badness 3792) in paragraph at lines 228--233
[]\OT1/cmr/m/n/12 D. Brauck-hoff, X. Dim-itropou-los, A. Wag-ner, K. Sala-ma-ti
an,
 []

) [57] (./extension_pampa.aux) ) 
Here is how much of TeX's memory you used:
 4093 strings out of 493014
 60540 string characters out of 6137001
 125304 words of memory out of 5000000
 7512 multiletter control sequences out of 15000+600000
 13101 words of font info for 50 fonts, out of 8000000 for 9000
 1141 hyphenation exceptions out of 8191
 38i,10n,49p,989b,337s stack positions out of 5000i,500n,10000p,200000b,80000s
<c:/texlive/2016/texmf-dist/fonts/type1/public/
amsfonts/cm/cmbx12.pfb><c:/texlive/2016/texmf-dist/fonts/type1/public/amsfonts/
cm/cmbx8.pfb><c:/texlive/2016/texmf-dist/fonts/type1/public/amsfonts/cm/cmcsc10
.pfb><c:/texlive/2016/texmf-dist/fonts/type1/public/amsfonts/cm/cmmi10.pfb><c:/
texlive/2016/texmf-dist/fonts/type1/public/amsfonts/cm/cmmi12.pfb><c:/texlive/2
016/texmf-dist/fonts/type1/public/amsfonts/cm/cmmi6.pfb><c:/texlive/2016/texmf-
dist/fonts/type1/public/amsfonts/cm/cmmi7.pfb><c:/texlive/2016/texmf-dist/fonts
/type1/public/amsfonts/cm/cmmi8.pfb><c:/texlive/2016/texmf-dist/fonts/type1/pub
lic/amsfonts/cm/cmr10.pfb><c:/texlive/2016/texmf-dist/fonts/type1/public/amsfon
ts/cm/cmr12.pfb><c:/texlive/2016/texmf-dist/fonts/type1/public/amsfonts/cm/cmr1
7.pfb><c:/texlive/2016/texmf-dist/fonts/type1/public/amsfonts/cm/cmr7.pfb><c:/t
exlive/2016/texmf-dist/fonts/type1/public/amsfonts/cm/cmr8.pfb><c:/texlive/2016
/texmf-dist/fonts/type1/public/amsfonts/cm/cmsy10.pfb><c:/texlive/2016/texmf-di
st/fonts/type1/public/amsfonts/cm/cmsy7.pfb><c:/texlive/2016/texmf-dist/fonts/t
ype1/public/amsfonts/cm/cmsy8.pfb><c:/texlive/2016/texmf-dist/fonts/type1/publi
c/amsfonts/cm/cmti10.pfb><c:/texlive/2016/texmf-dist/fonts/type1/public/amsfont
s/cm/cmti12.pfb><c:/texlive/2016/texmf-dist/fonts/type1/public/amsfonts/cm/cmti
7.pfb><c:/texlive/2016/texmf-dist/fonts/type1/public/amsfonts/cm/cmtt12.pfb>
Output written on extension_pampa.pdf (57 pages, 1071822 bytes).
PDF statistics:
 296 PDF objects out of 1000 (max. 8388607)
 189 compressed objects within 2 object streams
 0 named destinations out of 1000 (max. 500000)
 66 words of extra memory for PDF output out of 10000 (max. 10000000)

