This is pdfTeX, Version 3.1415926-2.5-1.40.14 (TeX Live 2013/Debian) (format=pdflatex 2014.12.17)  12 JUL 2016 14:18
entering extended mode
 restricted \write18 enabled.
 %&-line parsing enabled.
**extension_pampa.tex
(./extension_pampa.tex
LaTeX2e <2011/06/27>
Babel <3.9h> and hyphenation patterns for 78 languages loaded.
(./elsarticle.cls
Document Class: elsarticle 2009/09/17, 1.20b: Elsevier Ltd
\@bls=\dimen102
(/usr/share/texlive/texmf-dist/tex/latex/base/article.cls
Document Class: article 2007/10/19 v1.4h Standard LaTeX document class
(/usr/share/texlive/texmf-dist/tex/latex/base/size12.clo
File: size12.clo 2007/10/19 v1.4h Standard LaTeX file (size option)
)
\c@part=\count79
\c@section=\count80
\c@subsection=\count81
\c@subsubsection=\count82
\c@paragraph=\count83
\c@subparagraph=\count84
\c@figure=\count85
\c@table=\count86
\abovecaptionskip=\skip41
\belowcaptionskip=\skip42
\bibindent=\dimen103
)
(/usr/share/texlive/texmf-dist/tex/latex/graphics/graphicx.sty
Package: graphicx 1999/02/16 v1.0f Enhanced LaTeX Graphics (DPC,SPQR)

(/usr/share/texlive/texmf-dist/tex/latex/graphics/keyval.sty
Package: keyval 1999/03/16 v1.13 key=value parser (DPC)
\KV@toks@=\toks14
)
(/usr/share/texlive/texmf-dist/tex/latex/graphics/graphics.sty
Package: graphics 2009/02/05 v1.0o Standard LaTeX Graphics (DPC,SPQR)

(/usr/share/texlive/texmf-dist/tex/latex/graphics/trig.sty
Package: trig 1999/03/16 v1.09 sin cos tan (DPC)
)
(/usr/share/texlive/texmf-dist/tex/latex/latexconfig/graphics.cfg
File: graphics.cfg 2010/04/23 v1.9 graphics configuration of TeX Live
)
Package graphics Info: Driver file: pdftex.def on input line 91.

(/usr/share/texlive/texmf-dist/tex/latex/pdftex-def/pdftex.def
File: pdftex.def 2011/05/27 v0.06d Graphics/color for pdfTeX

(/usr/share/texlive/texmf-dist/tex/generic/oberdiek/infwarerr.sty
Package: infwarerr 2010/04/08 v1.3 Providing info/warning/error messages (HO)
)
(/usr/share/texlive/texmf-dist/tex/generic/oberdiek/ltxcmds.sty
Package: ltxcmds 2011/11/09 v1.22 LaTeX kernel commands for general use (HO)
)
\Gread@gobject=\count87
))
\Gin@req@height=\dimen104
\Gin@req@width=\dimen105
)
(/usr/share/texlive/texmf-dist/tex/latex/psnfss/pifont.sty
Package: pifont 2005/04/12 PSNFSS-v9.2a Pi font support (SPQR) 
LaTeX Font Info:    Try loading font information for U+pzd on input line 63.

(/usr/share/texlive/texmf-dist/tex/latex/psnfss/upzd.fd
File: upzd.fd 2001/06/04 font definitions for U/pzd.
)
LaTeX Font Info:    Try loading font information for U+psy on input line 64.

(/usr/share/texlive/texmf-dist/tex/latex/psnfss/upsy.fd
File: upsy.fd 2001/06/04 font definitions for U/psy.
))
\c@tnote=\count88
\c@fnote=\count89
\c@cnote=\count90
\c@ead=\count91
\c@author=\count92
\@eadauthor=\toks15
\c@affn=\count93
\absbox=\box26
\keybox=\box27
\Columnwidth=\dimen106
\space@left=\dimen107
\els@boxa=\box28
\els@boxb=\box29
\leftMargin=\dimen108
\@enLab=\toks16
\@sep=\skip43
\@@sep=\skip44

(./extension_pampa.spl)
(/usr/share/texlive/texmf-dist/tex/latex/natbib/natbib.sty
Package: natbib 2010/09/13 8.31b (PWD, AO)
\bibhang=\skip45
\bibsep=\skip46
LaTeX Info: Redefining \cite on input line 694.
\c@NAT@ctr=\count94
)
\splwrite=\write3
\openout3 = `extension_pampa.spl'.

\appnamewidth=\dimen109
)
(/usr/share/texlive/texmf-dist/tex/latex/amsfonts/amssymb.sty
Package: amssymb 2013/01/14 v3.01 AMS font symbols

(/usr/share/texlive/texmf-dist/tex/latex/amsfonts/amsfonts.sty
Package: amsfonts 2013/01/14 v3.01 Basic AMSFonts support
\@emptytoks=\toks17
\symAMSa=\mathgroup4
\symAMSb=\mathgroup5
LaTeX Font Info:    Overwriting math alphabet `\mathfrak' in version `bold'
(Font)                  U/euf/m/n --> U/euf/b/n on input line 106.
))
(/usr/share/texlive/texmf-dist/tex/latex/subfig/subfig.sty
Package: subfig 2005/06/28 ver: 1.3 subfig package

(/usr/share/texlive/texmf-dist/tex/latex/caption/caption3.sty
Package: caption3 2013/05/02 v1.6-88 caption3 kernel (AR)
Package caption3 Info: TeX engine: e-TeX on input line 57.
\captionmargin=\dimen110
\captionmargin@=\dimen111
\captionwidth=\dimen112
\caption@tempdima=\dimen113
\caption@indent=\dimen114
\caption@parindent=\dimen115
\caption@hangindent=\dimen116
)
\c@KVtest=\count95
\sf@farskip=\skip47
\sf@captopadj=\dimen117
\sf@capskip=\skip48
\sf@nearskip=\skip49
\c@subfigure=\count96
\c@subfigure@save=\count97
\c@lofdepth=\count98
\c@subtable=\count99
\c@subtable@save=\count100
\c@lotdepth=\count101
\sf@top=\skip50
\sf@bottom=\skip51
)
(/usr/share/texlive/texmf-dist/tex/latex/multirow/multirow.sty
\bigstrutjot=\dimen118
)
(/usr/share/texlive/texmf-dist/tex/latex/capt-of/capt-of.sty
Package: capt-of 2009/12/29 v0.2 standard captions outside of floats
)
(/usr/share/texlive/texmf-dist/tex/latex/algorithmicx/algpseudocode.sty
Package: algpseudocode 

(/usr/share/texlive/texmf-dist/tex/latex/base/ifthen.sty
Package: ifthen 2001/05/26 v1.1c Standard LaTeX ifthen package (DPC)
)
(/usr/share/texlive/texmf-dist/tex/latex/algorithmicx/algorithmicx.sty
Package: algorithmicx 2005/04/27 v1.2 Algorithmicx

Document Style algorithmicx 1.2 - a greatly improved `algorithmic' style
\c@ALG@line=\count102
\c@ALG@rem=\count103
\c@ALG@nested=\count104
\ALG@tlm=\skip52
\ALG@thistlm=\skip53
\c@ALG@Lnr=\count105
\c@ALG@blocknr=\count106
\c@ALG@storecount=\count107
\c@ALG@tmpcounter=\count108
\ALG@tmplength=\skip54
)
Document Style - pseudocode environments for use with the `algorithmicx' style
) (/usr/share/texlive/texmf-dist/tex/latex/algorithms/algorithm.sty
Package: algorithm 2009/08/24 v0.1 Document Style `algorithm' - floating enviro
nment

(/usr/share/texlive/texmf-dist/tex/latex/float/float.sty
Package: float 2001/11/08 v1.3d Float enhancements (AL)
\c@float@type=\count109
\float@exts=\toks18
\float@box=\box30
\@float@everytoks=\toks19
\@floatcapt=\box31
)
\@float@every@algorithm=\toks20
\c@algorithm=\count110
)
(./extension_pampa.aux)
\openout1 = `extension_pampa.aux'.

LaTeX Font Info:    Checking defaults for OML/cmm/m/it on input line 62.
LaTeX Font Info:    ... okay on input line 62.
LaTeX Font Info:    Checking defaults for T1/cmr/m/n on input line 62.
LaTeX Font Info:    ... okay on input line 62.
LaTeX Font Info:    Checking defaults for OT1/cmr/m/n on input line 62.
LaTeX Font Info:    ... okay on input line 62.
LaTeX Font Info:    Checking defaults for OMS/cmsy/m/n on input line 62.
LaTeX Font Info:    ... okay on input line 62.
LaTeX Font Info:    Checking defaults for OMX/cmex/m/n on input line 62.
LaTeX Font Info:    ... okay on input line 62.
LaTeX Font Info:    Checking defaults for U/cmr/m/n on input line 62.
LaTeX Font Info:    ... okay on input line 62.

(/usr/share/texlive/texmf-dist/tex/context/base/supp-pdf.mkii
[Loading MPS to PDF converter (version 2006.09.02).]
\scratchcounter=\count111
\scratchdimen=\dimen119
\scratchbox=\box32
\nofMPsegments=\count112
\nofMParguments=\count113
\everyMPshowfont=\toks21
\MPscratchCnt=\count114
\MPscratchDim=\dimen120
\MPnumerator=\count115
\makeMPintoPDFobject=\count116
\everyMPtoPDFconversion=\toks22
) (/usr/share/texlive/texmf-dist/tex/generic/oberdiek/pdftexcmds.sty
Package: pdftexcmds 2011/11/29 v0.20 Utility functions of pdfTeX for LuaTeX (HO
)

(/usr/share/texlive/texmf-dist/tex/generic/oberdiek/ifluatex.sty
Package: ifluatex 2010/03/01 v1.3 Provides the ifluatex switch (HO)
Package ifluatex Info: LuaTeX not detected.
)
(/usr/share/texlive/texmf-dist/tex/generic/oberdiek/ifpdf.sty
Package: ifpdf 2011/01/30 v2.3 Provides the ifpdf switch (HO)
Package ifpdf Info: pdfTeX in PDF mode is detected.
)
Package pdftexcmds Info: LuaTeX not detected.
Package pdftexcmds Info: \pdf@primitive is available.
Package pdftexcmds Info: \pdf@ifprimitive is available.
Package pdftexcmds Info: \pdfdraftmode found.
)
(/usr/share/texlive/texmf-dist/tex/latex/oberdiek/epstopdf-base.sty
Package: epstopdf-base 2010/02/09 v2.5 Base part for package epstopdf

(/usr/share/texlive/texmf-dist/tex/latex/oberdiek/grfext.sty
Package: grfext 2010/08/19 v1.1 Manage graphics extensions (HO)

(/usr/share/texlive/texmf-dist/tex/generic/oberdiek/kvdefinekeys.sty
Package: kvdefinekeys 2011/04/07 v1.3 Define keys (HO)
))
(/usr/share/texlive/texmf-dist/tex/latex/oberdiek/kvoptions.sty
Package: kvoptions 2011/06/30 v3.11 Key value format for package options (HO)

(/usr/share/texlive/texmf-dist/tex/generic/oberdiek/kvsetkeys.sty
Package: kvsetkeys 2012/04/25 v1.16 Key value parser (HO)

(/usr/share/texlive/texmf-dist/tex/generic/oberdiek/etexcmds.sty
Package: etexcmds 2011/02/16 v1.5 Avoid name clashes with e-TeX commands (HO)
Package etexcmds Info: Could not find \expanded.
(etexcmds)             That can mean that you are not using pdfTeX 1.50 or
(etexcmds)             that some package has redefined \expanded.
(etexcmds)             In the latter case, load this package earlier.
)))
Package grfext Info: Graphics extension search list:
(grfext)             [.png,.pdf,.jpg,.mps,.jpeg,.jbig2,.jb2,.PNG,.PDF,.JPG,.JPE
G,.JBIG2,.JB2,.eps]
(grfext)             \AppendGraphicsExtensions on input line 452.

(/usr/share/texlive/texmf-dist/tex/latex/latexconfig/epstopdf-sys.cfg
File: epstopdf-sys.cfg 2010/07/13 v1.3 Configuration of (r)epstopdf for TeX Liv
e
))
Package caption Info: Begin \AtBeginDocument code.
Package caption Info: subfig package v1.3 is loaded.
Package caption Info: End \AtBeginDocument code.

(./abstract.tex)
LaTeX Font Info:    Try loading font information for U+msa on input line 120.
 (/usr/share/texlive/texmf-dist/tex/latex/amsfonts/umsa.fd
File: umsa.fd 2013/01/14 v3.01 AMS symbols A
)
LaTeX Font Info:    Try loading font information for U+msb on input line 120.

(/usr/share/texlive/texmf-dist/tex/latex/amsfonts/umsb.fd
File: umsb.fd 2013/01/14 v3.01 AMS symbols B
) (./intro.tex
[1


{/var/lib/texmf/fonts/map/pdftex/updmap/pdftex.map}] [2]
Overfull \hbox (2.52464pt too wide) in paragraph at lines 62--74
\OT1/cmr/m/n/12 quent closed item-set min-ing al-go-rithm for high-dimensional 
datasets. PaMPa-
 []


Overfull \hbox (2.5112pt too wide) in paragraph at lines 62--74
\OT1/cmr/m/n/12 proaches, in ex-e-cu-tion time and by sup-port-ing lower min-i-
mum sup-port thresh-
 []

[3]) (./preliminaries.tex
LaTeX Font Info:    Try loading font information for OMS+cmr on input line 88.

(/usr/share/texlive/texmf-dist/tex/latex/base/omscmr.fd
File: omscmr.fd 1999/05/25 v2.5h Standard LaTeX font definitions
)
LaTeX Font Info:    Font shape `OMS/cmr/m/it' in size <12> not available
(Font)              Font shape `OMS/cmsy/m/n' tried instead on input line 88.

Overfull \hbox (6.62506pt too wide) in paragraph at lines 93--100
[]\OT1/cmr/m/n/12 Given a trans-ac-tional dataset $\OMS/cmsy/m/n/12 D$ \OT1/cmr
/m/n/12 and a min-i-mum sup-port thresh-old $\OML/cmm/m/it/12 minsup$\OT1/cmr/m
/n/12 ,
 []

[4] [5]) (./centralizedcarpenter.tex [6]
<running_example1.png, id=37, 472.164pt x 716.4366pt>
File: running_example1.png Graphic file (type png)

<use running_example1.png>
Package pdftex.def Info: running_example1.png used on input line 44.
(pdftex.def)             Requested size: 289.07999pt x 438.63269pt.
LaTeX Font Info:    Font shape `OMS/cmr/m/n' in size <12> not available
(Font)              Font shape `OMS/cmsy/m/n' tried instead on input line 89.
 [7] [8 <./running_example1.png>] [9]
<running_example2_d.png, id=50, 476.982pt x 716.4366pt>
File: running_example2_d.png Graphic file (type png)

<use running_example2_d.png>
Package pdftex.def Info: running_example2_d.png used on input line 193.
(pdftex.def)             Requested size: 289.07999pt x 434.20526pt.
LaTeX Font Info:    Font shape `OMS/cmr/m/n' in size <10> not available
(Font)              Font shape `OMS/cmsy/m/n' tried instead on input line 201.
) (./distrimpl.tex [10]

LaTeX Warning: Text page 11 contains only floats.

[11 <./running_example2_d.png>] [12] [13]
<running_example3_d_A.png, id=65, 476.982pt x 716.4366pt>
File: running_example3_d_A.png Graphic file (type png)

<use running_example3_d_A.png>
Package pdftex.def Info: running_example3_d_A.png used on input line 129.
(pdftex.def)             Requested size: 289.07999pt x 434.20526pt.

<running_example3_d_B_quadretti.png, id=66, 476.982pt x 716.4366pt>
File: running_example3_d_B_quadretti.png Graphic file (type png)

<use running_example3_d_B_quadretti.png>
Package pdftex.def Info: running_example3_d_B_quadretti.png used on input line 
147.
(pdftex.def)             Requested size: 289.07999pt x 434.20526pt.
) (./impldetails.tex
Underfull \hbox (badness 10000) in paragraph at lines 38--45

 []

[14]

LaTeX Warning: Text page 15 contains only floats.

[15 <./running_example3_d_A.png>]

LaTeX Warning: Text page 16 contains only floats.

[16 <./running_example3_d_B_quadretti.png>] [17]
LaTeX Font Info:    Try loading font information for OML+cmr on input line 61.

(/usr/share/texlive/texmf-dist/tex/latex/base/omlcmr.fd
File: omlcmr.fd 1999/05/25 v2.5h Standard LaTeX font definitions
)
LaTeX Font Info:    Font shape `OML/cmr/m/n' in size <12> not available
(Font)              Font shape `OML/cmm/m/it' tried instead on input line 61.
 [18]
Underfull \hbox (badness 10000) in paragraph at lines 97--105

 []

LaTeX Font Info:    Font shape `OML/cmr/m/n' in size <8> not available
(Font)              Font shape `OML/cmm/m/it' tried instead on input line 120.

LaTeX Warning: Command \textless invalid in math mode on input line 139.


LaTeX Warning: Command \textless invalid in math mode on input line 139.


LaTeX Warning: Command \textgreater invalid in math mode on input line 140.


LaTeX Warning: Command \textgreater invalid in math mode on input line 140.


LaTeX Warning: Command \textless invalid in math mode on input line 142.


LaTeX Warning: Command \textless invalid in math mode on input line 142.


LaTeX Warning: Command \textgreater invalid in math mode on input line 142.


LaTeX Warning: Command \textgreater invalid in math mode on input line 142.


LaTeX Warning: No positions in optional float specifier.
               Default added (so using `tbp') on input line 148.


Underfull \hbox (badness 10000) in paragraph at lines 176--176
[]\OT1/cmr/m/n/10 (b) |Emit-ted key-
 []


Underfull \hbox (badness 6575) in paragraph at lines 176--176
\OT1/cmr/m/n/10 value en-tries from
 []


Overfull \hbox (12.13739pt too wide) in paragraph at lines 221--249
\OT1/cmr/m/n/12 pers out-put a pair of the form \OML/cmm/m/it/12 <\OT1/cmr/m/n/
12 key=itemset; value=tidlist,table[]content\OML/cmm/m/it/12 >\OT1/cmr/m/n/12 (
lines
 []


Underfull \hbox (badness 10000) in paragraph at lines 221--249

 []

[19] [20] [21] [22]

LaTeX Warning: Command \textless invalid in math mode on input line 293.


LaTeX Warning: Command \textless invalid in math mode on input line 293.


LaTeX Warning: Command \textgreater invalid in math mode on input line 293.


LaTeX Warning: Command \textgreater invalid in math mode on input line 293.


LaTeX Warning: Command \textless invalid in math mode on input line 298.


LaTeX Warning: Command \textless invalid in math mode on input line 298.


LaTeX Warning: Command \textgreater invalid in math mode on input line 298.


LaTeX Warning: Command \textgreater invalid in math mode on input line 298.


LaTeX Warning: Command \textless invalid in math mode on input line 311.


LaTeX Warning: Command \textless invalid in math mode on input line 311.


LaTeX Warning: Command \textgreater invalid in math mode on input line 311.


LaTeX Warning: Command \textgreater invalid in math mode on input line 311.


LaTeX Warning: No positions in optional float specifier.
               Default added (so using `htbp') on input line 318.


LaTeX Warning: Command \textless invalid in math mode on input line 333.


LaTeX Warning: Command \textless invalid in math mode on input line 333.


LaTeX Warning: Command \textgreater invalid in math mode on input line 334.


LaTeX Warning: Command \textgreater invalid in math mode on input line 334.


LaTeX Warning: Command \textless invalid in math mode on input line 339.


LaTeX Warning: Command \textless invalid in math mode on input line 339.


LaTeX Warning: Command \textgreater invalid in math mode on input line 339.


LaTeX Warning: Command \textgreater invalid in math mode on input line 339.


LaTeX Warning: Command \textless invalid in math mode on input line 351.


LaTeX Warning: Command \textless invalid in math mode on input line 351.


LaTeX Warning: Command \textgreater invalid in math mode on input line 351.


LaTeX Warning: Command \textgreater invalid in math mode on input line 351.

) (./exp.tex [23] [24] [25] [26] [27]
<immagini_extension/pems_fixed.png, id=116, 427.8384pt x 285.7074pt>
File: immagini_extension/pems_fixed.png Graphic file (type png)

<use immagini_extension/pems_fixed.png>
Package pdftex.def Info: immagini_extension/pems_fixed.png used on input line 1
17.
(pdftex.def)             Requested size: 361.34999pt x 241.31786pt.

<immagini_extension/breast_fixed.png, id=117, 427.3566pt x 285.7074pt>
File: immagini_extension/breast_fixed.png Graphic file (type png)

<use immagini_extension/breast_fixed.png>
Package pdftex.def Info: immagini_extension/breast_fixed.png used on input line
 124.
(pdftex.def)             Requested size: 361.34999pt x 241.58379pt.
 [28 <./immagini_extension/pems_fixed.png>]
Overfull \hbox (13.75603pt too wide) in paragraph at lines 148--159
 [] 
 []

[29 <./immagini_extension/breast_fixed.png>] [30] [31] [32] [33]
Missing character: There is no Ã in font cmbx12!
Missing character: There is no ¨ in font cmbx12!
 [34]
<immagini_extension/pems_strategy1.png, id=142, 470.7186pt x 285.2256pt>
File: immagini_extension/pems_strategy1.png Graphic file (type png)

<use immagini_extension/pems_strategy1.png>
Package pdftex.def Info: immagini_extension/pems_strategy1.png used on input li
ne 348.
(pdftex.def)             Requested size: 361.34999pt x 218.9672pt.

<immagini_extension/breast_strategy1.png, id=143, 424.9476pt x 285.7074pt>
File: immagini_extension/breast_strategy1.png Graphic file (type png)

<use immagini_extension/breast_strategy1.png>
Package pdftex.def Info: immagini_extension/breast_strategy1.png used on input 
line 384.
(pdftex.def)             Requested size: 361.34999pt x 242.95268pt.
 [35 <./immagini_extension/pems_strategy1.png>] [36 <./immagini_extension/breas
t_strategy1.png>]
<immagini_extension/pems_confronto.png, id=152, 427.8384pt x 285.7074pt>
File: immagini_extension/pems_confronto.png Graphic file (type png)

<use immagini_extension/pems_confronto.png>
Package pdftex.def Info: immagini_extension/pems_confronto.png used on input li
ne 463.
(pdftex.def)             Requested size: 361.34999pt x 241.31786pt.

<immagini_extension/breast_confronto.png, id=153, 427.3566pt x 285.7074pt>
File: immagini_extension/breast_confronto.png Graphic file (type png)

<use immagini_extension/breast_confronto.png>
Package pdftex.def Info: immagini_extension/breast_confronto.png used on input 
line 469.
(pdftex.def)             Requested size: 361.34999pt x 241.58379pt.
 [37] [38 <./immagini_extension/pems_confronto.png>] [39 <./immagini_extension/
breast_confronto.png>]
<immagini_extension/pampa_pems_confronto.png, id=166, 427.8384pt x 285.2256pt>
File: immagini_extension/pampa_pems_confronto.png Graphic file (type png)

<use immagini_extension/pampa_pems_confronto.png>
Package pdftex.def Info: immagini_extension/pampa_pems_confronto.png used on in
put line 504.
(pdftex.def)             Requested size: 361.34999pt x 240.91092pt.
Missing character: There is no Ã in font cmbx12!
Missing character: There is no ¹ in font cmbx12!
 [40] [41 <./immagini_extension/pampa_pems_confronto.png>]
<immagini_extension/scalability_pems.png, id=174, 427.8384pt x 285.2256pt>
File: immagini_extension/scalability_pems.png Graphic file (type png)

<use immagini_extension/scalability_pems.png>
Package pdftex.def Info: immagini_extension/scalability_pems.png used on input 
line 537.
(pdftex.def)             Requested size: 361.34999pt x 240.91092pt.

<immagini_extension/scalability_breast.png, id=175, 427.8384pt x 285.2256pt>
File: immagini_extension/scalability_breast.png Graphic file (type png)

<use immagini_extension/scalability_breast.png>
Package pdftex.def Info: immagini_extension/scalability_breast.png used on inpu
t line 543.
(pdftex.def)             Requested size: 361.34999pt x 240.91092pt.
 [42 <./immagini_extension/scalability_pems.png>] [43 <./immagini_extension/sca
lability_breast.png>]
<immagini_extension/comm_cost_pems.png, id=185, 427.8384pt x 285.7074pt>
File: immagini_extension/comm_cost_pems.png Graphic file (type png)

<use immagini_extension/comm_cost_pems.png>
Package pdftex.def Info: immagini_extension/comm_cost_pems.png used on input li
ne 564.
(pdftex.def)             Requested size: 361.34999pt x 241.31786pt.

<immagini_extension/comm_cost_breast.png, id=186, 427.8384pt x 285.7074pt>
File: immagini_extension/comm_cost_breast.png Graphic file (type png)

<use immagini_extension/comm_cost_breast.png>
Package pdftex.def Info: immagini_extension/comm_cost_breast.png used on input 
line 570.
(pdftex.def)             Requested size: 361.34999pt x 241.31786pt.
 [44]) (./pw.tex [45 <./immagini_extension/comm_cost_pems.png>] [46 <./immagini
_extension/comm_cost_breast.png>]
[47]) (./applications.tex) [48] (./conclusions.tex) [49]
Underfull \hbox (badness 10000) in paragraph at lines 233--239

 []

(./extension_pampa.bbl
Overfull \hbox (69.1095pt too wide) in paragraph at lines 9--16
\OT1/cmr/m/n/12 URL \OT1/cmtt/m/n/12 http://www.sciencedirect.com/science/artic
le/pii/S2214579615000076 
 []

[50]
Overfull \hbox (69.1095pt too wide) in paragraph at lines 45--52
\OT1/cmr/m/n/12 URL \OT1/cmtt/m/n/12 http://www.sciencedirect.com/science/artic
le/pii/S2214579615000040 
 []

[51]
Underfull \hbox (badness 1331) in paragraph at lines 63--71
\OT1/cmr/m/n/12 virenti, Pampa-hd: A par-al-lel mapreduce-based fre-quent pat-t
ern
 []


Overfull \hbox (87.6345pt too wide) in paragraph at lines 63--71
\OT1/cmr/m/n/12 URL \OT1/cmtt/m/n/12 http://ieeexplore.ieee.org/lpdocs/epic03/w
rapper.htm?arnumber=7395755 
 []


Underfull \hbox (badness 10000) in paragraph at lines 91--94
\OT1/cmr/m/n/12 URL \OT1/cmtt/m/n/12 http://http://pems.dot.ca.gov/. Last acces
s: April,
 []


Overfull \hbox (87.6345pt too wide) in paragraph at lines 96--101
\OT1/cmr/m/n/12 URL \OT1/cmtt/m/n/12 http://mldata.org/repository/data/viewslug
/breast-cancer-kent-ridge-2
 []

[52] [53]
Underfull \hbox (badness 7796) in paragraph at lines 153--160
[]\OT1/cmr/m/n/12 R. Vimieiro, P. Moscato, A new method for min-ing dis-
 []


Underfull \hbox (badness 10000) in paragraph at lines 153--160
\OT1/cmr/m/n/12 junc-tive emerg-ing pat-terns in high-dimensional datasets us-
 []


Underfull \hbox (badness 10000) in paragraph at lines 153--160
\OT1/cmr/m/n/12 ing hy-per-graphs, In-for-ma-tion Sys-tems 40 (2014) 1 -- 10.
 []


Overfull \hbox (69.1095pt too wide) in paragraph at lines 153--160
\OT1/cmr/m/n/12 URL \OT1/cmtt/m/n/12 http://www.sciencedirect.com/science/artic
le/pii/S0306437913001221 
 []

Missing character: There is no Ã in font cmr12!
Missing character: There is no ¡ in font cmr12!

Underfull \hbox (badness 1776) in paragraph at lines 162--171
[]\OT1/cmr/m/n/12 P. Bermejo, L. de la Ossa, J. A. Gmez, J. M. Puerta, Fast
 []


Underfull \hbox (badness 7777) in paragraph at lines 162--171
\OT1/cmr/m/n/12 wrap-per fea-ture sub-set se-lec-tion in high-dimensional datas
ets
 []


Underfull \hbox (badness 1748) in paragraph at lines 162--171
\OT1/cmr/m/n/12 by means of fil-ter re-ranking, Knowledge-Based Sys-tems 25 (1)

 []


Underfull \hbox (badness 1424) in paragraph at lines 162--171
\OT1/cmr/m/n/12 (2012) 35 -- 44, spe-cial Is-sue on New Trends in Data Min-ing.

 []


Overfull \hbox (69.1095pt too wide) in paragraph at lines 162--171
\OT1/cmr/m/n/12 URL \OT1/cmtt/m/n/12 http://www.sciencedirect.com/science/artic
le/pii/S095070511100027X 
 []


Overfull \hbox (69.1095pt too wide) in paragraph at lines 173--181
\OT1/cmr/m/n/12 URL \OT1/cmtt/m/n/12 http://www.sciencedirect.com/science/artic
le/pii/S095741741200989X 
 []


Underfull \hbox (badness 5403) in paragraph at lines 183--191
[]\OT1/cmr/m/n/12 B. Kamsu-Foguem, F. Ri-gal, F. Mauget, Min-ing as-so-ci-a-tio
n
 []


Underfull \hbox (badness 4531) in paragraph at lines 183--191
\OT1/cmr/m/n/12 rules for the qual-ity im-prove-ment of the pro-duc-tion pro-ce
ss,
 []


Underfull \hbox (badness 2401) in paragraph at lines 183--191
\OT1/cmr/m/n/12 Ex-pert Sys-tems with Ap-pli-ca-tions 40 (4) (2013) 1034 -- 104
5.
 []


Overfull \hbox (69.1095pt too wide) in paragraph at lines 183--191
\OT1/cmr/m/n/12 URL \OT1/cmtt/m/n/12 http://www.sciencedirect.com/science/artic
le/pii/S0957417412010007 
 []

[54]
Underfull \hbox (badness 3792) in paragraph at lines 212--217
[]\OT1/cmr/m/n/12 D. Brauck-hoff, X. Dim-itropou-los, A. Wag-ner, K. Sala-ma-ti
an,
 []

) [55] (./extension_pampa.aux) ) 
Here is how much of TeX's memory you used:
 4082 strings out of 493304
 60712 string characters out of 6139870
 127975 words of memory out of 5000000
 7416 multiletter control sequences out of 15000+600000
 13101 words of font info for 50 fonts, out of 8000000 for 9000
 957 hyphenation exceptions out of 8191
 38i,10n,47p,889b,328s stack positions out of 5000i,500n,10000p,200000b,80000s
</usr/share/texlive/texmf-dist/fonts/type1/publ
ic/amsfonts/cm/cmbx12.pfb></usr/share/texlive/texmf-dist/fonts/type1/public/ams
fonts/cm/cmbx8.pfb></usr/share/texlive/texmf-dist/fonts/type1/public/amsfonts/c
m/cmcsc10.pfb></usr/share/texlive/texmf-dist/fonts/type1/public/amsfonts/cm/cmm
i10.pfb></usr/share/texlive/texmf-dist/fonts/type1/public/amsfonts/cm/cmmi12.pf
b></usr/share/texlive/texmf-dist/fonts/type1/public/amsfonts/cm/cmmi6.pfb></usr
/share/texlive/texmf-dist/fonts/type1/public/amsfonts/cm/cmmi7.pfb></usr/share/
texlive/texmf-dist/fonts/type1/public/amsfonts/cm/cmmi8.pfb></usr/share/texlive
/texmf-dist/fonts/type1/public/amsfonts/cm/cmr10.pfb></usr/share/texlive/texmf-
dist/fonts/type1/public/amsfonts/cm/cmr12.pfb></usr/share/texlive/texmf-dist/fo
nts/type1/public/amsfonts/cm/cmr17.pfb></usr/share/texlive/texmf-dist/fonts/typ
e1/public/amsfonts/cm/cmr7.pfb></usr/share/texlive/texmf-dist/fonts/type1/publi
c/amsfonts/cm/cmr8.pfb></usr/share/texlive/texmf-dist/fonts/type1/public/amsfon
ts/cm/cmsy10.pfb></usr/share/texlive/texmf-dist/fonts/type1/public/amsfonts/cm/
cmsy7.pfb></usr/share/texlive/texmf-dist/fonts/type1/public/amsfonts/cm/cmsy8.p
fb></usr/share/texlive/texmf-dist/fonts/type1/public/amsfonts/cm/cmti10.pfb></u
sr/share/texlive/texmf-dist/fonts/type1/public/amsfonts/cm/cmti12.pfb></usr/sha
re/texlive/texmf-dist/fonts/type1/public/amsfonts/cm/cmti7.pfb></usr/share/texl
ive/texmf-dist/fonts/type1/public/amsfonts/cm/cmtt12.pfb>
Output written on extension_pampa.pdf (55 pages, 1108238 bytes).
PDF statistics:
 294 PDF objects out of 1000 (max. 8388607)
 185 compressed objects within 2 object streams
 0 named destinations out of 1000 (max. 500000)
 76 words of extra memory for PDF output out of 10000 (max. 10000000)

